Log file open, 03/29/20 15:54:36
LogWindows: Failed to load 'aqProf.dll' (GetLastError=126)
LogWindows: File 'aqProf.dll' does not exist
LogWindows: Failed to load 'VtuneApi.dll' (GetLastError=126)
LogWindows: File 'VtuneApi.dll' does not exist
LogWindows: Failed to load 'VtuneApi32e.dll' (GetLastError=126)
LogWindows: File 'VtuneApi32e.dll' does not exist
LogConsoleResponse: Display: Failed to find resolution value strings in scalability ini. Falling back to default.
LogInit: Display: Running engine for game: Group5_PB
LogPakFile: Registered encryption key '00000000000000000000000000000000': 0 pak files mounted, 0 remain pending
LogPlatformFile: Not using cached read wrapper
LogTaskGraph: Started task graph with 5 named threads and 11 total threads with 3 sets of task threads.
LogStats: Stats thread started at 2.711414
LogD3D11RHI: Loaded GFSDK_Aftermath_Lib.x64.dll
LogICUInternationalization: ICU TimeZone Detection - Raw Offset: -5:00, Platform Override: ''
LogPluginManager: Mounting plugin Paper2D
LogPluginManager: Mounting plugin AISupport
LogPluginManager: Mounting plugin LightPropagationVolume
LogPluginManager: Mounting plugin ActorLayerUtilities
LogPluginManager: Mounting plugin AnimationSharing
LogPluginManager: Mounting plugin CLionSourceCodeAccess
LogPluginManager: Mounting plugin CodeLiteSourceCodeAccess
LogPluginManager: Mounting plugin GitSourceControl
LogPluginManager: Mounting plugin KDevelopSourceCodeAccess
LogPluginManager: Mounting plugin NullSourceCodeAccess
LogPluginManager: Mounting plugin PerforceSourceControl
LogPluginManager: Mounting plugin SubversionSourceControl
LogPluginManager: Mounting plugin UObjectPlugin
LogPluginManager: Mounting plugin VisualStudioCodeSourceCodeAccess
LogPluginManager: Mounting plugin VisualStudioSourceCodeAccess
LogPluginManager: Mounting plugin XCodeSourceCodeAccess
LogPluginManager: Mounting plugin AssetManagerEditor
LogPluginManager: Mounting plugin CryptoKeys
LogPluginManager: Mounting plugin DataValidation
LogPluginManager: Mounting plugin FacialAnimation
LogPluginManager: Mounting plugin GameplayTagsEditor
LogPluginManager: Mounting plugin MacGraphicsSwitching
LogPluginManager: Mounting plugin MaterialAnalyzer
LogPluginManager: Mounting plugin MobileLauncherProfileWizard
LogPluginManager: Mounting plugin PluginBrowser
LogPluginManager: Mounting plugin SpeedTreeImporter
LogPluginManager: Mounting plugin DatasmithContent
LogPluginManager: Mounting plugin VariantManagerContent
LogPluginManager: Mounting plugin AlembicImporter
LogPluginManager: Mounting plugin AppleImageUtils
LogPluginManager: Mounting plugin AppleVision
LogPluginManager: Mounting plugin BackChannel
LogPluginManager: Mounting plugin CharacterAI
LogPluginManager: Mounting plugin GeometryCache
LogPluginManager: Mounting plugin HTML5Networking
LogPluginManager: Mounting plugin ProxyLODPlugin
LogPluginManager: Mounting plugin SkeletalReduction
LogPluginManager: Mounting plugin MagicLeap
LogPluginManager: Mounting plugin MagicLeapMedia
LogPluginManager: Mounting plugin AndroidMedia
LogPluginManager: Mounting plugin AvfMedia
LogPluginManager: Mounting plugin ImgMedia
LogPluginManager: Mounting plugin LinearTimecode
LogPluginManager: Mounting plugin MediaCompositing
LogPluginManager: Mounting plugin MediaPlayerEditor
LogPluginManager: Mounting plugin WebMMedia
LogPluginManager: Mounting plugin WmfMedia
LogPluginManager: Mounting plugin TcpMessaging
LogPluginManager: Mounting plugin UdpMessaging
LogPluginManager: Mounting plugin ActorSequence
LogPluginManager: Mounting plugin LevelSequenceEditor
LogPluginManager: Mounting plugin MatineeToLevelSequence
LogPluginManager: Mounting plugin NetcodeUnitTest
LogPluginManager: Mounting plugin NUTUnrealEngine4
LogPluginManager: Mounting plugin OnlineSubsystemGooglePlay
LogPluginManager: Mounting plugin OnlineSubsystemIOS
LogPluginManager: Mounting plugin OnlineSubsystem
LogPluginManager: Mounting plugin OnlineSubsystemNull
LogPluginManager: Mounting plugin OnlineSubsystemUtils
LogPluginManager: Mounting plugin LauncherChunkInstaller
LogPluginManager: Mounting plugin AndroidDeviceProfileSelector
LogPluginManager: Mounting plugin AndroidMoviePlayer
LogPluginManager: Mounting plugin AndroidPermission
LogPluginManager: Mounting plugin ApexDestruction
LogPluginManager: Mounting plugin AppleMoviePlayer
LogPluginManager: Mounting plugin ArchVisCharacter
LogPluginManager: Mounting plugin AudioCapture
LogPluginManager: Mounting plugin CableComponent
LogPluginManager: Mounting plugin CustomMeshComponent
LogPluginManager: Mounting plugin EditableMesh
LogPluginManager: Mounting plugin ExampleDeviceProfileSelector
LogPluginManager: Mounting plugin Firebase
LogPluginManager: Mounting plugin GoogleCloudMessaging
LogPluginManager: Mounting plugin IOSDeviceProfileSelector
LogPluginManager: Mounting plugin LinuxDeviceProfileSelector
LogPluginManager: Mounting plugin LocationServicesBPLibrary
LogPluginManager: Mounting plugin MobilePatchingUtils
LogPluginManager: Mounting plugin OculusVR
LogPluginManager: Mounting plugin PhysXVehicles
LogPluginManager: Mounting plugin ProceduralMeshComponent
LogPluginManager: Mounting plugin RuntimePhysXCooking
LogPluginManager: Mounting plugin SignificanceManager
LogPluginManager: Mounting plugin SteamVR
LogPluginManager: Mounting plugin WebMMoviePlayer
LogPluginManager: Mounting plugin WindowsMoviePlayer
LogInit: Using libcurl 7.55.1-DEV
LogInit:  - built for x86_64-pc-win32
LogInit:  - supports SSL with OpenSSL/1.1.1
LogInit:  - supports HTTP deflate (compression) using libz 1.2.8
LogInit:  - other features:
LogInit:      CURL_VERSION_SSL
LogInit:      CURL_VERSION_LIBZ
LogInit:      CURL_VERSION_IPV6
LogInit:      CURL_VERSION_ASYNCHDNS
LogInit:      CURL_VERSION_LARGEFILE
LogInit:      CURL_VERSION_IDN
LogInit:  CurlRequestOptions (configurable via config and command line):
LogInit:  - bVerifyPeer = true  - Libcurl will verify peer certificate
LogInit:  - bUseHttpProxy = false  - Libcurl will NOT use HTTP proxy
LogInit:  - bDontReuseConnections = false  - Libcurl will reuse connections
LogInit:  - MaxHostConnections = 16  - Libcurl will limit the number of connections to a host
LogInit:  - LocalHostAddr = Default
LogInit:  - BufferSize = 65536
LogInit: WinSock: version 1.1 (2.2), MaxSocks=32767, MaxUdp=65467
LogInit: Build: ++UE4+Release-4.22-CL-7053642
LogInit: Engine Version: 4.22.3-7053642+++UE4+Release-4.22
LogInit: Compatible Engine Version: 4.22.0-5660361+++UE4+Release-4.22
LogInit: Net CL: 5660361
LogInit: OS: Windows 10 (Release 1909) (), CPU: AMD Athlon(tm) X4 880K Quad Core Processor     , GPU: NVIDIA GeForce GTX 1060 6GB
LogInit: Compiled (64-bit): Jun 18 2019 03:09:11
LogInit: Compiled with Visual C++: 19.16.27025.01
LogInit: Build Configuration: Development
LogInit: Branch Name: ++UE4+Release-4.22
LogInit: Command Line: 
LogInit: Base Directory: C:/Program Files/Epic Games/UE_4.22/Engine/Binaries/Win64/
LogInit: Installed Engine Build: 1
LogDevObjectVersion: Number of dev versions registered: 23
LogDevObjectVersion:   Dev-Blueprints (B0D832E4-1F89-4F0D-ACCF-7EB736FD4AA2): 10
LogDevObjectVersion:   Dev-Build (E1C64328-A22C-4D53-A36C-8E866417BD8C): 0
LogDevObjectVersion:   Dev-Core (375EC13C-06E4-48FB-B500-84F0262A717E): 3
LogDevObjectVersion:   Dev-Editor (E4B068ED-F494-42E9-A231-DA0B2E46BB41): 30
LogDevObjectVersion:   Dev-Framework (CFFC743F-43B0-4480-9391-14DF171D2073): 35
LogDevObjectVersion:   Dev-Mobile (B02B49B5-BB20-44E9-A304-32B752E40360): 2
LogDevObjectVersion:   Dev-Networking (A4E4105C-59A1-49B5-A7C5-40C4547EDFEE): 0
LogDevObjectVersion:   Dev-Online (39C831C9-5AE6-47DC-9A44-9C173E1C8E7C): 0
LogDevObjectVersion:   Dev-Physics (78F01B33-EBEA-4F98-B9B4-84EACCB95AA2): 0
LogDevObjectVersion:   Dev-Platform (6631380F-2D4D-43E0-8009-CF276956A95A): 0
LogDevObjectVersion:   Dev-Rendering (12F88B9F-8875-4AFC-A67C-D90C383ABD29): 28
LogDevObjectVersion:   Dev-Sequencer (7B5AE74C-D270-4C10-A958-57980B212A5A): 11
LogDevObjectVersion:   Dev-VR (D7296918-1DD6-4BDD-9DE2-64A83CC13884): 2
LogDevObjectVersion:   Dev-LoadTimes (C2A15278-BFE7-4AFE-6C17-90FF531DF755): 1
LogDevObjectVersion:   Private-Geometry (6EACA3D4-40EC-4CC1-B786-8BED09428FC5): 3
LogDevObjectVersion:   Dev-AnimPhys (29E575DD-E0A3-4627-9D10-D276232CDCEA): 17
LogDevObjectVersion:   Dev-Anim (AF43A65D-7FD3-4947-9873-3E8ED9C1BB05): 2
LogDevObjectVersion:   Dev-ReflectionCapture (6B266CEC-1EC7-4B8F-A30B-E4D90942FC07): 1
LogDevObjectVersion:   Dev-Automation (0DF73D61-A23F-47EA-B727-89E90C41499A): 1
LogDevObjectVersion:   FortniteMain (601D1886-AC64-4F84-AA16-D3DE0DEAC7D6): 25
LogDevObjectVersion:   Dev-Enterprise (9DFFBCD6-494F-0158-E221-12823C92A888): 6
LogDevObjectVersion:   Dev-Niagara (F2AED0AC-9AFE-416F-8664-AA7FFA26D6FC): 1
LogDevObjectVersion:   Dev-Destruction (174F1F0B-B4C6-45A5-B13F-2EE8D0FB917D): 2
LogInit: Presizing for max 16777216 objects, including 0 objects not considered by GC, pre-allocating 0 bytes for permanent pool.
LogInit: Object subsystem initialized
LogConfig: Setting CVar [[con.DebugEarlyDefault:1]]
LogConfig: Setting CVar [[r.setres:1280x720]]
[2020.03.29-19.54.39:633][  0]LogConfig: Setting CVar [[r.VSync:0]]
[2020.03.29-19.54.39:633][  0]LogConfig: Setting CVar [[r.RHICmdBypass:0]]
[2020.03.29-19.54.39:633][  0]LogConfig: Applying CVar settings from Section [/Script/Engine.RendererSettings] File [C:/Users/willi/git/Space-Dungeon/Group5_PB/Saved/Config/Windows/Engine.ini]
[2020.03.29-19.54.39:633][  0]LogConfig: Setting CVar [[r.GPUCrashDebugging:0]]
[2020.03.29-19.54.39:633][  0]LogConfig: Setting CVar [[r.DefaultFeature.AutoExposure.ExtendDefaultLuminanceRange:1]]
[2020.03.29-19.54.39:633][  0]LogConfig: Setting CVar [[r.DefaultFeature.AutoExposure:0]]
[2020.03.29-19.54.39:633][  0]LogConfig: Applying CVar settings from Section [/Script/Engine.RendererOverrideSettings] File [C:/Users/willi/git/Space-Dungeon/Group5_PB/Saved/Config/Windows/Engine.ini]
[2020.03.29-19.54.39:633][  0]LogConfig: Applying CVar settings from Section [/Script/Engine.StreamingSettings] File [C:/Users/willi/git/Space-Dungeon/Group5_PB/Saved/Config/Windows/Engine.ini]
[2020.03.29-19.54.39:633][  0]LogConfig: Setting CVar [[s.MinBulkDataSizeForAsyncLoading:131072]]
[2020.03.29-19.54.39:633][  0]LogConfig: Setting CVar [[s.AsyncLoadingThreadEnabled:0]]
[2020.03.29-19.54.39:633][  0]LogConfig: Setting CVar [[s.EventDrivenLoaderEnabled:1]]
[2020.03.29-19.54.39:633][  0]LogConfig: Setting CVar [[s.WarnIfTimeLimitExceeded:0]]
[2020.03.29-19.54.39:633][  0]LogConfig: Setting CVar [[s.TimeLimitExceededMultiplier:1.5]]
[2020.03.29-19.54.39:633][  0]LogConfig: Setting CVar [[s.TimeLimitExceededMinTime:0.005]]
[2020.03.29-19.54.39:633][  0]LogConfig: Setting CVar [[s.UseBackgroundLevelStreaming:1]]
[2020.03.29-19.54.39:633][  0]LogConfig: Setting CVar [[s.PriorityAsyncLoadingExtraTime:15.0]]
[2020.03.29-19.54.39:633][  0]LogConfig: Setting CVar [[s.LevelStreamingActorsUpdateTimeLimit:5.0]]
[2020.03.29-19.54.39:633][  0]LogConfig: Setting CVar [[s.PriorityLevelStreamingActorsUpdateExtraTime:5.0]]
[2020.03.29-19.54.39:633][  0]LogConfig: Setting CVar [[s.LevelStreamingComponentsRegistrationGranularity:10]]
[2020.03.29-19.54.39:633][  0]LogConfig: Setting CVar [[s.UnregisterComponentsTimeLimit:1.0]]
[2020.03.29-19.54.39:633][  0]LogConfig: Setting CVar [[s.LevelStreamingComponentsUnregistrationGranularity:5]]
[2020.03.29-19.54.39:634][  0]LogConfig: Applying CVar settings from Section [/Script/Engine.GarbageCollectionSettings] File [C:/Users/willi/git/Space-Dungeon/Group5_PB/Saved/Config/Windows/Engine.ini]
[2020.03.29-19.54.39:634][  0]LogConfig: Setting CVar [[gc.MaxObjectsNotConsideredByGC:1]]
[2020.03.29-19.54.39:634][  0]LogConfig: Setting CVar [[gc.SizeOfPermanentObjectPool:0]]
[2020.03.29-19.54.39:634][  0]LogConfig: Setting CVar [[gc.FlushStreamingOnGC:0]]
[2020.03.29-19.54.39:634][  0]LogConfig: Setting CVar [[gc.NumRetriesBeforeForcingGC:10]]
[2020.03.29-19.54.39:634][  0]LogConfig: Setting CVar [[gc.AllowParallelGC:1]]
[2020.03.29-19.54.39:634][  0]LogConfig: Setting CVar [[gc.TimeBetweenPurgingPendingKillObjects:61.1]]
[2020.03.29-19.54.39:634][  0]LogConfig: Setting CVar [[gc.MaxObjectsInEditor:16777216]]
[2020.03.29-19.54.39:634][  0]LogConfig: Setting CVar [[gc.IncrementalBeginDestroyEnabled:1]]
[2020.03.29-19.54.39:634][  0]LogConfig: Setting CVar [[gc.CreateGCClusters:1]]
[2020.03.29-19.54.39:634][  0]LogConfig: Setting CVar [[gc.MinGCClusterSize:5]]
[2020.03.29-19.54.39:634][  0]LogConfig: Setting CVar [[gc.ActorClusteringEnabled:0]]
[2020.03.29-19.54.39:634][  0]LogConfig: Setting CVar [[gc.BlueprintClusteringEnabled:0]]
[2020.03.29-19.54.39:634][  0]LogConfig: Setting CVar [[gc.UseDisregardForGCOnDedicatedServers:0]]
[2020.03.29-19.54.39:634][  0]LogConfig: Applying CVar settings from Section [/Script/Engine.NetworkSettings] File [C:/Users/willi/git/Space-Dungeon/Group5_PB/Saved/Config/Windows/Engine.ini]
[2020.03.29-19.54.39:634][  0]LogConfig: Applying CVar settings from Section [/Script/UnrealEd.CookerSettings] File [C:/Users/willi/git/Space-Dungeon/Group5_PB/Saved/Config/Windows/Engine.ini]
[2020.03.29-19.54.39:664][  0]LogConfig: Applying CVar settings from Section [ViewDistanceQuality@3] File [C:/Users/willi/git/Space-Dungeon/Group5_PB/Saved/Config/Windows/Scalability.ini]
[2020.03.29-19.54.39:664][  0]LogConfig: Setting CVar [[r.SkeletalMeshLODBias:0]]
[2020.03.29-19.54.39:664][  0]LogConfig: Setting CVar [[r.ViewDistanceScale:1.0]]
[2020.03.29-19.54.39:664][  0]LogConfig: Applying CVar settings from Section [AntiAliasingQuality@3] File [C:/Users/willi/git/Space-Dungeon/Group5_PB/Saved/Config/Windows/Scalability.ini]
[2020.03.29-19.54.39:664][  0]LogConfig: Setting CVar [[r.PostProcessAAQuality:4]]
[2020.03.29-19.54.39:664][  0]LogConfig: Applying CVar settings from Section [ShadowQuality@3] File [C:/Users/willi/git/Space-Dungeon/Group5_PB/Saved/Config/Windows/Scalability.ini]
[2020.03.29-19.54.39:664][  0]LogConfig: Setting CVar [[r.LightFunctionQuality:1]]
[2020.03.29-19.54.39:665][  0]LogConfig: Setting CVar [[r.ShadowQuality:5]]
[2020.03.29-19.54.39:665][  0]LogConfig: Setting CVar [[r.Shadow.CSM.MaxCascades:10]]
[2020.03.29-19.54.39:665][  0]LogConfig: Setting CVar [[r.Shadow.MaxResolution:2048]]
[2020.03.29-19.54.39:665][  0]LogConfig: Setting CVar [[r.Shadow.MaxCSMResolution:2048]]
[2020.03.29-19.54.39:665][  0]LogConfig: Setting CVar [[r.Shadow.RadiusThreshold:0.01]]
[2020.03.29-19.54.39:665][  0]LogConfig: Setting CVar [[r.Shadow.DistanceScale:1.0]]
[2020.03.29-19.54.39:665][  0]LogConfig: Setting CVar [[r.Shadow.CSM.TransitionScale:1.0]]
[2020.03.29-19.54.39:665][  0]LogConfig: Setting CVar [[r.Shadow.PreShadowResolutionFactor:1.0]]
[2020.03.29-19.54.39:665][  0]LogConfig: Setting CVar [[r.DistanceFieldShadowing:1]]
[2020.03.29-19.54.39:665][  0]LogConfig: Setting CVar [[r.DistanceFieldAO:1]]
[2020.03.29-19.54.39:665][  0]LogConfig: Setting CVar [[r.AOQuality:2]]
[2020.03.29-19.54.39:665][  0]LogConfig: Setting CVar [[r.VolumetricFog:1]]
[2020.03.29-19.54.39:665][  0]LogConfig: Setting CVar [[r.VolumetricFog.GridPixelSize:8]]
[2020.03.29-19.54.39:665][  0]LogConfig: Setting CVar [[r.VolumetricFog.GridSizeZ:128]]
[2020.03.29-19.54.39:665][  0]LogConfig: Setting CVar [[r.VolumetricFog.HistoryMissSupersampleCount:4]]
[2020.03.29-19.54.39:665][  0]LogConfig: Setting CVar [[r.LightMaxDrawDistanceScale:1]]
[2020.03.29-19.54.39:665][  0]LogConfig: Setting CVar [[r.CapsuleShadows:1]]
[2020.03.29-19.54.39:665][  0]LogConfig: Applying CVar settings from Section [PostProcessQuality@3] File [C:/Users/willi/git/Space-Dungeon/Group5_PB/Saved/Config/Windows/Scalability.ini]
[2020.03.29-19.54.39:665][  0]LogConfig: Setting CVar [[r.MotionBlurQuality:4]]
[2020.03.29-19.54.39:665][  0]LogConfig: Setting CVar [[r.AmbientOcclusionMipLevelFactor:0.4]]
[2020.03.29-19.54.39:665][  0]LogConfig: Setting CVar [[r.AmbientOcclusionMaxQuality:100]]
[2020.03.29-19.54.39:665][  0]LogConfig: Setting CVar [[r.AmbientOcclusionLevels:-1]]
[2020.03.29-19.54.39:665][  0]LogConfig: Setting CVar [[r.AmbientOcclusionRadiusScale:1.0]]
[2020.03.29-19.54.39:665][  0]LogConfig: Setting CVar [[r.DepthOfFieldQuality:2]]
[2020.03.29-19.54.39:665][  0]LogConfig: Setting CVar [[r.RenderTargetPoolMin:400]]
[2020.03.29-19.54.39:665][  0]LogConfig: Setting CVar [[r.LensFlareQuality:2]]
[2020.03.29-19.54.39:665][  0]LogConfig: Setting CVar [[r.SceneColorFringeQuality:1]]
[2020.03.29-19.54.39:665][  0]LogConfig: Setting CVar [[r.EyeAdaptationQuality:2]]
[2020.03.29-19.54.39:665][  0]LogConfig: Setting CVar [[r.BloomQuality:5]]
[2020.03.29-19.54.39:665][  0]LogConfig: Setting CVar [[r.FastBlurThreshold:100]]
[2020.03.29-19.54.39:665][  0]LogConfig: Setting CVar [[r.Upscale.Quality:3]]
[2020.03.29-19.54.39:665][  0]LogConfig: Setting CVar [[r.Tonemapper.GrainQuantization:1]]
[2020.03.29-19.54.39:665][  0]LogConfig: Setting CVar [[r.LightShaftQuality:1]]
[2020.03.29-19.54.39:665][  0]LogConfig: Setting CVar [[r.Filter.SizeScale:1]]
[2020.03.29-19.54.39:665][  0]LogConfig: Setting CVar [[r.Tonemapper.Quality:5]]
[2020.03.29-19.54.39:665][  0]LogConfig: Setting CVar [[r.DOF.Gather.AccumulatorQuality:1        ; higher gathering accumulator quality]]
[2020.03.29-19.54.39:665][  0]LogConfig: Setting CVar [[r.DOF.Gather.PostfilterMethod:1          ; Median3x3 postfilering method]]
[2020.03.29-19.54.39:665][  0]LogConfig: Setting CVar [[r.DOF.Gather.EnableBokehSettings:0       ; no bokeh simulation when gathering]]
[2020.03.29-19.54.39:665][  0]LogConfig: Setting CVar [[r.DOF.Gather.RingCount:4                 ; medium number of samples when gathering]]
[2020.03.29-19.54.39:665][  0]LogConfig: Setting CVar [[r.DOF.Scatter.ForegroundCompositing:1    ; additive foreground scattering]]
[2020.03.29-19.54.39:665][  0]LogConfig: Setting CVar [[r.DOF.Scatter.BackgroundCompositing:2    ; additive background scattering]]
[2020.03.29-19.54.39:665][  0]LogConfig: Setting CVar [[r.DOF.Scatter.EnableBokehSettings:1      ; bokeh simulation when scattering]]
[2020.03.29-19.54.39:665][  0]LogConfig: Setting CVar [[r.DOF.Scatter.MaxSpriteRatio:0.1         ; only a maximum of 10% of scattered bokeh]]
[2020.03.29-19.54.39:665][  0]LogConfig: Setting CVar [[r.DOF.Recombine.Quality:1                ; cheap slight out of focus]]
[2020.03.29-19.54.39:665][  0]LogConfig: Setting CVar [[r.DOF.Recombine.EnableBokehSettings:0    ; no bokeh simulation on slight out of focus]]
[2020.03.29-19.54.39:665][  0]LogConfig: Setting CVar [[r.DOF.TemporalAAQuality:1                ; more stable temporal accumulation]]
[2020.03.29-19.54.39:665][  0]LogConfig: Setting CVar [[r.DOF.Kernel.MaxForegroundRadius:0.025]]
[2020.03.29-19.54.39:665][  0]LogConfig: Setting CVar [[r.DOF.Kernel.MaxBackgroundRadius:0.025]]
[2020.03.29-19.54.39:666][  0]LogConfig: Applying CVar settings from Section [TextureQuality@3] File [C:/Users/willi/git/Space-Dungeon/Group5_PB/Saved/Config/Windows/Scalability.ini]
[2020.03.29-19.54.39:666][  0]LogConfig: Setting CVar [[r.Streaming.MipBias:0]]
[2020.03.29-19.54.39:666][  0]LogConfig: Setting CVar [[r.Streaming.AmortizeCPUToGPUCopy:0]]
[2020.03.29-19.54.39:666][  0]LogConfig: Setting CVar [[r.Streaming.MaxNumTexturesToStreamPerFrame:0]]
[2020.03.29-19.54.39:666][  0]LogConfig: Setting CVar [[r.Streaming.Boost:1]]
[2020.03.29-19.54.39:666][  0]LogConfig: Setting CVar [[r.MaxAnisotropy:8]]
[2020.03.29-19.54.39:666][  0]LogConfig: Setting CVar [[r.Streaming.LimitPoolSizeToVRAM:0]]
[2020.03.29-19.54.39:666][  0]LogConfig: Setting CVar [[r.Streaming.PoolSize:1000]]
[2020.03.29-19.54.39:666][  0]LogConfig: Setting CVar [[r.Streaming.MaxEffectiveScreenSize:0]]
[2020.03.29-19.54.39:666][  0]LogConfig: Applying CVar settings from Section [EffectsQuality@3] File [C:/Users/willi/git/Space-Dungeon/Group5_PB/Saved/Config/Windows/Scalability.ini]
[2020.03.29-19.54.39:666][  0]LogConfig: Setting CVar [[r.TranslucencyLightingVolumeDim:64]]
[2020.03.29-19.54.39:666][  0]LogConfig: Setting CVar [[r.RefractionQuality:2]]
[2020.03.29-19.54.39:666][  0]LogConfig: Setting CVar [[r.SSR.Quality:3]]
[2020.03.29-19.54.39:666][  0]LogConfig: Setting CVar [[r.SceneColorFormat:4]]
[2020.03.29-19.54.39:666][  0]LogConfig: Setting CVar [[r.DetailMode:2]]
[2020.03.29-19.54.39:666][  0]LogConfig: Setting CVar [[r.TranslucencyVolumeBlur:1]]
[2020.03.29-19.54.39:666][  0]LogConfig: Setting CVar [[r.MaterialQualityLevel:1 ; High quality]]
[2020.03.29-19.54.39:666][  0]LogConfig: Setting CVar [[r.SSS.Scale:1]]
[2020.03.29-19.54.39:666][  0]LogConfig: Setting CVar [[r.SSS.SampleSet:2]]
[2020.03.29-19.54.39:666][  0]LogConfig: Setting CVar [[r.SSS.Quality:1]]
[2020.03.29-19.54.39:666][  0]LogConfig: Setting CVar [[r.SSS.HalfRes:1]]
[2020.03.29-19.54.39:666][  0]LogConfig: Setting CVar [[r.EmitterSpawnRateScale:1.0]]
[2020.03.29-19.54.39:666][  0]LogConfig: Setting CVar [[r.ParticleLightQuality:2]]
[2020.03.29-19.54.39:666][  0]LogConfig: Applying CVar settings from Section [FoliageQuality@3] File [C:/Users/willi/git/Space-Dungeon/Group5_PB/Saved/Config/Windows/Scalability.ini]
[2020.03.29-19.54.39:666][  0]LogConfig: Setting CVar [[foliage.DensityScale:1.0]]
[2020.03.29-19.54.39:666][  0]LogConfig: Setting CVar [[grass.DensityScale:1.0]]
[2020.03.29-19.54.39:675][  0]LogInit: Selected Device Profile: [Windows]
[2020.03.29-19.54.39:675][  0]LogInit: Applying CVar settings loaded from the selected device profile: [Windows]
[2020.03.29-19.54.39:700][  0]LogHAL: Display: Platform has ~ 32 GB [34299887616 / 34359738368 / 32], which maps to Largest [LargestMinGB=32, LargerMinGB=12, DefaultMinGB=8, SmallerMinGB=6, SmallestMinGB=0)
[2020.03.29-19.54.39:701][  0]LogConfig: Setting CVar [[r.Vulkan.UseRealUBs:0		; Required until we fix HLR fall-out]]
[2020.03.29-19.54.39:701][  0]LogInit: Going up to parent DeviceProfile []
[2020.03.29-19.54.39:701][  0]LogConfig: Applying CVar settings from Section [ViewDistanceQuality@3] File [C:/Users/willi/git/Space-Dungeon/Group5_PB/Saved/Config/Windows/Scalability.ini]
[2020.03.29-19.54.39:701][  0]LogConfig: Setting CVar [[r.SkeletalMeshLODBias:0]]
[2020.03.29-19.54.39:701][  0]LogConfig: Setting CVar [[r.ViewDistanceScale:1.0]]
[2020.03.29-19.54.39:701][  0]LogConfig: Applying CVar settings from Section [AntiAliasingQuality@3] File [C:/Users/willi/git/Space-Dungeon/Group5_PB/Saved/Config/Windows/Scalability.ini]
[2020.03.29-19.54.39:701][  0]LogConfig: Setting CVar [[r.PostProcessAAQuality:4]]
[2020.03.29-19.54.39:701][  0]LogConfig: Applying CVar settings from Section [ShadowQuality@3] File [C:/Users/willi/git/Space-Dungeon/Group5_PB/Saved/Config/Windows/Scalability.ini]
[2020.03.29-19.54.39:701][  0]LogConfig: Setting CVar [[r.LightFunctionQuality:1]]
[2020.03.29-19.54.39:701][  0]LogConfig: Setting CVar [[r.ShadowQuality:5]]
[2020.03.29-19.54.39:701][  0]LogConfig: Setting CVar [[r.Shadow.CSM.MaxCascades:10]]
[2020.03.29-19.54.39:701][  0]LogConfig: Setting CVar [[r.Shadow.MaxResolution:2048]]
[2020.03.29-19.54.39:701][  0]LogConfig: Setting CVar [[r.Shadow.MaxCSMResolution:2048]]
[2020.03.29-19.54.39:701][  0]LogConfig: Setting CVar [[r.Shadow.RadiusThreshold:0.01]]
[2020.03.29-19.54.39:701][  0]LogConfig: Setting CVar [[r.Shadow.DistanceScale:1.0]]
[2020.03.29-19.54.39:701][  0]LogConfig: Setting CVar [[r.Shadow.CSM.TransitionScale:1.0]]
[2020.03.29-19.54.39:701][  0]LogConfig: Setting CVar [[r.Shadow.PreShadowResolutionFactor:1.0]]
[2020.03.29-19.54.39:701][  0]LogConfig: Setting CVar [[r.DistanceFieldShadowing:1]]
[2020.03.29-19.54.39:701][  0]LogConfig: Setting CVar [[r.DistanceFieldAO:1]]
[2020.03.29-19.54.39:701][  0]LogConfig: Setting CVar [[r.AOQuality:2]]
[2020.03.29-19.54.39:701][  0]LogConfig: Setting CVar [[r.VolumetricFog:1]]
[2020.03.29-19.54.39:701][  0]LogConfig: Setting CVar [[r.VolumetricFog.GridPixelSize:8]]
[2020.03.29-19.54.39:701][  0]LogConfig: Setting CVar [[r.VolumetricFog.GridSizeZ:128]]
[2020.03.29-19.54.39:701][  0]LogConfig: Setting CVar [[r.VolumetricFog.HistoryMissSupersampleCount:4]]
[2020.03.29-19.54.39:701][  0]LogConfig: Setting CVar [[r.LightMaxDrawDistanceScale:1]]
[2020.03.29-19.54.39:701][  0]LogConfig: Setting CVar [[r.CapsuleShadows:1]]
[2020.03.29-19.54.39:701][  0]LogConfig: Applying CVar settings from Section [PostProcessQuality@3] File [C:/Users/willi/git/Space-Dungeon/Group5_PB/Saved/Config/Windows/Scalability.ini]
[2020.03.29-19.54.39:701][  0]LogConfig: Setting CVar [[r.MotionBlurQuality:4]]
[2020.03.29-19.54.39:701][  0]LogConfig: Setting CVar [[r.AmbientOcclusionMipLevelFactor:0.4]]
[2020.03.29-19.54.39:701][  0]LogConfig: Setting CVar [[r.AmbientOcclusionMaxQuality:100]]
[2020.03.29-19.54.39:701][  0]LogConfig: Setting CVar [[r.AmbientOcclusionLevels:-1]]
[2020.03.29-19.54.39:701][  0]LogConfig: Setting CVar [[r.AmbientOcclusionRadiusScale:1.0]]
[2020.03.29-19.54.39:701][  0]LogConfig: Setting CVar [[r.DepthOfFieldQuality:2]]
[2020.03.29-19.54.39:701][  0]LogConfig: Setting CVar [[r.RenderTargetPoolMin:400]]
[2020.03.29-19.54.39:701][  0]LogConfig: Setting CVar [[r.LensFlareQuality:2]]
[2020.03.29-19.54.39:701][  0]LogConfig: Setting CVar [[r.SceneColorFringeQuality:1]]
[2020.03.29-19.54.39:701][  0]LogConfig: Setting CVar [[r.EyeAdaptationQuality:2]]
[2020.03.29-19.54.39:701][  0]LogConfig: Setting CVar [[r.BloomQuality:5]]
[2020.03.29-19.54.39:701][  0]LogConfig: Setting CVar [[r.FastBlurThreshold:100]]
[2020.03.29-19.54.39:701][  0]LogConfig: Setting CVar [[r.Upscale.Quality:3]]
[2020.03.29-19.54.39:701][  0]LogConfig: Setting CVar [[r.Tonemapper.GrainQuantization:1]]
[2020.03.29-19.54.39:702][  0]LogConfig: Setting CVar [[r.LightShaftQuality:1]]
[2020.03.29-19.54.39:702][  0]LogConfig: Setting CVar [[r.Filter.SizeScale:1]]
[2020.03.29-19.54.39:702][  0]LogConfig: Setting CVar [[r.Tonemapper.Quality:5]]
[2020.03.29-19.54.39:702][  0]LogConfig: Setting CVar [[r.DOF.Gather.AccumulatorQuality:1        ; higher gathering accumulator quality]]
[2020.03.29-19.54.39:702][  0]LogConfig: Setting CVar [[r.DOF.Gather.PostfilterMethod:1          ; Median3x3 postfilering method]]
[2020.03.29-19.54.39:702][  0]LogConfig: Setting CVar [[r.DOF.Gather.EnableBokehSettings:0       ; no bokeh simulation when gathering]]
[2020.03.29-19.54.39:702][  0]LogConfig: Setting CVar [[r.DOF.Gather.RingCount:4                 ; medium number of samples when gathering]]
[2020.03.29-19.54.39:702][  0]LogConfig: Setting CVar [[r.DOF.Scatter.ForegroundCompositing:1    ; additive foreground scattering]]
[2020.03.29-19.54.39:702][  0]LogConfig: Setting CVar [[r.DOF.Scatter.BackgroundCompositing:2    ; additive background scattering]]
[2020.03.29-19.54.39:702][  0]LogConfig: Setting CVar [[r.DOF.Scatter.EnableBokehSettings:1      ; bokeh simulation when scattering]]
[2020.03.29-19.54.39:702][  0]LogConfig: Setting CVar [[r.DOF.Scatter.MaxSpriteRatio:0.1         ; only a maximum of 10% of scattered bokeh]]
[2020.03.29-19.54.39:702][  0]LogConfig: Setting CVar [[r.DOF.Recombine.Quality:1                ; cheap slight out of focus]]
[2020.03.29-19.54.39:702][  0]LogConfig: Setting CVar [[r.DOF.Recombine.EnableBokehSettings:0    ; no bokeh simulation on slight out of focus]]
[2020.03.29-19.54.39:702][  0]LogConfig: Setting CVar [[r.DOF.TemporalAAQuality:1                ; more stable temporal accumulation]]
[2020.03.29-19.54.39:702][  0]LogConfig: Setting CVar [[r.DOF.Kernel.MaxForegroundRadius:0.025]]
[2020.03.29-19.54.39:702][  0]LogConfig: Setting CVar [[r.DOF.Kernel.MaxBackgroundRadius:0.025]]
[2020.03.29-19.54.39:702][  0]LogConfig: Applying CVar settings from Section [TextureQuality@3] File [C:/Users/willi/git/Space-Dungeon/Group5_PB/Saved/Config/Windows/Scalability.ini]
[2020.03.29-19.54.39:702][  0]LogConfig: Setting CVar [[r.Streaming.MipBias:0]]
[2020.03.29-19.54.39:702][  0]LogConfig: Setting CVar [[r.Streaming.AmortizeCPUToGPUCopy:0]]
[2020.03.29-19.54.39:702][  0]LogConfig: Setting CVar [[r.Streaming.MaxNumTexturesToStreamPerFrame:0]]
[2020.03.29-19.54.39:702][  0]LogConfig: Setting CVar [[r.Streaming.Boost:1]]
[2020.03.29-19.54.39:702][  0]LogConfig: Setting CVar [[r.MaxAnisotropy:8]]
[2020.03.29-19.54.39:702][  0]LogConfig: Setting CVar [[r.Streaming.LimitPoolSizeToVRAM:0]]
[2020.03.29-19.54.39:702][  0]LogConfig: Setting CVar [[r.Streaming.PoolSize:1000]]
[2020.03.29-19.54.39:702][  0]LogConfig: Setting CVar [[r.Streaming.MaxEffectiveScreenSize:0]]
[2020.03.29-19.54.39:702][  0]LogConfig: Applying CVar settings from Section [EffectsQuality@3] File [C:/Users/willi/git/Space-Dungeon/Group5_PB/Saved/Config/Windows/Scalability.ini]
[2020.03.29-19.54.39:702][  0]LogConfig: Setting CVar [[r.TranslucencyLightingVolumeDim:64]]
[2020.03.29-19.54.39:702][  0]LogConfig: Setting CVar [[r.RefractionQuality:2]]
[2020.03.29-19.54.39:702][  0]LogConfig: Setting CVar [[r.SSR.Quality:3]]
[2020.03.29-19.54.39:702][  0]LogConfig: Setting CVar [[r.SceneColorFormat:4]]
[2020.03.29-19.54.39:702][  0]LogConfig: Setting CVar [[r.DetailMode:2]]
[2020.03.29-19.54.39:702][  0]LogConfig: Setting CVar [[r.TranslucencyVolumeBlur:1]]
[2020.03.29-19.54.39:702][  0]LogConfig: Setting CVar [[r.MaterialQualityLevel:1 ; High quality]]
[2020.03.29-19.54.39:702][  0]LogConfig: Setting CVar [[r.SSS.Scale:1]]
[2020.03.29-19.54.39:702][  0]LogConfig: Setting CVar [[r.SSS.SampleSet:2]]
[2020.03.29-19.54.39:702][  0]LogConfig: Setting CVar [[r.SSS.Quality:1]]
[2020.03.29-19.54.39:702][  0]LogConfig: Setting CVar [[r.SSS.HalfRes:1]]
[2020.03.29-19.54.39:702][  0]LogConfig: Setting CVar [[r.EmitterSpawnRateScale:1.0]]
[2020.03.29-19.54.39:702][  0]LogConfig: Setting CVar [[r.ParticleLightQuality:2]]
[2020.03.29-19.54.39:702][  0]LogConfig: Applying CVar settings from Section [FoliageQuality@3] File [C:/Users/willi/git/Space-Dungeon/Group5_PB/Saved/Config/Windows/Scalability.ini]
[2020.03.29-19.54.39:702][  0]LogConfig: Setting CVar [[foliage.DensityScale:1.0]]
[2020.03.29-19.54.39:702][  0]LogConfig: Setting CVar [[grass.DensityScale:1.0]]
[2020.03.29-19.54.39:702][  0]LogConfig: Applying CVar settings from Section [Startup] File [../../../Engine/Config/ConsoleVariables.ini]
[2020.03.29-19.54.39:714][  0]LogConfig: Setting CVar [[net.UseAdaptiveNetUpdateFrequency:0]]
[2020.03.29-19.54.39:714][  0]LogConfig: Setting CVar [[p.chaos.AllowCreatePhysxBodies:1]]
[2020.03.29-19.54.39:714][  0]LogConfig: Applying CVar settings from Section [ConsoleVariables] File [C:/Users/willi/git/Space-Dungeon/Group5_PB/Saved/Config/Windows/Engine.ini]
[2020.03.29-19.54.39:730][  0]LogInit: Computer: DESKTOP-8RURH43
[2020.03.29-19.54.39:730][  0]LogInit: User: willi
[2020.03.29-19.54.39:730][  0]LogInit: CPU Page size=4096, Cores=2
[2020.03.29-19.54.39:730][  0]LogInit: High frequency timer resolution =10.000000 MHz
[2020.03.29-19.54.39:730][  0]LogMemory: Memory total: Physical=31.9GB (32GB approx)
[2020.03.29-19.54.39:730][  0]LogMemory: Platform Memory Stats for Windows
[2020.03.29-19.54.39:730][  0]LogMemory: Process Physical Memory: 96.37 MB used, 96.38 MB peak
[2020.03.29-19.54.39:730][  0]LogMemory: Process Virtual Memory: 83.87 MB used, 83.87 MB peak
[2020.03.29-19.54.39:730][  0]LogMemory: Physical Memory: 9261.59 MB used,  23449.33 MB free, 32710.92 MB total
[2020.03.29-19.54.39:730][  0]LogMemory: Virtual Memory: 4620.99 MB used,  134213104.00 MB free, 134217728.00 MB total
[2020.03.29-19.54.44:925][  0]LogInit: Using OS detected language (en-US).
[2020.03.29-19.54.44:925][  0]LogInit: Using OS detected locale (en-US).
[2020.03.29-19.54.44:971][  0]LogTextLocalizationManager: No specific localization for 'en-US' exists, so the 'en' localization will be used.
[2020.03.29-19.54.45:659][  0]LogInit: Setting process to per monitor DPI aware
[2020.03.29-19.54.45:953][  0]LogSlate: New Slate User Created.  User Index 0, Is Virtual User: 0
[2020.03.29-19.54.45:953][  0]LogSlate: Slate User Registered.  User Index 0, Is Virtual User: 0
[2020.03.29-19.54.48:918][  0]LogHMD: Failed to initialize OpenVR with code 110
[2020.03.29-19.54.48:918][  0]LogD3D11RHI: D3D11 adapters:
[2020.03.29-19.54.49:066][  0]LogD3D11RHI:    0. 'NVIDIA GeForce GTX 1060 6GB' (Feature Level 11_0)
[2020.03.29-19.54.49:066][  0]LogD3D11RHI:       6052/0/16355 MB DedicatedVideo/DedicatedSystem/SharedSystem, Outputs:1, VendorId:0x10de
[2020.03.29-19.54.49:075][  0]LogD3D11RHI:    1. 'Microsoft Basic Render Driver' (Feature Level 11_0)
[2020.03.29-19.54.49:075][  0]LogD3D11RHI:       0/0/16355 MB DedicatedVideo/DedicatedSystem/SharedSystem, Outputs:0, VendorId:0x1414
[2020.03.29-19.54.49:075][  0]LogD3D11RHI: Chosen D3D11 Adapter: 0
[2020.03.29-19.54.49:094][  0]LogD3D11RHI: Creating new Direct3DDevice
[2020.03.29-19.54.49:095][  0]LogD3D11RHI:     GPU DeviceId: 0x1c03 (for the marketing name, search the web for "GPU Device Id")
[2020.03.29-19.54.49:131][  0]LogWindows: EnumDisplayDevices:
[2020.03.29-19.54.49:131][  0]LogWindows:    0. 'NVIDIA GeForce GTX 1060 6GB' (P:1 D:1)
[2020.03.29-19.54.49:132][  0]LogWindows:    1. 'NVIDIA GeForce GTX 1060 6GB' (P:0 D:0)
[2020.03.29-19.54.49:133][  0]LogWindows:    2. 'NVIDIA GeForce GTX 1060 6GB' (P:0 D:0)
[2020.03.29-19.54.49:133][  0]LogWindows:    3. 'NVIDIA GeForce GTX 1060 6GB' (P:0 D:0)
[2020.03.29-19.54.49:134][  0]LogWindows: DebugString: FoundDriverCount:4 
[2020.03.29-19.54.49:134][  0]LogD3D11RHI:     Adapter Name: NVIDIA GeForce GTX 1060 6GB
[2020.03.29-19.54.49:134][  0]LogD3D11RHI:   Driver Version: 442.59 (internal:26.21.14.4259, unified:442.59)
[2020.03.29-19.54.49:134][  0]LogD3D11RHI:      Driver Date: 3-4-2020
[2020.03.29-19.54.49:134][  0]LogRHI: Texture pool is 4236 MB (70% of 6052 MB)
[2020.03.29-19.54.49:247][  0]LogD3D11RHI: Async texture creation enabled
[2020.03.29-19.54.49:337][  0]LogRendererCore: FGlobalReadBuffer::InitRHI
[2020.03.29-19.54.49:356][  0]LogRendererCore: FGlobalReadBuffer::InitRHI
[2020.03.29-19.54.49:356][  0]LogRendererCore: FGlobalReadBuffer::InitRHI
[2020.03.29-19.54.49:378][  0]LogD3D11RHI: GPU Timing Frequency: 1000.000000 (Debug: 2 1)
[2020.03.29-19.54.49:408][  0]LogD3D11RHI: HDR output is supported on display 0 (NvId: 0x80061085).
[2020.03.29-19.54.51:196][  0]LogTemp: Display: Module 'AllDesktopTargetPlatform' loaded TargetPlatform 'AllDesktop'
[2020.03.29-19.54.51:238][  0]LogTemp: Display: Module 'MacClientTargetPlatform' loaded TargetPlatform 'MacClient'
[2020.03.29-19.54.51:280][  0]LogTemp: Display: Module 'MacNoEditorTargetPlatform' loaded TargetPlatform 'MacNoEditor'
[2020.03.29-19.54.51:327][  0]LogTemp: Display: Module 'MacServerTargetPlatform' loaded TargetPlatform 'MacServer'
[2020.03.29-19.54.51:492][  0]LogTemp: Display: Module 'MacTargetPlatform' loaded TargetPlatform 'Mac'
[2020.03.29-19.54.51:598][  0]LogTemp: Display: Module 'WindowsClientTargetPlatform' loaded TargetPlatform 'WindowsClient'
[2020.03.29-19.54.51:649][  0]LogTemp: Display: Module 'WindowsNoEditorTargetPlatform' loaded TargetPlatform 'WindowsNoEditor'
[2020.03.29-19.54.51:706][  0]LogTemp: Display: Module 'WindowsServerTargetPlatform' loaded TargetPlatform 'WindowsServer'
[2020.03.29-19.54.51:735][  0]LogTemp: Display: Module 'WindowsTargetPlatform' loaded TargetPlatform 'Windows'
[2020.03.29-19.54.51:968][  0]LogTemp: Display: Module 'AndroidTargetPlatform' loaded TargetPlatform 'Android'
[2020.03.29-19.54.51:968][  0]LogTemp: Display: Module 'AndroidTargetPlatform' loaded TargetPlatform 'Android_ASTC'
[2020.03.29-19.54.51:968][  0]LogTemp: Display: Module 'AndroidTargetPlatform' loaded TargetPlatform 'Android_ATC'
[2020.03.29-19.54.51:968][  0]LogTemp: Display: Module 'AndroidTargetPlatform' loaded TargetPlatform 'Android_DXT'
[2020.03.29-19.54.51:968][  0]LogTemp: Display: Module 'AndroidTargetPlatform' loaded TargetPlatform 'Android_ETC1'
[2020.03.29-19.54.51:968][  0]LogTemp: Display: Module 'AndroidTargetPlatform' loaded TargetPlatform 'Android_ETC1a'
[2020.03.29-19.54.51:968][  0]LogTemp: Display: Module 'AndroidTargetPlatform' loaded TargetPlatform 'Android_ETC2'
[2020.03.29-19.54.51:968][  0]LogTemp: Display: Module 'AndroidTargetPlatform' loaded TargetPlatform 'Android_PVRTC'
[2020.03.29-19.54.51:968][  0]LogTemp: Display: Module 'AndroidTargetPlatform' loaded TargetPlatform 'AndroidClient'
[2020.03.29-19.54.51:968][  0]LogTemp: Display: Module 'AndroidTargetPlatform' loaded TargetPlatform 'Android_ASTCClient'
[2020.03.29-19.54.51:968][  0]LogTemp: Display: Module 'AndroidTargetPlatform' loaded TargetPlatform 'Android_ATCClient'
[2020.03.29-19.54.51:968][  0]LogTemp: Display: Module 'AndroidTargetPlatform' loaded TargetPlatform 'Android_DXTClient'
[2020.03.29-19.54.51:968][  0]LogTemp: Display: Module 'AndroidTargetPlatform' loaded TargetPlatform 'Android_ETC1Client'
[2020.03.29-19.54.51:968][  0]LogTemp: Display: Module 'AndroidTargetPlatform' loaded TargetPlatform 'Android_ETC1aClient'
[2020.03.29-19.54.51:968][  0]LogTemp: Display: Module 'AndroidTargetPlatform' loaded TargetPlatform 'Android_ETC2Client'
[2020.03.29-19.54.51:968][  0]LogTemp: Display: Module 'AndroidTargetPlatform' loaded TargetPlatform 'Android_PVRTCClient'
[2020.03.29-19.54.51:968][  0]LogTemp: Display: Module 'AndroidTargetPlatform' loaded TargetPlatform 'Android_Multi'
[2020.03.29-19.54.51:968][  0]LogTemp: Display: Module 'AndroidTargetPlatform' loaded TargetPlatform 'Android_MultiClient'
[2020.03.29-19.54.52:003][  0]LogTemp: Display: Module 'HTML5TargetPlatform' loaded TargetPlatform 'HTML5'
[2020.03.29-19.54.52:215][  0]LogTemp: Display: Module 'IOSTargetPlatform' loaded TargetPlatform 'IOSClient'
[2020.03.29-19.54.52:215][  0]LogTemp: Display: Module 'IOSTargetPlatform' loaded TargetPlatform 'IOS'
[2020.03.29-19.54.52:284][  0]LogTemp: Display: Module 'TVOSTargetPlatform' loaded TargetPlatform 'TVOSClient'
[2020.03.29-19.54.52:284][  0]LogTemp: Display: Module 'TVOSTargetPlatform' loaded TargetPlatform 'TVOS'
[2020.03.29-19.54.52:323][  0]LogTemp: Display: Module 'LinuxClientTargetPlatform' loaded TargetPlatform 'LinuxClient'
[2020.03.29-19.54.52:359][  0]LogTemp: Display: Module 'LinuxNoEditorTargetPlatform' loaded TargetPlatform 'LinuxNoEditor'
[2020.03.29-19.54.52:394][  0]LogTemp: Display: Module 'LinuxServerTargetPlatform' loaded TargetPlatform 'LinuxServer'
[2020.03.29-19.54.52:448][  0]LogTemp: Display: Module 'LinuxTargetPlatform' loaded TargetPlatform 'Linux'
[2020.03.29-19.54.52:554][  0]LogTemp: Display: Module 'LuminTargetPlatform' loaded TargetPlatform 'Lumin'
[2020.03.29-19.54.52:554][  0]LogTemp: Display: Module 'LuminTargetPlatform' loaded TargetPlatform 'LuminClient'
[2020.03.29-19.54.52:554][  0]LogTargetPlatformManager: Display: Building Assets For Windows
[2020.03.29-19.54.52:683][  0]LogAudioDebug: Display: Lib vorbis DLL was dynamically loaded.
[2020.03.29-19.54.53:327][  0]LogShaderCompilers: Guid format shader working directory is -12 characters bigger than the processId version (../../../../../../Users/willi/git/Space-Dungeon/Group5_PB/Intermediate/Shaders/WorkingDirectory/14172/).
[2020.03.29-19.54.53:327][  0]LogShaderCompilers: Cleaned the shader compiler working directory 'C:/Users/willi/AppData/Local/Temp/UnrealShaderWorkingDir/D4F0DDEF4901FF58B1C57DB99D646FAC/'.
[2020.03.29-19.54.53:332][  0]LogXGEController: Cleaning working directory: C:/Users/willi/AppData/Local/Temp/UnrealXGEWorkingDir/
[2020.03.29-19.54.53:332][  0]LogXGEController: Cannot use XGE Controller as Incredibuild is not installed on this machine.
[2020.03.29-19.54.53:332][  0]LogShaderCompilers: Cannot use XGE Shader Compiler as Incredibuild is not installed on this machine.
[2020.03.29-19.54.53:332][  0]LogShaderCompilers: Display: Using Local Shader Compiler.
[2020.03.29-19.54.56:668][  0]LogDerivedDataCache: Display: Max Cache Size: 512 MB
[2020.03.29-19.54.57:308][  0]LogDerivedDataCache: Loaded boot cache 0.64s 71MB C:/Users/willi/AppData/Local/UnrealEngine/4.22/DerivedDataCache/Boot.ddc.
[2020.03.29-19.54.57:308][  0]LogDerivedDataCache: Display: Loaded Boot cache: C:/Users/willi/AppData/Local/UnrealEngine/4.22/DerivedDataCache/Boot.ddc
[2020.03.29-19.54.57:309][  0]LogDerivedDataCache: FDerivedDataBackendGraph:  Pak pak cache file ../../../../../../Users/willi/git/Space-Dungeon/Group5_PB/DerivedDataCache/DDC.ddp not found, will not use a pak cache.
[2020.03.29-19.54.57:309][  0]LogDerivedDataCache: Unable to find inner node Pak for hierarchical cache Hierarchy.
[2020.03.29-19.54.57:309][  0]LogDerivedDataCache: FDerivedDataBackendGraph:  CompressedPak pak cache file ../../../../../../Users/willi/git/Space-Dungeon/Group5_PB/DerivedDataCache/Compressed.ddp not found, will not use a pak cache.
[2020.03.29-19.54.57:309][  0]LogDerivedDataCache: Unable to find inner node CompressedPak for hierarchical cache Hierarchy.
[2020.03.29-19.54.57:348][  0]LogDerivedDataCache: Display: Pak cache opened for reading ../../../Engine/DerivedDataCache/Compressed.ddp.
[2020.03.29-19.54.57:349][  0]LogDerivedDataCache: FDerivedDataBackendGraph:  EnterprisePak pak cache file ../../../Enterprise/DerivedDataCache/Compressed.ddp not found, will not use a pak cache.
[2020.03.29-19.54.57:349][  0]LogDerivedDataCache: Unable to find inner node EnterprisePak for hierarchical cache Hierarchy.
[2020.03.29-19.54.57:362][  0]LogDerivedDataCache: Using Local data cache path C:/Users/willi/AppData/Local/UnrealEngine/Common/DerivedDataCache: Writable
[2020.03.29-19.54.57:362][  0]LogDerivedDataCache: Shared data cache path not found in *engine.ini, will not use an Shared cache.
[2020.03.29-19.54.57:362][  0]LogDerivedDataCache: Unable to find inner node Shared for hierarchical cache Hierarchy.
[2020.03.29-19.54.57:400][  0]LogMaterial: Verifying Global Shaders for PCD3D_SM5
[2020.03.29-19.54.57:447][  0]LogSlate: Using FreeType 2.6.0
[2020.03.29-19.54.57:477][  0]LogSlate: SlateFontServices - WITH_FREETYPE: 1, WITH_HARFBUZZ: 1
[2020.03.29-19.55.00:532][  0]LogAssetRegistry: FAssetRegistry took 0.0487 seconds to start up
[2020.03.29-19.55.02:831][  0]LogInit: Selected Device Profile: [Windows]
[2020.03.29-19.55.04:059][  0]LogMeshReduction: Using QuadricMeshReduction for automatic static mesh reduction
[2020.03.29-19.55.04:059][  0]LogMeshReduction: Using SimplygonMeshReduction for automatic skeletal mesh reduction
[2020.03.29-19.55.04:059][  0]LogMeshReduction: Using ProxyLODMeshReduction for automatic mesh merging
[2020.03.29-19.55.04:059][  0]LogMeshReduction: No distributed automatic mesh merging module available
[2020.03.29-19.55.04:060][  0]LogMeshMerging: No distributed automatic mesh merging module available
[2020.03.29-19.55.04:401][  0]LogNetVersion: Group5_PB 1.0.0, NetCL: 5660361, EngineNetVer: 10, GameNetVer: 0 (Checksum: 573520080)
[2020.03.29-19.55.07:755][  0]LogPackageLocalizationCache: Processed 10 localized package path(s) for 1 prioritized culture(s) in 0.069857 seconds
[2020.03.29-19.55.07:785][  0]LogUObjectArray: 42205 objects as part of root set at end of initial load.
[2020.03.29-19.55.07:785][  0]LogUObjectAllocator: 7325032 out of 0 bytes used by permanent object pool.
[2020.03.29-19.55.07:785][  0]LogUObjectArray: CloseDisregardForGC: 0/0 objects in disregard for GC pool
[2020.03.29-19.55.29:534][  0]LogTcpMessaging: Initializing TcpMessaging bridge
[2020.03.29-19.55.29:570][  0]LogUdpMessaging: Initializing bridge on interface 0.0.0.0:0 to multicast group 230.0.0.1:6666.
[2020.03.29-19.55.31:169][  0]SourceControl: Source control is disabled
[2020.03.29-19.55.31:170][  0]SourceControl: Source control is disabled
[2020.03.29-19.55.31:294][  0]SourceControl: Source control is disabled
[2020.03.29-19.55.31:315][  0]SourceControl: Source control is disabled
[2020.03.29-19.55.32:902][  0]LogAndroidPermission: UAndroidPermissionCallbackProxy::GetInstance
[2020.03.29-19.55.33:780][  0]LogOcInput: OculusInput pre-init called
[2020.03.29-19.55.35:729][  0]LogEngine: Initializing Engine...
[2020.03.29-19.55.35:741][  0]LogHMD: Failed to initialize OpenVR with code 110
[2020.03.29-19.55.35:744][  0]LogStats: UGameplayTagsManager::InitializeManager -  0.001 s
[2020.03.29-19.55.36:493][  0]LogInit: Initializing FReadOnlyCVARCache
[2020.03.29-19.55.36:722][  0]LogAIModule: Creating AISystem for world Untitled
[2020.03.29-19.55.36:812][  0]LogInit: XAudio2 using 'LG HDR 4K (NVIDIA High Definition Audio)' : 2 channels at 48 kHz using 16 bits per sample (channel mask 0x3)
[2020.03.29-19.55.37:028][  0]LogInit: FAudioDevice initialized.
[2020.03.29-19.55.37:029][  0]LogNetVersion: Set ProjectVersion to 1.0.0.0. Version Checksum will be recalculated on next use.
[2020.03.29-19.55.37:190][  0]LogDerivedDataCache: Saved boot cache 0.16s 71MB C:/Users/willi/AppData/Local/UnrealEngine/4.22/DerivedDataCache/Boot.ddc.
[2020.03.29-19.55.37:196][  0]LogInit: Texture streaming: Enabled
[2020.03.29-19.55.37:422][  0]LogEngineSessionManager: EngineSessionManager initialized
[2020.03.29-19.55.37:673][  0]LogInit: Transaction tracking system initialized
[2020.03.29-19.55.37:965][  0]BlueprintLog: New page: Editor Load
[2020.03.29-19.55.39:046][  0]LocalizationService: Localization service is disabled
[2020.03.29-19.55.41:465][  0]LogFileCache: Scanning file cache for directory 'C:/Users/willi/git/Space-Dungeon/Group5_PB/Content/' took 0.02s
[2020.03.29-19.55.41:465][  0]LogCook: Display: Max memory allowance for cook 16384mb min free memory 0mb
[2020.03.29-19.55.41:465][  0]LogCook: Display: Mobile HDR setting 1
[2020.03.29-19.55.44:104][  0]SourceControl: Source control is disabled
[2020.03.29-19.55.44:112][  0]Cmd: MAP LOAD FILE="../../../../../../Users/willi/git/Space-Dungeon/Group5_PB/Content/Levels/Dungeon5_KI.umap" TEMPLATE=0 SHOWPROGRESS=1 FEATURELEVEL=3
[2020.03.29-19.55.44:124][  0]LightingResults: New page: Lighting Build
[2020.03.29-19.55.44:160][  0]MapCheck: New page: Map Check
[2020.03.29-19.55.44:160][  0]LightingResults: New page: Lighting Build
[2020.03.29-19.55.44:220][  0]LogUObjectHash: Compacting FUObjectHashTables data took   3.46ms
[2020.03.29-19.55.46:942][  0]LogAIModule: Creating AISystem for world Dungeon5_KI
[2020.03.29-19.55.47:017][  0]LogEditorServer: Finished looking for orphan Actors (0.000 secs)
[2020.03.29-19.55.47:079][  0]LogUObjectHash: Compacting FUObjectHashTables data took   5.07ms
[2020.03.29-19.55.47:091][  0]Cmd: MAP CHECKDEP NOCLEARLOG
[2020.03.29-19.55.47:092][  0]MapCheck: Map check complete: 0 Error(s), 0 Warning(s), took 0.399ms to complete.
[2020.03.29-19.55.47:092][  0]LogFileHelpers: Loading map 'Dungeon5_KI' took 2.979
[2020.03.29-19.55.47:462][  0]LogSlate: Updating window title bar state: overlay mode, drag disabled, window buttons hidden, title bar hidden
[2020.03.29-19.55.47:474][  0]LogSlate: Updating window title bar state: overlay mode, drag disabled, window buttons hidden, title bar hidden
[2020.03.29-19.55.47:484][  0]LogSlate: Updating window title bar state: overlay mode, drag disabled, window buttons hidden, title bar hidden
[2020.03.29-19.55.47:497][  0]LogSlate: Updating window title bar state: overlay mode, drag disabled, window buttons hidden, title bar hidden
[2020.03.29-19.55.47:543][  0]LogCollectionManager: Loaded 0 collections in 0.003966 seconds
[2020.03.29-19.55.47:717][  0]LogFileCache: Scanning file cache for directory 'C:/Users/willi/git/Space-Dungeon/Group5_PB/Saved/Collections/' took 0.01s
[2020.03.29-19.55.47:717][  0]LogFileCache: Scanning file cache for directory 'C:/Users/willi/git/Space-Dungeon/Group5_PB/Content/Developers/willi/Collections/' took 0.01s
[2020.03.29-19.55.47:717][  0]LogFileCache: Scanning file cache for directory 'C:/Users/willi/git/Space-Dungeon/Group5_PB/Content/Collections/' took 0.01s
[2020.03.29-19.55.47:717][  0]LogCollectionManager: Rebuilt the GUID cache for 0 collections in 0.000001 seconds
[2020.03.29-19.55.47:741][  0]LogContentBrowser: Native class hierarchy populated in 0.0232 seconds. Added 2741 classes and 664 folders.
[2020.03.29-19.55.47:829][  0]LogContentBrowser: Native class hierarchy updated for 'WidgetCarousel' in 0.0004 seconds. Added 0 classes and 0 folders.
[2020.03.29-19.55.47:875][  0]LogPakFile: Registered encryption key '00000000000000000000000000000000': 0 pak files mounted, 0 remain pending
[2020.03.29-19.55.47:900][  0]LogPakFile: Registered encryption key '00000000000000000000000000000000': 0 pak files mounted, 0 remain pending
[2020.03.29-19.55.47:924][  0]LogPakFile: Registered encryption key '00000000000000000000000000000000': 0 pak files mounted, 0 remain pending
[2020.03.29-19.55.47:939][  0]LogPakFile: Registered encryption key '00000000000000000000000000000000': 0 pak files mounted, 0 remain pending
[2020.03.29-19.55.47:953][  0]LogPakFile: Registered encryption key '00000000000000000000000000000000': 0 pak files mounted, 0 remain pending
[2020.03.29-19.55.47:964][  0]LogPakFile: Registered encryption key '00000000000000000000000000000000': 0 pak files mounted, 0 remain pending
[2020.03.29-19.55.47:989][  0]LogPakFile: Registered encryption key '00000000000000000000000000000000': 0 pak files mounted, 0 remain pending
[2020.03.29-19.55.48:095][  0]LogPakFile: Registered encryption key '00000000000000000000000000000000': 0 pak files mounted, 0 remain pending
[2020.03.29-19.55.48:107][  0]LogPakFile: Registered encryption key '00000000000000000000000000000000': 0 pak files mounted, 0 remain pending
[2020.03.29-19.55.48:126][  0]LogPakFile: Registered encryption key '00000000000000000000000000000000': 0 pak files mounted, 0 remain pending
[2020.03.29-19.55.48:138][  0]LogPakFile: Registered encryption key '00000000000000000000000000000000': 0 pak files mounted, 0 remain pending
[2020.03.29-19.55.48:145][  0]LogPakFile: Registered encryption key '00000000000000000000000000000000': 0 pak files mounted, 0 remain pending
[2020.03.29-19.55.48:157][  0]LogPakFile: Registered encryption key '00000000000000000000000000000000': 0 pak files mounted, 0 remain pending
[2020.03.29-19.55.48:163][  0]LogPakFile: Registered encryption key '00000000000000000000000000000000': 0 pak files mounted, 0 remain pending
[2020.03.29-19.55.48:175][  0]LogPakFile: Registered encryption key '00000000000000000000000000000000': 0 pak files mounted, 0 remain pending
[2020.03.29-19.55.48:185][  0]LogPakFile: Registered encryption key '00000000000000000000000000000000': 0 pak files mounted, 0 remain pending
[2020.03.29-19.55.48:197][  0]LogPakFile: Registered encryption key '00000000000000000000000000000000': 0 pak files mounted, 0 remain pending
[2020.03.29-19.55.48:209][  0]LogPakFile: Registered encryption key '00000000000000000000000000000000': 0 pak files mounted, 0 remain pending
[2020.03.29-19.55.48:224][  0]LogPakFile: Registered encryption key '00000000000000000000000000000000': 0 pak files mounted, 0 remain pending
[2020.03.29-19.55.48:243][  0]LogPakFile: Registered encryption key '00000000000000000000000000000000': 0 pak files mounted, 0 remain pending
[2020.03.29-19.55.48:258][  0]LogPakFile: Registered encryption key '00000000000000000000000000000000': 0 pak files mounted, 0 remain pending
[2020.03.29-19.55.48:270][  0]LogPakFile: Registered encryption key '00000000000000000000000000000000': 0 pak files mounted, 0 remain pending
[2020.03.29-19.55.48:284][  0]LogPakFile: Registered encryption key '00000000000000000000000000000000': 0 pak files mounted, 0 remain pending
[2020.03.29-19.55.48:324][  0]LogPakFile: Registered encryption key '00000000000000000000000000000000': 0 pak files mounted, 0 remain pending
[2020.03.29-19.55.48:337][  0]LogPakFile: Registered encryption key '00000000000000000000000000000000': 0 pak files mounted, 0 remain pending
[2020.03.29-19.55.48:361][  0]LogPakFile: Registered encryption key '00000000000000000000000000000000': 0 pak files mounted, 0 remain pending
[2020.03.29-19.55.49:121][  0]LogContentBrowser: Native class hierarchy updated for 'AddContentDialog' in 0.0005 seconds. Added 0 classes and 0 folders.
[2020.03.29-19.55.49:218][  0]LogContentBrowser: Native class hierarchy updated for 'SceneOutliner' in 0.0005 seconds. Added 1 classes and 2 folders.
[2020.03.29-19.55.49:481][  0]LogSlate: Took 0.010790 seconds to synchronously load lazily loaded font '../../../Engine/Content/Slate/Fonts/Roboto-Regular.ttf' (155K)
[2020.03.29-19.55.49:488][  0]LogSlate: Took 0.004347 seconds to synchronously load lazily loaded font '../../../Engine/Content/Slate/Fonts/Roboto-Bold.ttf' (160K)
[2020.03.29-19.55.49:520][  0]LogSlate: Took 0.016827 seconds to synchronously load lazily loaded font '../../../Engine/Content/Editor/Slate/Fonts/FontAwesome.ttf' (139K)
[2020.03.29-19.55.49:767][  0]LogRenderer: Reallocating scene render targets to support 1616x808 Format 10 NumSamples 1 (Frame:1).
[2020.03.29-19.55.50:163][  0]LogContentBrowser: Native class hierarchy updated for 'HierarchicalLODOutliner' in 0.0006 seconds. Added 0 classes and 0 folders.
[2020.03.29-19.55.50:163][  0]LogLoad: (Engine Initialization) Total time: 81.88 seconds
[2020.03.29-19.55.50:163][  0]LogLoad: (Engine Initialization) Total Blueprint compile time: 0.00 seconds
[2020.03.29-19.55.50:354][  0]LogContentStreaming: Texture pool size now 1000 MB
[2020.03.29-19.55.50:567][  2]LogAssetRegistry: Asset discovery search completed in 50.0605 seconds
[2020.03.29-19.55.50:571][  2]LogCollectionManager: Rebuilt the object cache for 0 collections in 0.000001 seconds (found 0 objects)
[2020.03.29-19.55.50:571][  2]LogCollectionManager: Fixed up redirectors for 0 collections in 0.000111 seconds (updated 0 objects)
[2020.03.29-19.55.55:684][ 18]LogSlate: FSceneViewport::OnFocusLost() reason 0
[2020.03.29-19.55.59:310][313]LogSlate: Took 0.009831 seconds to synchronously load lazily loaded font '../../../Engine/Content/Slate/Fonts/Roboto-Light.ttf' (167K)
[2020.03.29-19.55.59:986][313]LogAIModule: Creating AISystem for world William
[2020.03.29-19.56.00:028][313]LogAssetEditorManager: Opening Asset editor for World /Game/Levels/William.William
[2020.03.29-19.56.00:100][313]LogUObjectHash: Compacting FUObjectHashTables data took   3.72ms
[2020.03.29-19.56.00:102][313]Cmd: MAP LOAD FILE="../../../../../../Users/willi/git/Space-Dungeon/Group5_PB/Content/Levels/William.umap" TEMPLATE=0 SHOWPROGRESS=1 FEATURELEVEL=3
[2020.03.29-19.56.00:102][313]LightingResults: New page: Lighting Build
[2020.03.29-19.56.00:103][313]LoadErrors: New page: Loading map: William.umap
[2020.03.29-19.56.00:106][313]MapCheck: New page: Map Check
[2020.03.29-19.56.00:106][313]LightingResults: New page: Lighting Build
[2020.03.29-19.56.00:162][313]LogUObjectHash: Compacting FUObjectHashTables data took   3.76ms
[2020.03.29-19.56.00:341][313]LogEditorServer: Finished looking for orphan Actors (0.000 secs)
[2020.03.29-19.56.00:568][313]LogUObjectHash: Compacting FUObjectHashTables data took   3.10ms
[2020.03.29-19.56.00:602][313]Cmd: MAP CHECKDEP NOCLEARLOG
[2020.03.29-19.56.00:602][313]MapCheck: Map check complete: 0 Error(s), 0 Warning(s), took 0.345ms to complete.
[2020.03.29-19.56.00:602][313]LogFileHelpers: Loading map 'William' took 0.502
[2020.03.29-20.18.31:633][878]LogUObjectHash: Compacting FUObjectHashTables data took   1.62ms
[2020.03.29-20.18.31:754][878]LogSlate: Window 'Group5_PB - Unreal Editor' being destroyed
[2020.03.29-20.18.31:759][878]LogWindowsTextInputMethodSystem: Display: IME system now deactivated.
[2020.03.29-20.18.32:158][879]Cmd: QUIT_EDITOR
[2020.03.29-20.18.32:382][879]LogExit: Preparing to exit.
[2020.03.29-20.18.33:711][879]LogExit: Editor shut down
[2020.03.29-20.18.33:711][879]LogExit: Transaction tracking system shut down
[2020.03.29-20.18.35:436][879]LogExit: Object subsystem successfully closed.
[2020.03.29-20.18.35:486][879]LogShaderCompilers: Display: Shaders left to compile 0
[2020.03.29-20.18.35:542][879]LogD3D11RHI: Shutdown
[2020.03.29-20.18.35:542][879]LogD3D11RHI: CleanupD3DDevice
[2020.03.29-20.18.35:554][879]LogRendererCore: FGlobalReadBuffer::ReleaseRHI
[2020.03.29-20.18.35:554][879]LogRendererCore: FGlobalDynamicReadBuffer::Cleanup()
[2020.03.29-20.18.35:673][879]LogRendererCore: FGlobalReadBuffer::ReleaseRHI
[2020.03.29-20.18.35:673][879]LogRendererCore: FGlobalDynamicReadBuffer::Cleanup()
[2020.03.29-20.18.35:673][879]LogRendererCore: FGlobalReadBuffer::ReleaseRHI
[2020.03.29-20.18.35:673][879]LogRendererCore: FGlobalDynamicReadBuffer::Cleanup()
[2020.03.29-20.18.36:204][879]LogD3D11RHI: ~FD3D11DynamicRHI
[2020.03.29-20.18.37:127][879]LogModuleManager: Shutting down and abandoning module HierarchicalLODOutliner (646)
[2020.03.29-20.18.37:127][879]LogModuleManager: Shutting down and abandoning module SceneOutliner (644)
[2020.03.29-20.18.37:127][879]LogModuleManager: Shutting down and abandoning module AddContentDialog (642)
[2020.03.29-20.18.37:140][879]LogModuleManager: Shutting down and abandoning module WidgetCarousel (641)
[2020.03.29-20.18.37:140][879]LogModuleManager: Shutting down and abandoning module EditorWidgets (638)
[2020.03.29-20.18.37:141][879]LogModuleManager: Shutting down and abandoning module CollectionManager (636)
[2020.03.29-20.18.37:142][879]LogModuleManager: Shutting down and abandoning module StatsViewer (634)
[2020.03.29-20.18.37:143][879]LogModuleManager: Shutting down and abandoning module FoliageEdit (632)
[2020.03.29-20.18.37:143][879]LogModuleManager: Shutting down and abandoning module LandscapeEditor (630)
[2020.03.29-20.18.37:510][879]LogModuleManager: Shutting down and abandoning module MeshPaintMode (628)
[2020.03.29-20.18.37:510][879]LogModuleManager: Shutting down and abandoning module SceneDepthPickerMode (626)
[2020.03.29-20.18.37:510][879]LogModuleManager: Shutting down and abandoning module ActorPickerMode (624)
[2020.03.29-20.18.37:510][879]LogModuleManager: Shutting down and abandoning module GeometryMode (622)
[2020.03.29-20.18.37:510][879]LogModuleManager: Shutting down and abandoning module TextureAlignMode (620)
[2020.03.29-20.18.37:510][879]LogModuleManager: Shutting down and abandoning module BspMode (618)
[2020.03.29-20.18.37:510][879]LogModuleManager: Shutting down and abandoning module PIEPreviewDeviceProfileSelector (616)
[2020.03.29-20.18.37:511][879]LogModuleManager: Shutting down and abandoning module SequenceRecorderSections (614)
[2020.03.29-20.18.37:511][879]LogModuleManager: Shutting down and abandoning module AutomationWorker (612)
[2020.03.29-20.18.37:511][879]LogModuleManager: Shutting down and abandoning module OculusMR (610)
[2020.03.29-20.18.37:511][879]LogModuleManager: Shutting down and abandoning module AudioCaptureEditor (608)
[2020.03.29-20.18.37:511][879]LogModuleManager: Shutting down and abandoning module MatineeToLevelSequence (606)
[2020.03.29-20.18.37:512][879]LogModuleManager: Shutting down and abandoning module LevelSequenceEditor (604)
[2020.03.29-20.18.37:547][879]LogModuleManager: Shutting down and abandoning module PlacementMode (603)
[2020.03.29-20.18.37:548][879]LogModuleManager: Shutting down and abandoning module MaterialEditor (602)
[2020.03.29-20.18.37:594][879]LogModuleManager: Shutting down and abandoning module ActorSequenceEditor (598)
[2020.03.29-20.18.37:594][879]LogModuleManager: Shutting down and abandoning module WmfMediaFactory (596)
[2020.03.29-20.18.37:594][879]LogModuleManager: Shutting down and abandoning module WmfMediaEditor (594)
[2020.03.29-20.18.37:594][879]LogModuleManager: Shutting down and abandoning module WebMMediaFactory (592)
[2020.03.29-20.18.37:594][879]LogModuleManager: Shutting down and abandoning module WebMMediaEditor (590)
[2020.03.29-20.18.37:594][879]LogModuleManager: Shutting down and abandoning module WebMMedia (588)
[2020.03.29-20.18.37:594][879]LogModuleManager: Shutting down and abandoning module MediaPlayerEditor (586)
[2020.03.29-20.18.37:594][879]LogModuleManager: Shutting down and abandoning module MediaCompositingEditor (584)
[2020.03.29-20.18.37:633][879]LogModuleManager: Shutting down and abandoning module SequenceRecorder (583)
[2020.03.29-20.18.37:633][879]LogModuleManager: Shutting down and abandoning module OpenExrWrapper (580)
[2020.03.29-20.18.37:633][879]LogModuleManager: Shutting down and abandoning module ImgMediaFactory (578)
[2020.03.29-20.18.37:633][879]LogModuleManager: Shutting down and abandoning module ImgMediaEditor (576)
[2020.03.29-20.18.37:633][879]LogModuleManager: Shutting down and abandoning module AvfMediaFactory (574)
[2020.03.29-20.18.37:634][879]LogModuleManager: Shutting down and abandoning module AvfMediaEditor (572)
[2020.03.29-20.18.37:634][879]LogModuleManager: Shutting down and abandoning module AndroidMediaFactory (570)
[2020.03.29-20.18.37:634][879]LogModuleManager: Shutting down and abandoning module AndroidMediaEditor (568)
[2020.03.29-20.18.37:634][879]LogModuleManager: Shutting down and abandoning module MagicLeapCameraPreviewFactory (566)
[2020.03.29-20.18.37:634][879]LogModuleManager: Shutting down and abandoning module MagicLeapMediaCodecFactory (564)
[2020.03.29-20.18.37:634][879]LogModuleManager: Shutting down and abandoning module MagicLeapMediaFactory (562)
[2020.03.29-20.18.37:634][879]LogModuleManager: Shutting down and abandoning module MagicLeapMediaEditor (560)
[2020.03.29-20.18.37:634][879]LogModuleManager: Shutting down and abandoning module CharacterAI (558)
[2020.03.29-20.18.37:634][879]LogModuleManager: Shutting down and abandoning module SmartSnapping (556)
[2020.03.29-20.18.37:634][879]LogModuleManager: Shutting down and abandoning module SessionServices (554)
[2020.03.29-20.18.37:634][879]LogModuleManager: Shutting down and abandoning module MeshPaint (552)
[2020.03.29-20.18.37:639][879]LogModuleManager: Shutting down and abandoning module ViewportSnapping (550)
[2020.03.29-20.18.37:639][879]LogModuleManager: Shutting down and abandoning module ViewportInteraction (548)
[2020.03.29-20.18.37:639][879]LogModuleManager: Shutting down and abandoning module ClothPainter (546)
[2020.03.29-20.18.37:912][879]LogModuleManager: Shutting down and abandoning module SkeletalMeshEditor (545)
[2020.03.29-20.18.38:272][879]LogModuleManager: Shutting down and abandoning module LogVisualizer (542)
[2020.03.29-20.18.38:374][879]LogModuleManager: Shutting down and abandoning module IntroTutorials (540)
[2020.03.29-20.18.38:461][879]LogModuleManager: Shutting down and abandoning module GameProjectGeneration (539)
[2020.03.29-20.18.38:544][879]LogModuleManager: Shutting down and abandoning module LuminPlatformEditor (536)
[2020.03.29-20.18.38:544][879]LogModuleManager: Shutting down and abandoning module IOSPlatformEditor (534)
[2020.03.29-20.18.38:544][879]LogModuleManager: Shutting down and abandoning module HTML5PlatformEditor (532)
[2020.03.29-20.18.38:544][879]LogModuleManager: Shutting down and abandoning module AndroidPlatformEditor (530)
[2020.03.29-20.18.38:544][879]LogModuleManager: Shutting down and abandoning module AndroidDeviceDetection (529)
[2020.03.29-20.18.40:603][879]LogModuleManager: Shutting down and abandoning module WindowsPlatformEditor (526)
[2020.03.29-20.18.40:603][879]LogModuleManager: Shutting down and abandoning module LuminRuntimeSettings (524)
[2020.03.29-20.18.40:603][879]LogModuleManager: Shutting down and abandoning module IOSRuntimeSettings (522)
[2020.03.29-20.18.40:603][879]LogModuleManager: Shutting down and abandoning module AndroidRuntimeSettings (520)
[2020.03.29-20.18.40:604][879]LogModuleManager: Shutting down and abandoning module TimeManagementEditor (518)
[2020.03.29-20.18.40:604][879]LogModuleManager: Shutting down and abandoning module InputBindingEditor (516)
[2020.03.29-20.18.40:604][879]LogModuleManager: Shutting down and abandoning module MergeActors (514)
[2020.03.29-20.18.40:604][879]LogModuleManager: Shutting down and abandoning module LocalizationDashboard (512)
[2020.03.29-20.18.40:604][879]LogModuleManager: Shutting down and abandoning module LocalizationService (511)
[2020.03.29-20.18.40:604][879]LogModuleManager: Shutting down and abandoning module HardwareTargeting (508)
[2020.03.29-20.18.40:604][879]LogModuleManager: Shutting down and abandoning module DeviceProfileEditor (506)
[2020.03.29-20.18.40:604][879]LogModuleManager: Shutting down and abandoning module UndoHistory (504)
[2020.03.29-20.18.40:625][879]LogModuleManager: Shutting down and abandoning module XmlParser (502)
[2020.03.29-20.18.40:625][879]LogModuleManager: Shutting down and abandoning module Blutility (500)
[2020.03.29-20.18.40:625][879]LogModuleManager: Shutting down and abandoning module ProjectSettingsViewer (498)
[2020.03.29-20.18.40:625][879]LogModuleManager: Shutting down and abandoning module ProjectTargetPlatformEditor (497)
[2020.03.29-20.18.40:625][879]LogModuleManager: Shutting down and abandoning module EditorSettingsViewer (494)
[2020.03.29-20.18.40:625][879]LogModuleManager: Shutting down and abandoning module SettingsEditor (492)
[2020.03.29-20.18.40:625][879]LogModuleManager: Shutting down and abandoning module ProjectLauncher (490)
[2020.03.29-20.18.40:686][879]LogModuleManager: Shutting down and abandoning module SessionFrontend (488)
[2020.03.29-20.18.40:686][879]LogModuleManager: Shutting down and abandoning module ProfilerClient (486)
[2020.03.29-20.18.40:688][879]LogModuleManager: Shutting down and abandoning module DeviceManager (484)
[2020.03.29-20.18.40:688][879]LogModuleManager: Shutting down and abandoning module TargetDeviceServices (483)
[2020.03.29-20.18.40:732][879]LogModuleManager: Shutting down and abandoning module AutomationController (480)
[2020.03.29-20.18.40:732][879]LogModuleManager: Shutting down and abandoning module AutomationWindow (478)
[2020.03.29-20.18.40:880][879]LogModuleManager: Shutting down and abandoning module Layers (476)
[2020.03.29-20.18.40:889][879]LogModuleManager: Shutting down and abandoning module ComponentVisualizers (474)
[2020.03.29-20.18.40:889][879]LogModuleManager: Shutting down and abandoning module DetailCustomizations (472)
[2020.03.29-20.18.40:932][879]LogModuleManager: Shutting down and abandoning module PackagesDialog (470)
[2020.03.29-20.18.40:932][879]LogModuleManager: Shutting down and abandoning module AnimationBlueprintEditor (468)
[2020.03.29-20.18.40:954][879]LogModuleManager: Shutting down and abandoning module Persona (466)
[2020.03.29-20.18.40:970][879]LogModuleManager: Shutting down and abandoning module AdvancedPreviewScene (465)
[2020.03.29-20.18.40:970][879]LogModuleManager: Shutting down and abandoning module AnimGraph (463)
[2020.03.29-20.18.40:970][879]LogModuleManager: Shutting down and abandoning module Kismet (460)
[2020.03.29-20.18.40:976][879]LogModuleManager: Shutting down and abandoning module GraphEditor (458)
[2020.03.29-20.18.40:980][879]LogModuleManager: Shutting down and abandoning module ClassViewer (456)
[2020.03.29-20.18.40:980][879]LogModuleManager: Shutting down and abandoning module Toolbox (454)
[2020.03.29-20.18.40:980][879]LogModuleManager: Shutting down and abandoning module ModuleUI (452)
[2020.03.29-20.18.40:993][879]LogModuleManager: Shutting down and abandoning module MovieSceneTools (450)
[2020.03.29-20.18.41:002][879]LogModuleManager: Shutting down and abandoning module OutputLog (448)
[2020.03.29-20.18.41:002][879]LogModuleManager: Shutting down and abandoning module GammaUI (446)
[2020.03.29-20.18.41:014][879]LogModuleManager: Shutting down and abandoning module Documentation (444)
[2020.03.29-20.18.41:014][879]LogModuleManager: Shutting down and abandoning module LiveCoding (442)
[2020.03.29-20.18.41:014][879]LogModuleManager: Shutting down and abandoning module LevelSequence (440)
[2020.03.29-20.18.41:014][879]LogModuleManager: Shutting down and abandoning module MovieSceneTracks (438)
[2020.03.29-20.18.41:014][879]LogModuleManager: Shutting down and abandoning module MovieScene (436)
[2020.03.29-20.18.41:014][879]LogModuleManager: Shutting down and abandoning module StreamingPauseRendering (434)
[2020.03.29-20.18.41:014][879]LogModuleManager: Shutting down and abandoning module LauncherPlatform (432)
[2020.03.29-20.18.41:014][879]LogModuleManager: Shutting down and abandoning module AnalyticsET (430)
[2020.03.29-20.18.41:014][879]LogModuleManager: Shutting down and abandoning module PortalServices (428)
[2020.03.29-20.18.41:014][879]LogModuleManager: Shutting down and abandoning module PortalRpc (426)
[2020.03.29-20.18.41:015][879]LogModuleManager: Shutting down and abandoning module MessagingRpc (424)
[2020.03.29-20.18.41:015][879]LogModuleManager: Shutting down and abandoning module AIModule (422)
[2020.03.29-20.18.41:015][879]LogModuleManager: Shutting down and abandoning module GameplayDebugger (421)
[2020.03.29-20.18.41:015][879]LogModuleManager: Shutting down and abandoning module AITestSuite (419)
[2020.03.29-20.18.41:015][879]LogModuleManager: Shutting down and abandoning module NavigationSystem (417)
[2020.03.29-20.18.41:015][879]LogModuleManager: Shutting down and abandoning module DesktopPlatform (414)
[2020.03.29-20.18.41:015][879]LogModuleManager: Shutting down and abandoning module ImageWriteQueue (412)
[2020.03.29-20.18.41:023][879]LogModuleManager: Shutting down and abandoning module ProfilerService (410)
[2020.03.29-20.18.41:045][879]LogModuleManager: Shutting down and abandoning module TaskGraph (408)
[2020.03.29-20.18.41:052][879]LogModuleManager: Shutting down and abandoning module SteamVRController (406)
[2020.03.29-20.18.41:053][879]LogModuleManager: Shutting down and abandoning module ProceduralMeshComponentEditor (404)
[2020.03.29-20.18.41:053][879]LogModuleManager: Shutting down and abandoning module ProceduralMeshComponent (402)
[2020.03.29-20.18.41:053][879]LogModuleManager: Shutting down and abandoning module OculusEditor (400)
[2020.03.29-20.18.41:053][879]LogModuleManager: Shutting down and abandoning module OculusInput (398)
[2020.03.29-20.18.41:053][879]LogModuleManager: Shutting down and abandoning module MobilePatchingUtils (396)
[2020.03.29-20.18.41:053][879]LogModuleManager: Shutting down and abandoning module EditableMesh (394)
[2020.03.29-20.18.41:054][879]LogModuleManager: Shutting down and abandoning module CustomMeshComponent (392)
[2020.03.29-20.18.41:054][879]LogModuleManager: Shutting down and abandoning module CableComponent (390)
[2020.03.29-20.18.41:054][879]LogModuleManager: Shutting down and abandoning module AudioCapture (388)
[2020.03.29-20.18.41:054][879]LogModuleManager: Shutting down and abandoning module ArchVisCharacter (386)
[2020.03.29-20.18.41:054][879]LogModuleManager: Shutting down and abandoning module AndroidPermission (384)
[2020.03.29-20.18.41:054][879]LogModuleManager: Shutting down and abandoning module NUTUnrealEngine4 (382)
[2020.03.29-20.18.41:054][879]LogModuleManager: Shutting down and abandoning module NetcodeUnitTest (380)
[2020.03.29-20.18.41:054][879]LogModuleManager: Shutting down and abandoning module MediaCompositing (378)
[2020.03.29-20.18.41:054][879]LogModuleManager: Shutting down and abandoning module LinearTimecode (376)
[2020.03.29-20.18.41:054][879]LogModuleManager: Shutting down and abandoning module ImgMedia (374)
[2020.03.29-20.18.41:054][879]LogModuleManager: Shutting down and abandoning module MagicLeapHelperVulkan (372)
[2020.03.29-20.18.41:054][879]LogModuleManager: Shutting down and abandoning module MagicLeapHelperOpenGL (370)
[2020.03.29-20.18.41:054][879]LogModuleManager: Shutting down and abandoning module MagicLeapAudio (368)
[2020.03.29-20.18.41:055][879]LogModuleManager: Shutting down and abandoning module HTML5Networking (366)
[2020.03.29-20.18.41:055][879]LogModuleManager: Shutting down and abandoning module GeometryCacheTracks (364)
[2020.03.29-20.18.41:055][879]LogModuleManager: Shutting down and abandoning module GeometryCacheSequencer (362)
[2020.03.29-20.18.41:055][879]LogModuleManager: Shutting down and abandoning module BackChannel (360)
[2020.03.29-20.18.41:055][879]LogModuleManager: Shutting down and abandoning module AppleVision (358)
[2020.03.29-20.18.41:055][879]LogModuleManager: Shutting down and abandoning module AppleImageUtilsBlueprintSupport (356)
[2020.03.29-20.18.41:055][879]LogModuleManager: Shutting down and abandoning module AppleImageUtils (354)
[2020.03.29-20.18.41:055][879]LogModuleManager: Shutting down and abandoning module AlembicImporter (352)
[2020.03.29-20.18.41:055][879]LogModuleManager: Shutting down and abandoning module AlembicLibrary (351)
[2020.03.29-20.18.41:055][879]LogModuleManager: Shutting down and abandoning module GeometryCache (350)
[2020.03.29-20.18.41:055][879]LogModuleManager: Shutting down and abandoning module GeometryCacheEd (349)
[2020.03.29-20.18.41:055][879]LogModuleManager: Shutting down and abandoning module VariantManagerContent (344)
[2020.03.29-20.18.41:055][879]LogModuleManager: Shutting down and abandoning module DatasmithContentEditor (342)
[2020.03.29-20.18.41:055][879]LogModuleManager: Shutting down and abandoning module SpeedTreeImporter (340)
[2020.03.29-20.18.41:055][879]LogModuleManager: Shutting down and abandoning module PluginBrowser (338)
[2020.03.29-20.18.41:055][879]LogModuleManager: Shutting down and abandoning module MobileLauncherProfileWizard (336)
[2020.03.29-20.18.41:055][879]LogModuleManager: Shutting down and abandoning module MaterialAnalyzer (334)
[2020.03.29-20.18.41:055][879]LogModuleManager: Shutting down and abandoning module CryptoKeysOpenSSL (332)
[2020.03.29-20.18.41:055][879]LogModuleManager: Shutting down and abandoning module CryptoKeys (330)
[2020.03.29-20.18.41:055][879]LogModuleManager: Shutting down and abandoning module VisualStudioSourceCodeAccess (328)
[2020.03.29-20.18.41:056][879]LogModuleManager: Shutting down and abandoning module VisualStudioCodeSourceCodeAccess (326)
[2020.03.29-20.18.41:056][879]LogModuleManager: Shutting down and abandoning module UObjectPlugin (324)
[2020.03.29-20.18.41:056][879]LogModuleManager: Shutting down and abandoning module SubversionSourceControl (322)
[2020.03.29-20.18.41:056][879]LogModuleManager: Shutting down and abandoning module PerforceSourceControl (320)
[2020.03.29-20.18.41:066][879]LogModuleManager: Shutting down and abandoning module GitSourceControl (318)
[2020.03.29-20.18.41:075][879]LogModuleManager: Shutting down and abandoning module SourceControl (317)
[2020.03.29-20.18.41:082][879]LogModuleManager: Shutting down and abandoning module CLionSourceCodeAccess (314)
[2020.03.29-20.18.41:082][879]LogModuleManager: Shutting down and abandoning module AnimationSharingEd (312)
[2020.03.29-20.18.41:082][879]LogModuleManager: Shutting down and abandoning module ActorLayerUtilitiesEditor (310)
[2020.03.29-20.18.41:082][879]LogModuleManager: Shutting down and abandoning module ActorLayerUtilities (308)
[2020.03.29-20.18.41:082][879]LogModuleManager: Shutting down and abandoning module LightPropagationVolumeEditor (306)
[2020.03.29-20.18.41:082][879]LogModuleManager: Shutting down and abandoning module PaperTiledImporter (304)
[2020.03.29-20.18.41:082][879]LogModuleManager: Shutting down and abandoning module PaperSpriteSheetImporter (302)
[2020.03.29-20.18.41:082][879]LogModuleManager: Shutting down and abandoning module Paper2DEditor (300)
[2020.03.29-20.18.41:133][879]LogModuleManager: Shutting down and abandoning module SignificanceManager (298)
[2020.03.29-20.18.41:133][879]LogModuleManager: Shutting down and abandoning module RuntimePhysXCooking (296)
[2020.03.29-20.18.41:133][879]LogModuleManager: Shutting down and abandoning module PhysXVehiclesEditor (294)
[2020.03.29-20.18.41:133][879]LogModuleManager: Shutting down and abandoning module PhysXVehicles (292)
[2020.03.29-20.18.41:133][879]LogModuleManager: Shutting down and abandoning module LocationServicesBPLibrary (290)
[2020.03.29-20.18.41:133][879]LogModuleManager: Shutting down and abandoning module ApexDestructionEditor (288)
[2020.03.29-20.18.41:155][879]LogModuleManager: Shutting down and abandoning module ApexDestruction (286)
[2020.03.29-20.18.41:155][879]LogModuleManager: Shutting down and abandoning module ActorSequence (284)
[2020.03.29-20.18.41:155][879]LogModuleManager: Shutting down and abandoning module UdpMessaging (282)
[2020.03.29-20.18.41:256][879]LogModuleManager: Shutting down and abandoning module TcpMessaging (280)
[2020.03.29-20.18.41:357][879]LogModuleManager: Shutting down and abandoning module MagicLeapIdentity (278)
[2020.03.29-20.18.41:357][879]LogModuleManager: Shutting down and abandoning module MagicLeapSecureStorage (276)
[2020.03.29-20.18.41:357][879]LogModuleManager: Shutting down and abandoning module MagicLeapHandTracking (274)
[2020.03.29-20.18.41:357][879]LogModuleManager: Shutting down and abandoning module MagicLeapEyeTracker (272)
[2020.03.29-20.18.41:357][879]LogModuleManager: Shutting down and abandoning module MagicLeapController (270)
[2020.03.29-20.18.41:365][879]LogSlate: Slate User Destroyed.  User Index 0, Is Virtual User: 0
[2020.03.29-20.18.41:365][879]LogModuleManager: Shutting down and abandoning module MagicLeapAR (268)
[2020.03.29-20.18.41:365][879]LogModuleManager: Shutting down and abandoning module AugmentedReality (267)
[2020.03.29-20.18.41:365][879]LogModuleManager: Shutting down and abandoning module GameplayTagsEditor (264)
[2020.03.29-20.18.41:366][879]LogModuleManager: Shutting down and abandoning module FacialAnimationEditor (262)
[2020.03.29-20.18.41:366][879]LogModuleManager: Shutting down and abandoning module FacialAnimation (260)
[2020.03.29-20.18.41:366][879]LogModuleManager: Shutting down and abandoning module DataValidation (258)
[2020.03.29-20.18.41:366][879]LogModuleManager: Shutting down and abandoning module AssetManagerEditor (256)
[2020.03.29-20.18.41:383][879]LogModuleManager: Shutting down and abandoning module LevelEditor (255)
[2020.03.29-20.18.41:404][879]LogModuleManager: Shutting down and abandoning module PixelInspectorModule (254)
[2020.03.29-20.18.41:406][879]LogModuleManager: Shutting down and abandoning module CommonMenuExtensions (252)
[2020.03.29-20.18.41:406][879]LogModuleManager: Shutting down and abandoning module MainFrame (250)
[2020.03.29-20.18.41:406][879]LogModuleManager: Shutting down and abandoning module HotReload (249)
[2020.03.29-20.18.41:407][879]LogModuleManager: Shutting down and abandoning module ContentBrowser (245)
[2020.03.29-20.18.41:410][879]LogModuleManager: Shutting down and abandoning module TreeMap (243)
[2020.03.29-20.18.41:410][879]LogModuleManager: Shutting down and abandoning module AnimationSharing (240)
[2020.03.29-20.18.41:410][879]LogModuleManager: Shutting down and abandoning module LightPropagationVolumeRuntime (238)
[2020.03.29-20.18.41:410][879]LogModuleManager: Shutting down and abandoning module AISupportModule (236)
[2020.03.29-20.18.41:410][879]LogModuleManager: Shutting down and abandoning module Paper2D (234)
[2020.03.29-20.18.41:410][879]LogModuleManager: Shutting down and abandoning module WindowsMoviePlayer (232)
[2020.03.29-20.18.41:410][879]LogModuleManager: Shutting down and abandoning module WebMMoviePlayer (230)
[2020.03.29-20.18.41:410][879]LogModuleManager: Shutting down and abandoning module PacketHandler (228)
[2020.03.29-20.18.41:410][879]LogModuleManager: Shutting down and abandoning module ClothingSystemEditor (226)
[2020.03.29-20.18.41:410][879]LogModuleManager: Shutting down and abandoning module ClothingSystemRuntime (224)
[2020.03.29-20.18.41:410][879]LogModuleManager: Shutting down and abandoning module MediaAssets (222)
[2020.03.29-20.18.41:410][879]LogModuleManager: Shutting down and abandoning module Overlay (220)
[2020.03.29-20.18.41:410][879]LogModuleManager: Shutting down and abandoning module OverlayEditor (219)
[2020.03.29-20.18.41:410][879]LogModuleManager: Shutting down and abandoning module VREditor (216)
[2020.03.29-20.18.41:410][879]LogModuleManager: Shutting down and abandoning module StringTableEditor (214)
[2020.03.29-20.18.41:410][879]LogModuleManager: Shutting down and abandoning module GameplayTasksEditor (212)
[2020.03.29-20.18.41:410][879]LogModuleManager: Shutting down and abandoning module BehaviorTreeEditor (210)
[2020.03.29-20.18.41:434][879]LogModuleManager: Shutting down and abandoning module FunctionalTesting (208)
[2020.03.29-20.18.41:434][879]LogModuleManager: Shutting down and abandoning module CollisionAnalyzer (206)
[2020.03.29-20.18.41:459][879]LogModuleManager: Shutting down and abandoning module WorkspaceMenuStructure (205)
[2020.03.29-20.18.41:459][879]LogModuleManager: Shutting down and abandoning module UMG (202)
[2020.03.29-20.18.41:460][879]LogModuleManager: Shutting down and abandoning module UMGEditor (201)
[2020.03.29-20.18.41:485][879]LogModuleManager: Shutting down and abandoning module Sequencer (200)
[2020.03.29-20.18.41:486][879]LogModuleManager: Shutting down and abandoning module MessageLog (197)
[2020.03.29-20.18.41:486][879]LogModuleManager: Shutting down and abandoning module SlateReflector (192)
[2020.03.29-20.18.41:520][879]LogModuleManager: Shutting down and abandoning module Slate (190)
[2020.03.29-20.18.41:520][879]LogModuleManager: Shutting down and abandoning module EditorStyle (188)
[2020.03.29-20.18.41:523][879]LogModuleManager: Shutting down and abandoning module UnrealEd (186)
[2020.03.29-20.18.41:576][879]LogModuleManager: Shutting down and abandoning module MRMesh (184)
[2020.03.29-20.18.41:576][879]LogModuleManager: Shutting down and abandoning module SourceCodeAccess (182)
[2020.03.29-20.18.41:578][879]LogModuleManager: Shutting down and abandoning module HeadMountedDisplay (180)
[2020.03.29-20.18.41:578][879]LogModuleManager: Shutting down and abandoning module XAudio2 (178)
[2020.03.29-20.18.41:578][879]LogModuleManager: Shutting down and abandoning module Networking (176)
[2020.03.29-20.18.41:578][879]LogModuleManager: Shutting down and abandoning module Core (174)
[2020.03.29-20.18.41:578][879]LogModuleManager: Shutting down and abandoning module KismetCompiler (172)
[2020.03.29-20.18.41:578][879]LogModuleManager: Shutting down and abandoning module MeshUtilities (170)
[2020.03.29-20.18.41:578][879]LogModuleManager: Shutting down and abandoning module MeshMergeUtilities (169)
[2020.03.29-20.18.41:578][879]LogModuleManager: Shutting down and abandoning module MeshReductionInterface (168)
[2020.03.29-20.18.41:578][879]LogModuleManager: Shutting down and abandoning module SkeletalMeshReduction (167)
[2020.03.29-20.18.41:598][879]LogModuleManager: Shutting down and abandoning module ProxyLODMeshReduction (165)
[2020.03.29-20.18.41:638][879]LogModuleManager: Shutting down and abandoning module QuadricMeshReduction (163)
[2020.03.29-20.18.41:638][879]LogModuleManager: Shutting down and abandoning module MaterialBaking (159)
[2020.03.29-20.18.41:638][879]LogModuleManager: Shutting down and abandoning module DerivedDataCache (154)
[2020.03.29-20.18.41:700][879]LogDerivedDataCache: Shutdown
[2020.03.29-20.18.41:700][879]LogModuleManager: Shutting down and abandoning module XGEController (152)
[2020.03.29-20.18.41:700][879]LogXGEController: Cleaning working directory: C:/Users/willi/AppData/Local/Temp/UnrealXGEWorkingDir/
[2020.03.29-20.18.41:701][879]LogModuleManager: Shutting down and abandoning module TargetPlatform (150)
[2020.03.29-20.18.41:701][879]LogModuleManager: Shutting down and abandoning module VulkanShaderFormat (149)
[2020.03.29-20.18.41:706][879]LogModuleManager: Shutting down and abandoning module ShaderFormatVectorVM (147)
[2020.03.29-20.18.41:706][879]LogModuleManager: Shutting down and abandoning module ShaderFormatOpenGL (145)
[2020.03.29-20.18.41:716][879]LogModuleManager: Shutting down and abandoning module ShaderFormatD3D (143)
[2020.03.29-20.18.41:716][879]LogModuleManager: Shutting down and abandoning module MetalShaderFormat (141)
[2020.03.29-20.18.41:724][879]LogModuleManager: Shutting down and abandoning module TextureFormatUncompressed (139)
[2020.03.29-20.18.41:724][879]LogModuleManager: Shutting down and abandoning module TextureFormatPVR (137)
[2020.03.29-20.18.41:724][879]LogModuleManager: Shutting down and abandoning module TextureFormatDXT (135)
[2020.03.29-20.18.41:724][879]LogModuleManager: Shutting down and abandoning module TextureFormatIntelISPCTexComp (133)
[2020.03.29-20.18.41:724][879]LogModuleManager: Shutting down and abandoning module TextureFormatASTC (131)
[2020.03.29-20.18.41:724][879]LogModuleManager: Shutting down and abandoning module ImageWrapper (130)
[2020.03.29-20.18.41:725][879]LogModuleManager: Shutting down and abandoning module TextureFormatAndroid (127)
[2020.03.29-20.18.41:725][879]LogModuleManager: Shutting down and abandoning module AudioFormatOpus (125)
[2020.03.29-20.18.41:725][879]LogModuleManager: Shutting down and abandoning module AudioFormatOgg (123)
[2020.03.29-20.18.41:725][879]LogModuleManager: Shutting down and abandoning module AudioFormatADPCM (121)
[2020.03.29-20.18.41:725][879]LogModuleManager: Shutting down and abandoning module LuminTargetPlatform (119)
[2020.03.29-20.18.41:726][879]LogModuleManager: Shutting down and abandoning module LinuxTargetPlatform (117)
[2020.03.29-20.18.41:726][879]LogModuleManager: Shutting down and abandoning module LinuxServerTargetPlatform (115)
[2020.03.29-20.18.41:726][879]LogModuleManager: Shutting down and abandoning module LinuxNoEditorTargetPlatform (113)
[2020.03.29-20.18.41:726][879]LogModuleManager: Shutting down and abandoning module LinuxClientTargetPlatform (111)
[2020.03.29-20.18.41:726][879]LogModuleManager: Shutting down and abandoning module TVOSTargetPlatform (109)
[2020.03.29-20.18.41:728][879]LogModuleManager: Shutting down and abandoning module Messaging (107)
[2020.03.29-20.18.41:728][879]LogModuleManager: Shutting down and abandoning module IOSTargetPlatform (105)
[2020.03.29-20.18.41:729][879]LogModuleManager: Shutting down and abandoning module HTML5TargetPlatform (103)
[2020.03.29-20.18.41:729][879]LogModuleManager: Shutting down and abandoning module AndroidTargetPlatform (101)
[2020.03.29-20.18.41:745][879]LogModuleManager: Shutting down and abandoning module WindowsTargetPlatform (99)
[2020.03.29-20.18.41:745][879]LogModuleManager: Shutting down and abandoning module WindowsServerTargetPlatform (97)
[2020.03.29-20.18.41:745][879]LogModuleManager: Shutting down and abandoning module WindowsNoEditorTargetPlatform (95)
[2020.03.29-20.18.41:745][879]LogModuleManager: Shutting down and abandoning module WindowsClientTargetPlatform (93)
[2020.03.29-20.18.41:745][879]LogModuleManager: Shutting down and abandoning module MacTargetPlatform (91)
[2020.03.29-20.18.41:745][879]LogModuleManager: Shutting down and abandoning module MacServerTargetPlatform (89)
[2020.03.29-20.18.41:745][879]LogModuleManager: Shutting down and abandoning module MacNoEditorTargetPlatform (87)
[2020.03.29-20.18.41:745][879]LogModuleManager: Shutting down and abandoning module MacClientTargetPlatform (85)
[2020.03.29-20.18.41:745][879]LogModuleManager: Shutting down and abandoning module AllDesktopTargetPlatform (83)
[2020.03.29-20.18.41:745][879]LogModuleManager: Shutting down and abandoning module InputCore (80)
[2020.03.29-20.18.41:745][879]LogModuleManager: Shutting down and abandoning module Settings (78)
[2020.03.29-20.18.41:745][879]LogModuleManager: Shutting down and abandoning module DirectoryWatcher (76)
[2020.03.29-20.18.41:745][879]LogModuleManager: Shutting down and abandoning module PhysXCooking (74)
[2020.03.29-20.18.41:745][879]LogModuleManager: Shutting down and abandoning module SteamVR (72)
[2020.03.29-20.18.41:745][879]LogHMD: Freeing OpenVRDLLHandle.
[2020.03.29-20.18.41:746][879]LogModuleManager: Shutting down and abandoning module OculusHMD (70)
[2020.03.29-20.18.41:746][879]LogModuleManager: Shutting down and abandoning module ExampleDeviceProfileSelector (68)
[2020.03.29-20.18.41:746][879]LogModuleManager: Shutting down and abandoning module LauncherChunkInstaller (66)
[2020.03.29-20.18.41:746][879]LogModuleManager: Shutting down and abandoning module OnlineBlueprintSupport (64)
[2020.03.29-20.18.41:746][879]LogModuleManager: Shutting down and abandoning module OnlineSubsystem (60)
[2020.03.29-20.18.41:748][879]LogModuleManager: Shutting down and abandoning module XMPP (55)
[2020.03.29-20.18.41:761][879]LogModuleManager: Shutting down and abandoning module WebSockets (54)
[2020.03.29-20.18.41:805][879]LogModuleManager: Shutting down and abandoning module HTTP (51)
[2020.03.29-20.18.41:805][879]LogHttp: Display: Http module shutting down, but needs to wait on 1 outstanding Http requests:
[2020.03.29-20.18.41:805][879]LogHttp: Display: 	verb=[POST] url=[https://datarouter.ol.epicgames.com/datarouter/api/v1/public/data?SessionID=%7B306AF1E7-46DF-73AB-96BA-69948C6490DC%7D&AppID=UEEditor.Rocket.Release&AppVersion=4.22.3-7053642%2B%2B%2BUE4%2BRelease-4.22&UserID=be573b76494ec1994df933921032ae6e%7Cde2842964482463188bc203e3b60e50f%7Ceda48293-926a-4b16-b68c-438e80821e26&AppEnvironment=datacollector-binary&UploadType=eteventstream] status=Processing
[2020.03.29-20.18.41:843][879]LogModuleManager: Shutting down and abandoning module SSL (50)
[2020.03.29-20.18.41:845][879]LogModuleManager: Shutting down and abandoning module WmfMedia (46)
[2020.03.29-20.18.41:859][879]LogModuleManager: Shutting down and abandoning module Media (45)
[2020.03.29-20.18.41:866][879]LogModuleManager: Shutting down and abandoning module MagicLeap (42)
[2020.03.29-20.18.41:866][879]LogModuleManager: Shutting down and abandoning module DatasmithContent (40)
[2020.03.29-20.18.41:867][879]LogModuleManager: Shutting down and abandoning module AnimationModifiers (38)
[2020.03.29-20.18.41:871][879]LogModuleManager: Shutting down and abandoning module PropertyEditor (37)
[2020.03.29-20.18.41:885][879]LogModuleManager: Shutting down and abandoning module AudioEditor (34)
[2020.03.29-20.18.41:886][879]LogModuleManager: Shutting down and abandoning module TextureCompressor (32)
[2020.03.29-20.18.41:886][879]LogModuleManager: Shutting down and abandoning module RenderCore (30)
[2020.03.29-20.18.41:886][879]LogModuleManager: Shutting down and abandoning module Landscape (28)
[2020.03.29-20.18.41:886][879]LogModuleManager: Shutting down and abandoning module SlateRHIRenderer (26)
[2020.03.29-20.18.41:896][879]LogModuleManager: Shutting down and abandoning module OpenGLDrv (24)
[2020.03.29-20.18.41:907][879]LogModuleManager: Shutting down and abandoning module D3D11RHI (22)
[2020.03.29-20.18.41:907][879]LogModuleManager: Shutting down and abandoning module AnimGraphRuntime (20)
[2020.03.29-20.18.41:907][879]LogModuleManager: Shutting down and abandoning module Renderer (18)
[2020.03.29-20.18.41:907][879]LogModuleManager: Shutting down and abandoning module Engine (16)
[2020.03.29-20.18.41:907][879]LogModuleManager: Shutting down and abandoning module CoreUObject (14)
[2020.03.29-20.18.41:907][879]LogModuleManager: Shutting down and abandoning module NetworkFile (12)
[2020.03.29-20.18.41:907][879]LogModuleManager: Shutting down and abandoning module CookedIterativeFile (10)
[2020.03.29-20.18.41:907][879]LogModuleManager: Shutting down and abandoning module StreamingFile (8)
[2020.03.29-20.18.41:907][879]LogModuleManager: Shutting down and abandoning module SandboxFile (6)
[2020.03.29-20.18.41:907][879]LogModuleManager: Shutting down and abandoning module PakFile (4)
[2020.03.29-20.18.41:907][879]LogModuleManager: Shutting down and abandoning module RSA (3)
[2020.03.29-20.18.41:935][879]LogExit: Exiting.
[2020.03.29-20.18.41:999][879]Log file closed, 03/29/20 16:18:41
