Log file open, 04/13/20 05:12:29
LogWindows: Failed to load 'aqProf.dll' (GetLastError=126)
LogWindows: File 'aqProf.dll' does not exist
LogWindows: Failed to load 'VtuneApi.dll' (GetLastError=126)
LogWindows: File 'VtuneApi.dll' does not exist
LogWindows: Failed to load 'VtuneApi32e.dll' (GetLastError=126)
LogWindows: File 'VtuneApi32e.dll' does not exist
LogConsoleResponse: Display: Failed to find resolution value strings in scalability ini. Falling back to default.
LogInit: Display: Running engine for game: Group5_PB
LogPakFile: Registered encryption key '00000000000000000000000000000000': 0 pak files mounted, 0 remain pending
LogPlatformFile: Not using cached read wrapper
LogTaskGraph: Started task graph with 5 named threads and 35 total threads with 3 sets of task threads.
LogStats: Stats thread started at 4.489697
LogD3D11RHI: Loaded GFSDK_Aftermath_Lib.x64.dll
LogICUInternationalization: ICU TimeZone Detection - Raw Offset: -5:00, Platform Override: ''
LogPluginManager: Mounting plugin Paper2D
LogPluginManager: Mounting plugin AISupport
LogPluginManager: Mounting plugin LightPropagationVolume
LogPluginManager: Mounting plugin ActorLayerUtilities
LogPluginManager: Mounting plugin AnimationSharing
LogPluginManager: Mounting plugin CLionSourceCodeAccess
LogPluginManager: Mounting plugin CodeLiteSourceCodeAccess
LogPluginManager: Mounting plugin GitSourceControl
LogPluginManager: Mounting plugin KDevelopSourceCodeAccess
LogPluginManager: Mounting plugin NullSourceCodeAccess
LogPluginManager: Mounting plugin PerforceSourceControl
LogPluginManager: Mounting plugin SubversionSourceControl
LogPluginManager: Mounting plugin UObjectPlugin
LogPluginManager: Mounting plugin VisualStudioCodeSourceCodeAccess
LogPluginManager: Mounting plugin VisualStudioSourceCodeAccess
LogPluginManager: Mounting plugin XCodeSourceCodeAccess
LogPluginManager: Mounting plugin AssetManagerEditor
LogPluginManager: Mounting plugin CryptoKeys
LogPluginManager: Mounting plugin DataValidation
LogPluginManager: Mounting plugin FacialAnimation
LogPluginManager: Mounting plugin GameplayTagsEditor
LogPluginManager: Mounting plugin MacGraphicsSwitching
LogPluginManager: Mounting plugin MaterialAnalyzer
LogPluginManager: Mounting plugin MobileLauncherProfileWizard
LogPluginManager: Mounting plugin PluginBrowser
LogPluginManager: Mounting plugin SpeedTreeImporter
LogPluginManager: Mounting plugin DatasmithContent
LogPluginManager: Mounting plugin VariantManagerContent
LogPluginManager: Mounting plugin AlembicImporter
LogPluginManager: Mounting plugin AppleImageUtils
LogPluginManager: Mounting plugin AppleVision
LogPluginManager: Mounting plugin BackChannel
LogPluginManager: Mounting plugin CharacterAI
LogPluginManager: Mounting plugin GeometryCache
LogPluginManager: Mounting plugin HTML5Networking
LogPluginManager: Mounting plugin ProxyLODPlugin
LogPluginManager: Mounting plugin SkeletalReduction
LogPluginManager: Mounting plugin MagicLeap
LogPluginManager: Mounting plugin MagicLeapMedia
LogPluginManager: Mounting plugin AndroidMedia
LogPluginManager: Mounting plugin AvfMedia
LogPluginManager: Mounting plugin ImgMedia
LogPluginManager: Mounting plugin LinearTimecode
LogPluginManager: Mounting plugin MediaCompositing
LogPluginManager: Mounting plugin MediaPlayerEditor
LogPluginManager: Mounting plugin WebMMedia
LogPluginManager: Mounting plugin WmfMedia
LogPluginManager: Mounting plugin TcpMessaging
LogPluginManager: Mounting plugin UdpMessaging
LogPluginManager: Mounting plugin ActorSequence
LogPluginManager: Mounting plugin LevelSequenceEditor
LogPluginManager: Mounting plugin MatineeToLevelSequence
LogPluginManager: Mounting plugin NetcodeUnitTest
LogPluginManager: Mounting plugin NUTUnrealEngine4
LogPluginManager: Mounting plugin OnlineSubsystemGooglePlay
LogPluginManager: Mounting plugin OnlineSubsystemIOS
LogPluginManager: Mounting plugin OnlineSubsystem
LogPluginManager: Mounting plugin OnlineSubsystemNull
LogPluginManager: Mounting plugin OnlineSubsystemUtils
LogPluginManager: Mounting plugin LauncherChunkInstaller
LogPluginManager: Mounting plugin AndroidDeviceProfileSelector
LogPluginManager: Mounting plugin AndroidMoviePlayer
LogPluginManager: Mounting plugin AndroidPermission
LogPluginManager: Mounting plugin ApexDestruction
LogPluginManager: Mounting plugin AppleMoviePlayer
LogPluginManager: Mounting plugin ArchVisCharacter
LogPluginManager: Mounting plugin AudioCapture
LogPluginManager: Mounting plugin CableComponent
LogPluginManager: Mounting plugin CustomMeshComponent
LogPluginManager: Mounting plugin EditableMesh
LogPluginManager: Mounting plugin ExampleDeviceProfileSelector
LogPluginManager: Mounting plugin Firebase
LogPluginManager: Mounting plugin GoogleCloudMessaging
LogPluginManager: Mounting plugin IOSDeviceProfileSelector
LogPluginManager: Mounting plugin LinuxDeviceProfileSelector
LogPluginManager: Mounting plugin LocationServicesBPLibrary
LogPluginManager: Mounting plugin MobilePatchingUtils
LogPluginManager: Mounting plugin OculusVR
LogPluginManager: Mounting plugin PhysXVehicles
LogPluginManager: Mounting plugin ProceduralMeshComponent
LogPluginManager: Mounting plugin RuntimePhysXCooking
LogPluginManager: Mounting plugin SignificanceManager
LogPluginManager: Mounting plugin SteamVR
LogPluginManager: Mounting plugin WebMMoviePlayer
LogPluginManager: Mounting plugin WindowsMoviePlayer
LogInit: Using libcurl 7.55.1-DEV
LogInit:  - built for x86_64-pc-win32
LogInit:  - supports SSL with OpenSSL/1.1.1
LogInit:  - supports HTTP deflate (compression) using libz 1.2.8
LogInit:  - other features:
LogInit:      CURL_VERSION_SSL
LogInit:      CURL_VERSION_LIBZ
LogInit:      CURL_VERSION_IPV6
LogInit:      CURL_VERSION_ASYNCHDNS
LogInit:      CURL_VERSION_LARGEFILE
LogInit:      CURL_VERSION_IDN
LogInit:  CurlRequestOptions (configurable via config and command line):
LogInit:  - bVerifyPeer = true  - Libcurl will verify peer certificate
LogInit:  - bUseHttpProxy = false  - Libcurl will NOT use HTTP proxy
LogInit:  - bDontReuseConnections = false  - Libcurl will reuse connections
LogInit:  - MaxHostConnections = 16  - Libcurl will limit the number of connections to a host
LogInit:  - LocalHostAddr = Default
LogInit:  - BufferSize = 65536
LogInit: WinSock: version 1.1 (2.2), MaxSocks=32767, MaxUdp=65467
LogInit: Build: ++UE4+Release-4.22-CL-7053642
LogInit: Engine Version: 4.22.3-7053642+++UE4+Release-4.22
LogInit: Compatible Engine Version: 4.22.0-5660361+++UE4+Release-4.22
LogInit: Net CL: 5660361
LogInit: OS: Windows 10 (Release 1903) (), CPU: Intel(R) Core(TM) i7-8750H CPU @ 2.20GHz, GPU: Intel(R) UHD Graphics 630
LogInit: Compiled (64-bit): Jun 18 2019 03:09:11
LogInit: Compiled with Visual C++: 19.16.27025.01
LogInit: Build Configuration: Development
LogInit: Branch Name: ++UE4+Release-4.22
LogInit: Command Line: 
LogInit: Base Directory: D:/UE_4.22/Engine/Binaries/Win64/
LogInit: Installed Engine Build: 1
LogDevObjectVersion: Number of dev versions registered: 23
LogDevObjectVersion:   Dev-Blueprints (B0D832E4-1F89-4F0D-ACCF-7EB736FD4AA2): 10
LogDevObjectVersion:   Dev-Build (E1C64328-A22C-4D53-A36C-8E866417BD8C): 0
LogDevObjectVersion:   Dev-Core (375EC13C-06E4-48FB-B500-84F0262A717E): 3
LogDevObjectVersion:   Dev-Editor (E4B068ED-F494-42E9-A231-DA0B2E46BB41): 30
LogDevObjectVersion:   Dev-Framework (CFFC743F-43B0-4480-9391-14DF171D2073): 35
LogDevObjectVersion:   Dev-Mobile (B02B49B5-BB20-44E9-A304-32B752E40360): 2
LogDevObjectVersion:   Dev-Networking (A4E4105C-59A1-49B5-A7C5-40C4547EDFEE): 0
LogDevObjectVersion:   Dev-Online (39C831C9-5AE6-47DC-9A44-9C173E1C8E7C): 0
LogDevObjectVersion:   Dev-Physics (78F01B33-EBEA-4F98-B9B4-84EACCB95AA2): 0
LogDevObjectVersion:   Dev-Platform (6631380F-2D4D-43E0-8009-CF276956A95A): 0
LogDevObjectVersion:   Dev-Rendering (12F88B9F-8875-4AFC-A67C-D90C383ABD29): 28
LogDevObjectVersion:   Dev-Sequencer (7B5AE74C-D270-4C10-A958-57980B212A5A): 11
LogDevObjectVersion:   Dev-VR (D7296918-1DD6-4BDD-9DE2-64A83CC13884): 2
LogDevObjectVersion:   Dev-LoadTimes (C2A15278-BFE7-4AFE-6C17-90FF531DF755): 1
LogDevObjectVersion:   Private-Geometry (6EACA3D4-40EC-4CC1-B786-8BED09428FC5): 3
LogDevObjectVersion:   Dev-AnimPhys (29E575DD-E0A3-4627-9D10-D276232CDCEA): 17
LogDevObjectVersion:   Dev-Anim (AF43A65D-7FD3-4947-9873-3E8ED9C1BB05): 2
LogDevObjectVersion:   Dev-ReflectionCapture (6B266CEC-1EC7-4B8F-A30B-E4D90942FC07): 1
LogDevObjectVersion:   Dev-Automation (0DF73D61-A23F-47EA-B727-89E90C41499A): 1
LogDevObjectVersion:   FortniteMain (601D1886-AC64-4F84-AA16-D3DE0DEAC7D6): 25
LogDevObjectVersion:   Dev-Enterprise (9DFFBCD6-494F-0158-E221-12823C92A888): 6
LogDevObjectVersion:   Dev-Niagara (F2AED0AC-9AFE-416F-8664-AA7FFA26D6FC): 1
LogDevObjectVersion:   Dev-Destruction (174F1F0B-B4C6-45A5-B13F-2EE8D0FB917D): 2
LogInit: Presizing for max 16777216 objects, including 0 objects not considered by GC, pre-allocating 0 bytes for permanent pool.
LogInit: Object subsystem initialized
LogConfig: Setting CVar [[con.DebugEarlyDefault:1]]
LogConfig: Setting CVar [[r.setres:1280x720]]
[2020.04.13-09.12.33:556][  0]LogConfig: Setting CVar [[r.VSync:0]]
[2020.04.13-09.12.33:556][  0]LogConfig: Setting CVar [[r.RHICmdBypass:0]]
[2020.04.13-09.12.33:556][  0]LogConfig: Applying CVar settings from Section [/Script/Engine.RendererSettings] File [D:/Spring 2020/Level Design/Space-Dungeon/Group5_PB/Saved/Config/Windows/Engine.ini]
[2020.04.13-09.12.33:556][  0]LogConfig: Setting CVar [[r.GPUCrashDebugging:0]]
[2020.04.13-09.12.33:556][  0]LogConfig: Setting CVar [[r.DefaultFeature.AutoExposure.ExtendDefaultLuminanceRange:1]]
[2020.04.13-09.12.33:556][  0]LogConfig: Setting CVar [[r.DefaultFeature.AutoExposure:0]]
[2020.04.13-09.12.33:556][  0]LogConfig: Applying CVar settings from Section [/Script/Engine.RendererOverrideSettings] File [D:/Spring 2020/Level Design/Space-Dungeon/Group5_PB/Saved/Config/Windows/Engine.ini]
[2020.04.13-09.12.33:556][  0]LogConfig: Applying CVar settings from Section [/Script/Engine.StreamingSettings] File [D:/Spring 2020/Level Design/Space-Dungeon/Group5_PB/Saved/Config/Windows/Engine.ini]
[2020.04.13-09.12.33:556][  0]LogConfig: Setting CVar [[s.MinBulkDataSizeForAsyncLoading:131072]]
[2020.04.13-09.12.33:556][  0]LogConfig: Setting CVar [[s.AsyncLoadingThreadEnabled:0]]
[2020.04.13-09.12.33:556][  0]LogConfig: Setting CVar [[s.EventDrivenLoaderEnabled:1]]
[2020.04.13-09.12.33:556][  0]LogConfig: Setting CVar [[s.WarnIfTimeLimitExceeded:0]]
[2020.04.13-09.12.33:556][  0]LogConfig: Setting CVar [[s.TimeLimitExceededMultiplier:1.5]]
[2020.04.13-09.12.33:556][  0]LogConfig: Setting CVar [[s.TimeLimitExceededMinTime:0.005]]
[2020.04.13-09.12.33:556][  0]LogConfig: Setting CVar [[s.UseBackgroundLevelStreaming:1]]
[2020.04.13-09.12.33:557][  0]LogConfig: Setting CVar [[s.PriorityAsyncLoadingExtraTime:15.0]]
[2020.04.13-09.12.33:557][  0]LogConfig: Setting CVar [[s.LevelStreamingActorsUpdateTimeLimit:5.0]]
[2020.04.13-09.12.33:557][  0]LogConfig: Setting CVar [[s.PriorityLevelStreamingActorsUpdateExtraTime:5.0]]
[2020.04.13-09.12.33:557][  0]LogConfig: Setting CVar [[s.LevelStreamingComponentsRegistrationGranularity:10]]
[2020.04.13-09.12.33:557][  0]LogConfig: Setting CVar [[s.UnregisterComponentsTimeLimit:1.0]]
[2020.04.13-09.12.33:557][  0]LogConfig: Setting CVar [[s.LevelStreamingComponentsUnregistrationGranularity:5]]
[2020.04.13-09.12.33:557][  0]LogConfig: Applying CVar settings from Section [/Script/Engine.GarbageCollectionSettings] File [D:/Spring 2020/Level Design/Space-Dungeon/Group5_PB/Saved/Config/Windows/Engine.ini]
[2020.04.13-09.12.33:557][  0]LogConfig: Setting CVar [[gc.MaxObjectsNotConsideredByGC:1]]
[2020.04.13-09.12.33:557][  0]LogConfig: Setting CVar [[gc.SizeOfPermanentObjectPool:0]]
[2020.04.13-09.12.33:557][  0]LogConfig: Setting CVar [[gc.FlushStreamingOnGC:0]]
[2020.04.13-09.12.33:557][  0]LogConfig: Setting CVar [[gc.NumRetriesBeforeForcingGC:10]]
[2020.04.13-09.12.33:557][  0]LogConfig: Setting CVar [[gc.AllowParallelGC:1]]
[2020.04.13-09.12.33:557][  0]LogConfig: Setting CVar [[gc.TimeBetweenPurgingPendingKillObjects:61.1]]
[2020.04.13-09.12.33:557][  0]LogConfig: Setting CVar [[gc.MaxObjectsInEditor:16777216]]
[2020.04.13-09.12.33:557][  0]LogConfig: Setting CVar [[gc.IncrementalBeginDestroyEnabled:1]]
[2020.04.13-09.12.33:557][  0]LogConfig: Setting CVar [[gc.CreateGCClusters:1]]
[2020.04.13-09.12.33:557][  0]LogConfig: Setting CVar [[gc.MinGCClusterSize:5]]
[2020.04.13-09.12.33:557][  0]LogConfig: Setting CVar [[gc.ActorClusteringEnabled:0]]
[2020.04.13-09.12.33:557][  0]LogConfig: Setting CVar [[gc.BlueprintClusteringEnabled:0]]
[2020.04.13-09.12.33:557][  0]LogConfig: Setting CVar [[gc.UseDisregardForGCOnDedicatedServers:0]]
[2020.04.13-09.12.33:557][  0]LogConfig: Applying CVar settings from Section [/Script/Engine.NetworkSettings] File [D:/Spring 2020/Level Design/Space-Dungeon/Group5_PB/Saved/Config/Windows/Engine.ini]
[2020.04.13-09.12.33:557][  0]LogConfig: Applying CVar settings from Section [/Script/UnrealEd.CookerSettings] File [D:/Spring 2020/Level Design/Space-Dungeon/Group5_PB/Saved/Config/Windows/Engine.ini]
[2020.04.13-09.12.33:637][  0]LogConfig: Applying CVar settings from Section [ViewDistanceQuality@3] File [D:/Spring 2020/Level Design/Space-Dungeon/Group5_PB/Saved/Config/Windows/Scalability.ini]
[2020.04.13-09.12.33:637][  0]LogConfig: Setting CVar [[r.SkeletalMeshLODBias:0]]
[2020.04.13-09.12.33:637][  0]LogConfig: Setting CVar [[r.ViewDistanceScale:1.0]]
[2020.04.13-09.12.33:637][  0]LogConfig: Applying CVar settings from Section [AntiAliasingQuality@3] File [D:/Spring 2020/Level Design/Space-Dungeon/Group5_PB/Saved/Config/Windows/Scalability.ini]
[2020.04.13-09.12.33:637][  0]LogConfig: Setting CVar [[r.PostProcessAAQuality:4]]
[2020.04.13-09.12.33:637][  0]LogConfig: Applying CVar settings from Section [ShadowQuality@3] File [D:/Spring 2020/Level Design/Space-Dungeon/Group5_PB/Saved/Config/Windows/Scalability.ini]
[2020.04.13-09.12.33:637][  0]LogConfig: Setting CVar [[r.LightFunctionQuality:1]]
[2020.04.13-09.12.33:637][  0]LogConfig: Setting CVar [[r.ShadowQuality:5]]
[2020.04.13-09.12.33:637][  0]LogConfig: Setting CVar [[r.Shadow.CSM.MaxCascades:10]]
[2020.04.13-09.12.33:637][  0]LogConfig: Setting CVar [[r.Shadow.MaxResolution:2048]]
[2020.04.13-09.12.33:637][  0]LogConfig: Setting CVar [[r.Shadow.MaxCSMResolution:2048]]
[2020.04.13-09.12.33:637][  0]LogConfig: Setting CVar [[r.Shadow.RadiusThreshold:0.01]]
[2020.04.13-09.12.33:637][  0]LogConfig: Setting CVar [[r.Shadow.DistanceScale:1.0]]
[2020.04.13-09.12.33:637][  0]LogConfig: Setting CVar [[r.Shadow.CSM.TransitionScale:1.0]]
[2020.04.13-09.12.33:637][  0]LogConfig: Setting CVar [[r.Shadow.PreShadowResolutionFactor:1.0]]
[2020.04.13-09.12.33:637][  0]LogConfig: Setting CVar [[r.DistanceFieldShadowing:1]]
[2020.04.13-09.12.33:637][  0]LogConfig: Setting CVar [[r.DistanceFieldAO:1]]
[2020.04.13-09.12.33:637][  0]LogConfig: Setting CVar [[r.AOQuality:2]]
[2020.04.13-09.12.33:637][  0]LogConfig: Setting CVar [[r.VolumetricFog:1]]
[2020.04.13-09.12.33:637][  0]LogConfig: Setting CVar [[r.VolumetricFog.GridPixelSize:8]]
[2020.04.13-09.12.33:637][  0]LogConfig: Setting CVar [[r.VolumetricFog.GridSizeZ:128]]
[2020.04.13-09.12.33:637][  0]LogConfig: Setting CVar [[r.VolumetricFog.HistoryMissSupersampleCount:4]]
[2020.04.13-09.12.33:637][  0]LogConfig: Setting CVar [[r.LightMaxDrawDistanceScale:1]]
[2020.04.13-09.12.33:637][  0]LogConfig: Setting CVar [[r.CapsuleShadows:1]]
[2020.04.13-09.12.33:637][  0]LogConfig: Applying CVar settings from Section [PostProcessQuality@3] File [D:/Spring 2020/Level Design/Space-Dungeon/Group5_PB/Saved/Config/Windows/Scalability.ini]
[2020.04.13-09.12.33:638][  0]LogConfig: Setting CVar [[r.MotionBlurQuality:4]]
[2020.04.13-09.12.33:638][  0]LogConfig: Setting CVar [[r.AmbientOcclusionMipLevelFactor:0.4]]
[2020.04.13-09.12.33:638][  0]LogConfig: Setting CVar [[r.AmbientOcclusionMaxQuality:100]]
[2020.04.13-09.12.33:638][  0]LogConfig: Setting CVar [[r.AmbientOcclusionLevels:-1]]
[2020.04.13-09.12.33:638][  0]LogConfig: Setting CVar [[r.AmbientOcclusionRadiusScale:1.0]]
[2020.04.13-09.12.33:638][  0]LogConfig: Setting CVar [[r.DepthOfFieldQuality:2]]
[2020.04.13-09.12.33:638][  0]LogConfig: Setting CVar [[r.RenderTargetPoolMin:400]]
[2020.04.13-09.12.33:638][  0]LogConfig: Setting CVar [[r.LensFlareQuality:2]]
[2020.04.13-09.12.33:638][  0]LogConfig: Setting CVar [[r.SceneColorFringeQuality:1]]
[2020.04.13-09.12.33:638][  0]LogConfig: Setting CVar [[r.EyeAdaptationQuality:2]]
[2020.04.13-09.12.33:638][  0]LogConfig: Setting CVar [[r.BloomQuality:5]]
[2020.04.13-09.12.33:638][  0]LogConfig: Setting CVar [[r.FastBlurThreshold:100]]
[2020.04.13-09.12.33:638][  0]LogConfig: Setting CVar [[r.Upscale.Quality:3]]
[2020.04.13-09.12.33:638][  0]LogConfig: Setting CVar [[r.Tonemapper.GrainQuantization:1]]
[2020.04.13-09.12.33:638][  0]LogConfig: Setting CVar [[r.LightShaftQuality:1]]
[2020.04.13-09.12.33:638][  0]LogConfig: Setting CVar [[r.Filter.SizeScale:1]]
[2020.04.13-09.12.33:638][  0]LogConfig: Setting CVar [[r.Tonemapper.Quality:5]]
[2020.04.13-09.12.33:638][  0]LogConfig: Setting CVar [[r.DOF.Gather.AccumulatorQuality:1        ; higher gathering accumulator quality]]
[2020.04.13-09.12.33:638][  0]LogConfig: Setting CVar [[r.DOF.Gather.PostfilterMethod:1          ; Median3x3 postfilering method]]
[2020.04.13-09.12.33:638][  0]LogConfig: Setting CVar [[r.DOF.Gather.EnableBokehSettings:0       ; no bokeh simulation when gathering]]
[2020.04.13-09.12.33:638][  0]LogConfig: Setting CVar [[r.DOF.Gather.RingCount:4                 ; medium number of samples when gathering]]
[2020.04.13-09.12.33:638][  0]LogConfig: Setting CVar [[r.DOF.Scatter.ForegroundCompositing:1    ; additive foreground scattering]]
[2020.04.13-09.12.33:638][  0]LogConfig: Setting CVar [[r.DOF.Scatter.BackgroundCompositing:2    ; additive background scattering]]
[2020.04.13-09.12.33:638][  0]LogConfig: Setting CVar [[r.DOF.Scatter.EnableBokehSettings:1      ; bokeh simulation when scattering]]
[2020.04.13-09.12.33:638][  0]LogConfig: Setting CVar [[r.DOF.Scatter.MaxSpriteRatio:0.1         ; only a maximum of 10% of scattered bokeh]]
[2020.04.13-09.12.33:638][  0]LogConfig: Setting CVar [[r.DOF.Recombine.Quality:1                ; cheap slight out of focus]]
[2020.04.13-09.12.33:638][  0]LogConfig: Setting CVar [[r.DOF.Recombine.EnableBokehSettings:0    ; no bokeh simulation on slight out of focus]]
[2020.04.13-09.12.33:638][  0]LogConfig: Setting CVar [[r.DOF.TemporalAAQuality:1                ; more stable temporal accumulation]]
[2020.04.13-09.12.33:638][  0]LogConfig: Setting CVar [[r.DOF.Kernel.MaxForegroundRadius:0.025]]
[2020.04.13-09.12.33:638][  0]LogConfig: Setting CVar [[r.DOF.Kernel.MaxBackgroundRadius:0.025]]
[2020.04.13-09.12.33:638][  0]LogConfig: Applying CVar settings from Section [TextureQuality@3] File [D:/Spring 2020/Level Design/Space-Dungeon/Group5_PB/Saved/Config/Windows/Scalability.ini]
[2020.04.13-09.12.33:638][  0]LogConfig: Setting CVar [[r.Streaming.MipBias:0]]
[2020.04.13-09.12.33:638][  0]LogConfig: Setting CVar [[r.Streaming.AmortizeCPUToGPUCopy:0]]
[2020.04.13-09.12.33:638][  0]LogConfig: Setting CVar [[r.Streaming.MaxNumTexturesToStreamPerFrame:0]]
[2020.04.13-09.12.33:638][  0]LogConfig: Setting CVar [[r.Streaming.Boost:1]]
[2020.04.13-09.12.33:638][  0]LogConfig: Setting CVar [[r.MaxAnisotropy:8]]
[2020.04.13-09.12.33:638][  0]LogConfig: Setting CVar [[r.Streaming.LimitPoolSizeToVRAM:0]]
[2020.04.13-09.12.33:638][  0]LogConfig: Setting CVar [[r.Streaming.PoolSize:1000]]
[2020.04.13-09.12.33:638][  0]LogConfig: Setting CVar [[r.Streaming.MaxEffectiveScreenSize:0]]
[2020.04.13-09.12.33:638][  0]LogConfig: Applying CVar settings from Section [EffectsQuality@3] File [D:/Spring 2020/Level Design/Space-Dungeon/Group5_PB/Saved/Config/Windows/Scalability.ini]
[2020.04.13-09.12.33:638][  0]LogConfig: Setting CVar [[r.TranslucencyLightingVolumeDim:64]]
[2020.04.13-09.12.33:638][  0]LogConfig: Setting CVar [[r.RefractionQuality:2]]
[2020.04.13-09.12.33:638][  0]LogConfig: Setting CVar [[r.SSR.Quality:3]]
[2020.04.13-09.12.33:638][  0]LogConfig: Setting CVar [[r.SceneColorFormat:4]]
[2020.04.13-09.12.33:638][  0]LogConfig: Setting CVar [[r.DetailMode:2]]
[2020.04.13-09.12.33:638][  0]LogConfig: Setting CVar [[r.TranslucencyVolumeBlur:1]]
[2020.04.13-09.12.33:638][  0]LogConfig: Setting CVar [[r.MaterialQualityLevel:1 ; High quality]]
[2020.04.13-09.12.33:638][  0]LogConfig: Setting CVar [[r.SSS.Scale:1]]
[2020.04.13-09.12.33:638][  0]LogConfig: Setting CVar [[r.SSS.SampleSet:2]]
[2020.04.13-09.12.33:638][  0]LogConfig: Setting CVar [[r.SSS.Quality:1]]
[2020.04.13-09.12.33:638][  0]LogConfig: Setting CVar [[r.SSS.HalfRes:1]]
[2020.04.13-09.12.33:638][  0]LogConfig: Setting CVar [[r.EmitterSpawnRateScale:1.0]]
[2020.04.13-09.12.33:638][  0]LogConfig: Setting CVar [[r.ParticleLightQuality:2]]
[2020.04.13-09.12.33:638][  0]LogConfig: Applying CVar settings from Section [FoliageQuality@3] File [D:/Spring 2020/Level Design/Space-Dungeon/Group5_PB/Saved/Config/Windows/Scalability.ini]
[2020.04.13-09.12.33:638][  0]LogConfig: Setting CVar [[foliage.DensityScale:1.0]]
[2020.04.13-09.12.33:638][  0]LogConfig: Setting CVar [[grass.DensityScale:1.0]]
[2020.04.13-09.12.33:659][  0]LogInit: Selected Device Profile: [Windows]
[2020.04.13-09.12.33:659][  0]LogInit: Applying CVar settings loaded from the selected device profile: [Windows]
[2020.04.13-09.12.33:718][  0]LogHAL: Display: Platform has ~ 16 GB [16964153344 / 17179869184 / 16], which maps to Larger [LargestMinGB=32, LargerMinGB=12, DefaultMinGB=8, SmallerMinGB=6, SmallestMinGB=0)
[2020.04.13-09.12.33:723][  0]LogConfig: Setting CVar [[r.Vulkan.UseRealUBs:0		; Required until we fix HLR fall-out]]
[2020.04.13-09.12.33:723][  0]LogInit: Going up to parent DeviceProfile []
[2020.04.13-09.12.33:724][  0]LogConfig: Applying CVar settings from Section [ViewDistanceQuality@3] File [D:/Spring 2020/Level Design/Space-Dungeon/Group5_PB/Saved/Config/Windows/Scalability.ini]
[2020.04.13-09.12.33:724][  0]LogConfig: Setting CVar [[r.SkeletalMeshLODBias:0]]
[2020.04.13-09.12.33:724][  0]LogConfig: Setting CVar [[r.ViewDistanceScale:1.0]]
[2020.04.13-09.12.33:724][  0]LogConfig: Applying CVar settings from Section [AntiAliasingQuality@3] File [D:/Spring 2020/Level Design/Space-Dungeon/Group5_PB/Saved/Config/Windows/Scalability.ini]
[2020.04.13-09.12.33:724][  0]LogConfig: Setting CVar [[r.PostProcessAAQuality:4]]
[2020.04.13-09.12.33:724][  0]LogConfig: Applying CVar settings from Section [ShadowQuality@3] File [D:/Spring 2020/Level Design/Space-Dungeon/Group5_PB/Saved/Config/Windows/Scalability.ini]
[2020.04.13-09.12.33:724][  0]LogConfig: Setting CVar [[r.LightFunctionQuality:1]]
[2020.04.13-09.12.33:724][  0]LogConfig: Setting CVar [[r.ShadowQuality:5]]
[2020.04.13-09.12.33:724][  0]LogConfig: Setting CVar [[r.Shadow.CSM.MaxCascades:10]]
[2020.04.13-09.12.33:724][  0]LogConfig: Setting CVar [[r.Shadow.MaxResolution:2048]]
[2020.04.13-09.12.33:724][  0]LogConfig: Setting CVar [[r.Shadow.MaxCSMResolution:2048]]
[2020.04.13-09.12.33:724][  0]LogConfig: Setting CVar [[r.Shadow.RadiusThreshold:0.01]]
[2020.04.13-09.12.33:724][  0]LogConfig: Setting CVar [[r.Shadow.DistanceScale:1.0]]
[2020.04.13-09.12.33:724][  0]LogConfig: Setting CVar [[r.Shadow.CSM.TransitionScale:1.0]]
[2020.04.13-09.12.33:724][  0]LogConfig: Setting CVar [[r.Shadow.PreShadowResolutionFactor:1.0]]
[2020.04.13-09.12.33:724][  0]LogConfig: Setting CVar [[r.DistanceFieldShadowing:1]]
[2020.04.13-09.12.33:724][  0]LogConfig: Setting CVar [[r.DistanceFieldAO:1]]
[2020.04.13-09.12.33:724][  0]LogConfig: Setting CVar [[r.AOQuality:2]]
[2020.04.13-09.12.33:724][  0]LogConfig: Setting CVar [[r.VolumetricFog:1]]
[2020.04.13-09.12.33:724][  0]LogConfig: Setting CVar [[r.VolumetricFog.GridPixelSize:8]]
[2020.04.13-09.12.33:724][  0]LogConfig: Setting CVar [[r.VolumetricFog.GridSizeZ:128]]
[2020.04.13-09.12.33:724][  0]LogConfig: Setting CVar [[r.VolumetricFog.HistoryMissSupersampleCount:4]]
[2020.04.13-09.12.33:724][  0]LogConfig: Setting CVar [[r.LightMaxDrawDistanceScale:1]]
[2020.04.13-09.12.33:724][  0]LogConfig: Setting CVar [[r.CapsuleShadows:1]]
[2020.04.13-09.12.33:724][  0]LogConfig: Applying CVar settings from Section [PostProcessQuality@3] File [D:/Spring 2020/Level Design/Space-Dungeon/Group5_PB/Saved/Config/Windows/Scalability.ini]
[2020.04.13-09.12.33:725][  0]LogConfig: Setting CVar [[r.MotionBlurQuality:4]]
[2020.04.13-09.12.33:725][  0]LogConfig: Setting CVar [[r.AmbientOcclusionMipLevelFactor:0.4]]
[2020.04.13-09.12.33:725][  0]LogConfig: Setting CVar [[r.AmbientOcclusionMaxQuality:100]]
[2020.04.13-09.12.33:725][  0]LogConfig: Setting CVar [[r.AmbientOcclusionLevels:-1]]
[2020.04.13-09.12.33:725][  0]LogConfig: Setting CVar [[r.AmbientOcclusionRadiusScale:1.0]]
[2020.04.13-09.12.33:725][  0]LogConfig: Setting CVar [[r.DepthOfFieldQuality:2]]
[2020.04.13-09.12.33:725][  0]LogConfig: Setting CVar [[r.RenderTargetPoolMin:400]]
[2020.04.13-09.12.33:725][  0]LogConfig: Setting CVar [[r.LensFlareQuality:2]]
[2020.04.13-09.12.33:725][  0]LogConfig: Setting CVar [[r.SceneColorFringeQuality:1]]
[2020.04.13-09.12.33:725][  0]LogConfig: Setting CVar [[r.EyeAdaptationQuality:2]]
[2020.04.13-09.12.33:725][  0]LogConfig: Setting CVar [[r.BloomQuality:5]]
[2020.04.13-09.12.33:725][  0]LogConfig: Setting CVar [[r.FastBlurThreshold:100]]
[2020.04.13-09.12.33:725][  0]LogConfig: Setting CVar [[r.Upscale.Quality:3]]
[2020.04.13-09.12.33:725][  0]LogConfig: Setting CVar [[r.Tonemapper.GrainQuantization:1]]
[2020.04.13-09.12.33:725][  0]LogConfig: Setting CVar [[r.LightShaftQuality:1]]
[2020.04.13-09.12.33:725][  0]LogConfig: Setting CVar [[r.Filter.SizeScale:1]]
[2020.04.13-09.12.33:725][  0]LogConfig: Setting CVar [[r.Tonemapper.Quality:5]]
[2020.04.13-09.12.33:725][  0]LogConfig: Setting CVar [[r.DOF.Gather.AccumulatorQuality:1        ; higher gathering accumulator quality]]
[2020.04.13-09.12.33:725][  0]LogConfig: Setting CVar [[r.DOF.Gather.PostfilterMethod:1          ; Median3x3 postfilering method]]
[2020.04.13-09.12.33:725][  0]LogConfig: Setting CVar [[r.DOF.Gather.EnableBokehSettings:0       ; no bokeh simulation when gathering]]
[2020.04.13-09.12.33:725][  0]LogConfig: Setting CVar [[r.DOF.Gather.RingCount:4                 ; medium number of samples when gathering]]
[2020.04.13-09.12.33:725][  0]LogConfig: Setting CVar [[r.DOF.Scatter.ForegroundCompositing:1    ; additive foreground scattering]]
[2020.04.13-09.12.33:725][  0]LogConfig: Setting CVar [[r.DOF.Scatter.BackgroundCompositing:2    ; additive background scattering]]
[2020.04.13-09.12.33:725][  0]LogConfig: Setting CVar [[r.DOF.Scatter.EnableBokehSettings:1      ; bokeh simulation when scattering]]
[2020.04.13-09.12.33:725][  0]LogConfig: Setting CVar [[r.DOF.Scatter.MaxSpriteRatio:0.1         ; only a maximum of 10% of scattered bokeh]]
[2020.04.13-09.12.33:725][  0]LogConfig: Setting CVar [[r.DOF.Recombine.Quality:1                ; cheap slight out of focus]]
[2020.04.13-09.12.33:725][  0]LogConfig: Setting CVar [[r.DOF.Recombine.EnableBokehSettings:0    ; no bokeh simulation on slight out of focus]]
[2020.04.13-09.12.33:725][  0]LogConfig: Setting CVar [[r.DOF.TemporalAAQuality:1                ; more stable temporal accumulation]]
[2020.04.13-09.12.33:725][  0]LogConfig: Setting CVar [[r.DOF.Kernel.MaxForegroundRadius:0.025]]
[2020.04.13-09.12.33:725][  0]LogConfig: Setting CVar [[r.DOF.Kernel.MaxBackgroundRadius:0.025]]
[2020.04.13-09.12.33:725][  0]LogConfig: Applying CVar settings from Section [TextureQuality@3] File [D:/Spring 2020/Level Design/Space-Dungeon/Group5_PB/Saved/Config/Windows/Scalability.ini]
[2020.04.13-09.12.33:725][  0]LogConfig: Setting CVar [[r.Streaming.MipBias:0]]
[2020.04.13-09.12.33:725][  0]LogConfig: Setting CVar [[r.Streaming.AmortizeCPUToGPUCopy:0]]
[2020.04.13-09.12.33:725][  0]LogConfig: Setting CVar [[r.Streaming.MaxNumTexturesToStreamPerFrame:0]]
[2020.04.13-09.12.33:725][  0]LogConfig: Setting CVar [[r.Streaming.Boost:1]]
[2020.04.13-09.12.33:725][  0]LogConfig: Setting CVar [[r.MaxAnisotropy:8]]
[2020.04.13-09.12.33:725][  0]LogConfig: Setting CVar [[r.Streaming.LimitPoolSizeToVRAM:0]]
[2020.04.13-09.12.33:725][  0]LogConfig: Setting CVar [[r.Streaming.PoolSize:1000]]
[2020.04.13-09.12.33:725][  0]LogConfig: Setting CVar [[r.Streaming.MaxEffectiveScreenSize:0]]
[2020.04.13-09.12.33:725][  0]LogConfig: Applying CVar settings from Section [EffectsQuality@3] File [D:/Spring 2020/Level Design/Space-Dungeon/Group5_PB/Saved/Config/Windows/Scalability.ini]
[2020.04.13-09.12.33:725][  0]LogConfig: Setting CVar [[r.TranslucencyLightingVolumeDim:64]]
[2020.04.13-09.12.33:725][  0]LogConfig: Setting CVar [[r.RefractionQuality:2]]
[2020.04.13-09.12.33:725][  0]LogConfig: Setting CVar [[r.SSR.Quality:3]]
[2020.04.13-09.12.33:725][  0]LogConfig: Setting CVar [[r.SceneColorFormat:4]]
[2020.04.13-09.12.33:725][  0]LogConfig: Setting CVar [[r.DetailMode:2]]
[2020.04.13-09.12.33:725][  0]LogConfig: Setting CVar [[r.TranslucencyVolumeBlur:1]]
[2020.04.13-09.12.33:725][  0]LogConfig: Setting CVar [[r.MaterialQualityLevel:1 ; High quality]]
[2020.04.13-09.12.33:725][  0]LogConfig: Setting CVar [[r.SSS.Scale:1]]
[2020.04.13-09.12.33:725][  0]LogConfig: Setting CVar [[r.SSS.SampleSet:2]]
[2020.04.13-09.12.33:725][  0]LogConfig: Setting CVar [[r.SSS.Quality:1]]
[2020.04.13-09.12.33:725][  0]LogConfig: Setting CVar [[r.SSS.HalfRes:1]]
[2020.04.13-09.12.33:725][  0]LogConfig: Setting CVar [[r.EmitterSpawnRateScale:1.0]]
[2020.04.13-09.12.33:725][  0]LogConfig: Setting CVar [[r.ParticleLightQuality:2]]
[2020.04.13-09.12.33:725][  0]LogConfig: Applying CVar settings from Section [FoliageQuality@3] File [D:/Spring 2020/Level Design/Space-Dungeon/Group5_PB/Saved/Config/Windows/Scalability.ini]
[2020.04.13-09.12.33:725][  0]LogConfig: Setting CVar [[foliage.DensityScale:1.0]]
[2020.04.13-09.12.33:725][  0]LogConfig: Setting CVar [[grass.DensityScale:1.0]]
[2020.04.13-09.12.33:725][  0]LogConfig: Applying CVar settings from Section [Startup] File [../../../Engine/Config/ConsoleVariables.ini]
[2020.04.13-09.12.33:730][  0]LogConfig: Setting CVar [[net.UseAdaptiveNetUpdateFrequency:0]]
[2020.04.13-09.12.33:731][  0]LogConfig: Setting CVar [[p.chaos.AllowCreatePhysxBodies:1]]
[2020.04.13-09.12.33:731][  0]LogConfig: Applying CVar settings from Section [ConsoleVariables] File [D:/Spring 2020/Level Design/Space-Dungeon/Group5_PB/Saved/Config/Windows/Engine.ini]
[2020.04.13-09.12.33:744][  0]LogInit: Computer: DESKTOP-MJT05JV
[2020.04.13-09.12.33:744][  0]LogInit: User: ivana
[2020.04.13-09.12.33:744][  0]LogInit: CPU Page size=4096, Cores=6
[2020.04.13-09.12.33:744][  0]LogInit: High frequency timer resolution =10.000000 MHz
[2020.04.13-09.12.33:744][  0]LogMemory: Memory total: Physical=15.8GB (16GB approx)
[2020.04.13-09.12.33:744][  0]LogMemory: Platform Memory Stats for Windows
[2020.04.13-09.12.33:744][  0]LogMemory: Process Physical Memory: 98.64 MB used, 98.64 MB peak
[2020.04.13-09.12.33:744][  0]LogMemory: Process Virtual Memory: 92.13 MB used, 92.13 MB peak
[2020.04.13-09.12.33:744][  0]LogMemory: Physical Memory: 7934.88 MB used,  8243.39 MB free, 16178.28 MB total
[2020.04.13-09.12.33:744][  0]LogMemory: Virtual Memory: 4662.55 MB used,  134213064.00 MB free, 134217728.00 MB total
[2020.04.13-09.12.34:392][  0]LogInit: Using OS detected language (en-US).
[2020.04.13-09.12.34:392][  0]LogInit: Using OS detected locale (en-US).
[2020.04.13-09.12.34:535][  0]LogTextLocalizationManager: No specific localization for 'en-US' exists, so the 'en' localization will be used.
[2020.04.13-09.12.35:280][  0]LogInit: Setting process to per monitor DPI aware
[2020.04.13-09.12.35:899][  0]LogSlate: New Slate User Created.  User Index 0, Is Virtual User: 0
[2020.04.13-09.12.35:899][  0]LogSlate: Slate User Registered.  User Index 0, Is Virtual User: 0
[2020.04.13-09.12.38:840][  0]LogHMD: Failed to initialize OpenVR with code 110
[2020.04.13-09.12.38:841][  0]LogD3D11RHI: D3D11 adapters:
[2020.04.13-09.12.39:088][  0]LogD3D11RHI:    0. 'NVIDIA GeForce GTX 1060 with Max-Q Design' (Feature Level 11_0)
[2020.04.13-09.12.39:088][  0]LogD3D11RHI:       6052/0/8089 MB DedicatedVideo/DedicatedSystem/SharedSystem, Outputs:1, VendorId:0x10de
[2020.04.13-09.12.39:104][  0]LogD3D11RHI:    1. 'Intel(R) UHD Graphics 630' (Feature Level 11_0)
[2020.04.13-09.12.39:104][  0]LogD3D11RHI:       128/0/8089 MB DedicatedVideo/DedicatedSystem/SharedSystem, Outputs:0, VendorId:0x8086
[2020.04.13-09.12.39:108][  0]LogD3D11RHI:    2. 'Microsoft Basic Render Driver' (Feature Level 11_0)
[2020.04.13-09.12.39:108][  0]LogD3D11RHI:       0/0/8089 MB DedicatedVideo/DedicatedSystem/SharedSystem, Outputs:0, VendorId:0x1414
[2020.04.13-09.12.39:108][  0]LogD3D11RHI: Chosen D3D11 Adapter: 0
[2020.04.13-09.12.39:141][  0]LogD3D11RHI: Creating new Direct3DDevice
[2020.04.13-09.12.39:141][  0]LogD3D11RHI:     GPU DeviceId: 0x1c20 (for the marketing name, search the web for "GPU Device Id")
[2020.04.13-09.12.39:141][  0]LogWindows: EnumDisplayDevices:
[2020.04.13-09.12.39:141][  0]LogWindows:    0. 'Intel(R) UHD Graphics 630' (P:1 D:1)
[2020.04.13-09.12.39:141][  0]LogWindows:    1. 'Intel(R) UHD Graphics 630' (P:0 D:0)
[2020.04.13-09.12.39:142][  0]LogWindows:    2. 'Intel(R) UHD Graphics 630' (P:0 D:0)
[2020.04.13-09.12.39:142][  0]LogWindows:    3. 'NVIDIA GeForce GTX 1060 with Max-Q Design' (P:0 D:0)
[2020.04.13-09.12.39:142][  0]LogWindows: DebugString: PrimaryIsNotTheChoosenAdapter PrimaryIsNotTheChoosenAdapter PrimaryIsNotTheChoosenAdapter 
[2020.04.13-09.12.39:142][  0]LogD3D11RHI:     Adapter Name: NVIDIA GeForce GTX 1060 with Max-Q Design
[2020.04.13-09.12.39:142][  0]LogD3D11RHI:   Driver Version: 430.64 (internal:26.21.14.3064, unified:430.64)
[2020.04.13-09.12.39:142][  0]LogD3D11RHI:      Driver Date: 5-5-2019
[2020.04.13-09.12.39:142][  0]LogRHI: Texture pool is 4236 MB (70% of 6052 MB)
[2020.04.13-09.12.39:196][  0]LogD3D11RHI: Async texture creation enabled
[2020.04.13-09.12.39:500][  0]LogRendererCore: FGlobalReadBuffer::InitRHI
[2020.04.13-09.12.39:507][  0]LogRendererCore: FGlobalReadBuffer::InitRHI
[2020.04.13-09.12.39:507][  0]LogRendererCore: FGlobalReadBuffer::InitRHI
[2020.04.13-09.12.39:540][  0]LogD3D11RHI: GPU Timing Frequency: 1000.000000 (Debug: 2 1)
[2020.04.13-09.12.40:815][  0]LogTemp: Display: Module 'AllDesktopTargetPlatform' loaded TargetPlatform 'AllDesktop'
[2020.04.13-09.12.40:857][  0]LogTemp: Display: Module 'MacClientTargetPlatform' loaded TargetPlatform 'MacClient'
[2020.04.13-09.12.40:881][  0]LogTemp: Display: Module 'MacNoEditorTargetPlatform' loaded TargetPlatform 'MacNoEditor'
[2020.04.13-09.12.40:904][  0]LogTemp: Display: Module 'MacServerTargetPlatform' loaded TargetPlatform 'MacServer'
[2020.04.13-09.12.41:034][  0]LogTemp: Display: Module 'MacTargetPlatform' loaded TargetPlatform 'Mac'
[2020.04.13-09.12.41:081][  0]LogTemp: Display: Module 'WindowsClientTargetPlatform' loaded TargetPlatform 'WindowsClient'
[2020.04.13-09.12.41:105][  0]LogTemp: Display: Module 'WindowsNoEditorTargetPlatform' loaded TargetPlatform 'WindowsNoEditor'
[2020.04.13-09.12.41:130][  0]LogTemp: Display: Module 'WindowsServerTargetPlatform' loaded TargetPlatform 'WindowsServer'
[2020.04.13-09.12.41:162][  0]LogTemp: Display: Module 'WindowsTargetPlatform' loaded TargetPlatform 'Windows'
[2020.04.13-09.12.41:390][  0]LogTemp: Display: Module 'AndroidTargetPlatform' loaded TargetPlatform 'Android'
[2020.04.13-09.12.41:390][  0]LogTemp: Display: Module 'AndroidTargetPlatform' loaded TargetPlatform 'Android_ASTC'
[2020.04.13-09.12.41:390][  0]LogTemp: Display: Module 'AndroidTargetPlatform' loaded TargetPlatform 'Android_ATC'
[2020.04.13-09.12.41:390][  0]LogTemp: Display: Module 'AndroidTargetPlatform' loaded TargetPlatform 'Android_DXT'
[2020.04.13-09.12.41:390][  0]LogTemp: Display: Module 'AndroidTargetPlatform' loaded TargetPlatform 'Android_ETC1'
[2020.04.13-09.12.41:390][  0]LogTemp: Display: Module 'AndroidTargetPlatform' loaded TargetPlatform 'Android_ETC1a'
[2020.04.13-09.12.41:390][  0]LogTemp: Display: Module 'AndroidTargetPlatform' loaded TargetPlatform 'Android_ETC2'
[2020.04.13-09.12.41:390][  0]LogTemp: Display: Module 'AndroidTargetPlatform' loaded TargetPlatform 'Android_PVRTC'
[2020.04.13-09.12.41:390][  0]LogTemp: Display: Module 'AndroidTargetPlatform' loaded TargetPlatform 'AndroidClient'
[2020.04.13-09.12.41:390][  0]LogTemp: Display: Module 'AndroidTargetPlatform' loaded TargetPlatform 'Android_ASTCClient'
[2020.04.13-09.12.41:390][  0]LogTemp: Display: Module 'AndroidTargetPlatform' loaded TargetPlatform 'Android_ATCClient'
[2020.04.13-09.12.41:390][  0]LogTemp: Display: Module 'AndroidTargetPlatform' loaded TargetPlatform 'Android_DXTClient'
[2020.04.13-09.12.41:390][  0]LogTemp: Display: Module 'AndroidTargetPlatform' loaded TargetPlatform 'Android_ETC1Client'
[2020.04.13-09.12.41:390][  0]LogTemp: Display: Module 'AndroidTargetPlatform' loaded TargetPlatform 'Android_ETC1aClient'
[2020.04.13-09.12.41:390][  0]LogTemp: Display: Module 'AndroidTargetPlatform' loaded TargetPlatform 'Android_ETC2Client'
[2020.04.13-09.12.41:390][  0]LogTemp: Display: Module 'AndroidTargetPlatform' loaded TargetPlatform 'Android_PVRTCClient'
[2020.04.13-09.12.41:390][  0]LogTemp: Display: Module 'AndroidTargetPlatform' loaded TargetPlatform 'Android_Multi'
[2020.04.13-09.12.41:390][  0]LogTemp: Display: Module 'AndroidTargetPlatform' loaded TargetPlatform 'Android_MultiClient'
[2020.04.13-09.12.41:411][  0]LogTemp: Display: Module 'HTML5TargetPlatform' loaded TargetPlatform 'HTML5'
[2020.04.13-09.12.41:593][  0]LogTemp: Display: Module 'IOSTargetPlatform' loaded TargetPlatform 'IOSClient'
[2020.04.13-09.12.41:593][  0]LogTemp: Display: Module 'IOSTargetPlatform' loaded TargetPlatform 'IOS'
[2020.04.13-09.12.41:630][  0]LogTemp: Display: Module 'TVOSTargetPlatform' loaded TargetPlatform 'TVOSClient'
[2020.04.13-09.12.41:631][  0]LogTemp: Display: Module 'TVOSTargetPlatform' loaded TargetPlatform 'TVOS'
[2020.04.13-09.12.41:665][  0]LogTemp: Display: Module 'LinuxClientTargetPlatform' loaded TargetPlatform 'LinuxClient'
[2020.04.13-09.12.41:696][  0]LogTemp: Display: Module 'LinuxNoEditorTargetPlatform' loaded TargetPlatform 'LinuxNoEditor'
[2020.04.13-09.12.41:752][  0]LogTemp: Display: Module 'LinuxServerTargetPlatform' loaded TargetPlatform 'LinuxServer'
[2020.04.13-09.12.41:785][  0]LogTemp: Display: Module 'LinuxTargetPlatform' loaded TargetPlatform 'Linux'
[2020.04.13-09.12.41:851][  0]LogTemp: Display: Module 'LuminTargetPlatform' loaded TargetPlatform 'Lumin'
[2020.04.13-09.12.41:851][  0]LogTemp: Display: Module 'LuminTargetPlatform' loaded TargetPlatform 'LuminClient'
[2020.04.13-09.12.41:851][  0]LogTargetPlatformManager: Display: Building Assets For Windows
[2020.04.13-09.12.42:161][  0]LogAudioDebug: Display: Lib vorbis DLL was dynamically loaded.
[2020.04.13-09.12.43:158][  0]LogShaderCompilers: Guid format shader working directory is -15 characters bigger than the processId version (../../../../Spring 2020/Level Design/Space-Dungeon/Group5_PB/Intermediate/Shaders/WorkingDirectory/21556/).
[2020.04.13-09.12.43:159][  0]LogShaderCompilers: Cleaned the shader compiler working directory 'C:/Users/ivana/AppData/Local/Temp/UnrealShaderWorkingDir/70207DD74AD6D2FE844D3589D7658133/'.
[2020.04.13-09.12.43:169][  0]LogXGEController: Cleaning working directory: C:/Users/ivana/AppData/Local/Temp/UnrealXGEWorkingDir/
[2020.04.13-09.12.43:170][  0]LogXGEController: Cannot use XGE Controller as Incredibuild is not installed on this machine.
[2020.04.13-09.12.43:171][  0]LogShaderCompilers: Cannot use XGE Shader Compiler as Incredibuild is not installed on this machine.
[2020.04.13-09.12.43:171][  0]LogShaderCompilers: Display: Using Local Shader Compiler.
[2020.04.13-09.12.51:350][  0]LogDerivedDataCache: Display: Max Cache Size: 512 MB
[2020.04.13-09.12.51:819][  0]LogDerivedDataCache: Loaded boot cache 0.46s 71MB C:/Users/ivana/AppData/Local/UnrealEngine/4.22/DerivedDataCache/Boot.ddc.
[2020.04.13-09.12.51:819][  0]LogDerivedDataCache: Display: Loaded Boot cache: C:/Users/ivana/AppData/Local/UnrealEngine/4.22/DerivedDataCache/Boot.ddc
[2020.04.13-09.12.51:819][  0]LogDerivedDataCache: FDerivedDataBackendGraph:  Pak pak cache file ../../../../Spring 2020/Level Design/Space-Dungeon/Group5_PB/DerivedDataCache/DDC.ddp not found, will not use a pak cache.
[2020.04.13-09.12.51:819][  0]LogDerivedDataCache: Unable to find inner node Pak for hierarchical cache Hierarchy.
[2020.04.13-09.12.51:819][  0]LogDerivedDataCache: FDerivedDataBackendGraph:  CompressedPak pak cache file ../../../../Spring 2020/Level Design/Space-Dungeon/Group5_PB/DerivedDataCache/Compressed.ddp not found, will not use a pak cache.
[2020.04.13-09.12.51:819][  0]LogDerivedDataCache: Unable to find inner node CompressedPak for hierarchical cache Hierarchy.
[2020.04.13-09.12.52:186][  0]LogDerivedDataCache: Display: Pak cache opened for reading ../../../Engine/DerivedDataCache/Compressed.ddp.
[2020.04.13-09.12.52:186][  0]LogDerivedDataCache: FDerivedDataBackendGraph:  EnterprisePak pak cache file ../../../Enterprise/DerivedDataCache/Compressed.ddp not found, will not use a pak cache.
[2020.04.13-09.12.52:186][  0]LogDerivedDataCache: Unable to find inner node EnterprisePak for hierarchical cache Hierarchy.
[2020.04.13-09.12.52:201][  0]LogDerivedDataCache: Using Local data cache path C:/Users/ivana/AppData/Local/UnrealEngine/Common/DerivedDataCache: Writable
[2020.04.13-09.12.52:201][  0]LogDerivedDataCache: Shared data cache path not found in *engine.ini, will not use an Shared cache.
[2020.04.13-09.12.52:201][  0]LogDerivedDataCache: Unable to find inner node Shared for hierarchical cache Hierarchy.
[2020.04.13-09.12.52:523][  0]LogMaterial: Verifying Global Shaders for PCD3D_SM5
[2020.04.13-09.12.52:877][  0]LogSlate: Using FreeType 2.6.0
[2020.04.13-09.12.53:005][  0]LogSlate: SlateFontServices - WITH_FREETYPE: 1, WITH_HARFBUZZ: 1
[2020.04.13-09.12.54:133][  0]LogAssetRegistry: FAssetRegistry took 0.0471 seconds to start up
[2020.04.13-09.12.58:291][  0]LogInit: Selected Device Profile: [Windows]
[2020.04.13-09.13.01:581][  0]LogMeshReduction: Using QuadricMeshReduction for automatic static mesh reduction
[2020.04.13-09.13.01:581][  0]LogMeshReduction: Using SimplygonMeshReduction for automatic skeletal mesh reduction
[2020.04.13-09.13.01:581][  0]LogMeshReduction: Using ProxyLODMeshReduction for automatic mesh merging
[2020.04.13-09.13.01:581][  0]LogMeshReduction: No distributed automatic mesh merging module available
[2020.04.13-09.13.01:595][  0]LogMeshMerging: No distributed automatic mesh merging module available
[2020.04.13-09.13.01:909][  0]LogNetVersion: Group5_PB 1.0.0, NetCL: 5660361, EngineNetVer: 10, GameNetVer: 0 (Checksum: 573520080)
[2020.04.13-09.13.04:959][  0]LogAssetRegistry: Error: Failed to open file for write ../../../../Spring 2020/Level Design/Space-Dungeon/Group5_PB/Intermediate/AssetRegistryCache/2657c409.bin
[2020.04.13-09.13.04:966][  0]LogAssetRegistry: Error: Failed to open file for write ../../../../Spring 2020/Level Design/Space-Dungeon/Group5_PB/Intermediate/AssetRegistryCache/8c0e1344.bin
[2020.04.13-09.13.04:972][  0]LogAssetRegistry: Error: Failed to open file for write ../../../../Spring 2020/Level Design/Space-Dungeon/Group5_PB/Intermediate/AssetRegistryCache/c9e91a3f.bin
[2020.04.13-09.13.04:979][  0]LogAssetRegistry: Error: Failed to open file for write ../../../../Spring 2020/Level Design/Space-Dungeon/Group5_PB/Intermediate/AssetRegistryCache/8e9331e2.bin
[2020.04.13-09.13.04:986][  0]LogAssetRegistry: Error: Failed to open file for write ../../../../Spring 2020/Level Design/Space-Dungeon/Group5_PB/Intermediate/AssetRegistryCache/f0d5030c.bin
[2020.04.13-09.13.04:993][  0]LogPackageLocalizationCache: Processed 10 localized package path(s) for 1 prioritized culture(s) in 0.048504 seconds
[2020.04.13-09.13.05:011][  0]LogUObjectArray: 42205 objects as part of root set at end of initial load.
[2020.04.13-09.13.05:011][  0]LogUObjectAllocator: 7325032 out of 0 bytes used by permanent object pool.
[2020.04.13-09.13.05:011][  0]LogUObjectArray: CloseDisregardForGC: 0/0 objects in disregard for GC pool
[2020.04.13-09.13.15:823][  0]LogTcpMessaging: Initializing TcpMessaging bridge
[2020.04.13-09.13.16:674][  0]LogUdpMessaging: Initializing bridge on interface 0.0.0.0:0 to multicast group 230.0.0.1:6666.
[2020.04.13-09.13.18:336][  0]SourceControl: Source control is disabled
[2020.04.13-09.13.18:367][  0]SourceControl: Source control is disabled
[2020.04.13-09.13.18:705][  0]SourceControl: Source control is disabled
[2020.04.13-09.13.18:759][  0]SourceControl: Source control is disabled
[2020.04.13-09.13.21:178][  0]LogAndroidPermission: UAndroidPermissionCallbackProxy::GetInstance
[2020.04.13-09.13.22:198][  0]LogOcInput: OculusInput pre-init called
[2020.04.13-09.13.24:812][  0]LogEngine: Initializing Engine...
[2020.04.13-09.13.24:856][  0]LogHMD: Failed to initialize OpenVR with code 110
[2020.04.13-09.13.24:858][  0]LogStats: UGameplayTagsManager::InitializeManager -  0.001 s
[2020.04.13-09.13.25:212][  0]LogInit: Initializing FReadOnlyCVARCache
[2020.04.13-09.13.25:827][  0]LogAIModule: Creating AISystem for world Untitled
[2020.04.13-09.13.26:206][  0]LogInit: XAudio2 using 'Speakers (3- Logitech USB Headset)' : 2 channels at 48 kHz using 16 bits per sample (channel mask 0x3)
[2020.04.13-09.13.26:257][  0]LogInit: FAudioDevice initialized.
[2020.04.13-09.13.26:258][  0]LogNetVersion: Set ProjectVersion to 1.0.0.0. Version Checksum will be recalculated on next use.
[2020.04.13-09.13.26:411][  0]LogDerivedDataCache: Saved boot cache 0.15s 71MB C:/Users/ivana/AppData/Local/UnrealEngine/4.22/DerivedDataCache/Boot.ddc.
[2020.04.13-09.13.26:420][  0]LogInit: Texture streaming: Enabled
[2020.04.13-09.13.26:828][  0]LogEngineSessionManager: EngineSessionManager initialized
[2020.04.13-09.13.27:147][  0]LogInit: Transaction tracking system initialized
[2020.04.13-09.13.27:966][  0]BlueprintLog: New page: Editor Load
[2020.04.13-09.13.30:967][  0]LocalizationService: Localization service is disabled
[2020.04.13-09.13.33:437][  0]LogCook: Display: Max memory allowance for cook 16384mb min free memory 0mb
[2020.04.13-09.13.33:437][  0]LogCook: Display: Mobile HDR setting 1
[2020.04.13-09.13.34:224][  0]LogFileCache: Scanning file cache for directory 'D:/Spring 2020/Level Design/Space-Dungeon/Group5_PB/Content/' took 0.12s
[2020.04.13-09.13.39:653][  0]SourceControl: Source control is disabled
[2020.04.13-09.13.39:761][  0]Cmd: MAP LOAD FILE="../../../../Spring 2020/Level Design/Space-Dungeon/Group5_PB/Content/Levels/MasterLevel.umap" TEMPLATE=0 SHOWPROGRESS=1 FEATURELEVEL=3
[2020.04.13-09.13.39:767][  0]LightingResults: New page: Lighting Build
[2020.04.13-09.13.40:125][  0]MapCheck: New page: Map Check
[2020.04.13-09.13.40:125][  0]LightingResults: New page: Lighting Build
[2020.04.13-09.13.40:849][  0]LogUObjectHash: Compacting FUObjectHashTables data took   6.40ms
[2020.04.13-09.13.56:152][  0]LogDerivedDataCache: FFileSystemDerivedDataBackend: Move collision, attempt at redundant update, OK C:/Users/ivana/AppData/Local/UnrealEngine/Common/DerivedDataCache/3/9/1/PHYSX_A08609EF508D460CBB6710540B03AACF_PHYSXPC_A4FA1A384AAD802103398CA60C3B6F38__1_0_0_0_3_13315_0.udd.
[2020.04.13-09.13.56:152][  0]LogDerivedDataCache: FFileSystemDerivedDataBackend: Move collision, attempt at redundant update, OK C:/Users/ivana/AppData/Local/UnrealEngine/Common/DerivedDataCache/0/7/7/PHYSX_A08609EF508D460CBB6710540B03AACF_PHYSXPC_5CA63E994B056BB975918381C85695F2__1_0_0_0_3_13315_0.udd.
[2020.04.13-09.13.56:152][  0]LogDerivedDataCache: FFileSystemDerivedDataBackend: Move collision, attempt at redundant update, OK C:/Users/ivana/AppData/Local/UnrealEngine/Common/DerivedDataCache/1/3/4/PHYSX_A08609EF508D460CBB6710540B03AACF_PHYSXPC_FF87FCC6495FB7634D993A8A8B49709D__1_0_0_0_3_13315_0.udd.
[2020.04.13-09.13.56:152][  0]LogDerivedDataCache: FFileSystemDerivedDataBackend: Move collision, attempt at redundant update, OK C:/Users/ivana/AppData/Local/UnrealEngine/Common/DerivedDataCache/6/3/5/PHYSX_A08609EF508D460CBB6710540B03AACF_PHYSXPC_7D8C25184AF98810B9BEC592008CBDE1__1_0_0_0_3_13315_0.udd.
[2020.04.13-09.13.56:152][  0]LogDerivedDataCache: FFileSystemDerivedDataBackend: Move collision, attempt at redundant update, OK C:/Users/ivana/AppData/Local/UnrealEngine/Common/DerivedDataCache/5/8/9/PHYSX_A08609EF508D460CBB6710540B03AACF_PHYSXPC_6DB93CBE488F575E424D448F8C3E1FB2__1_0_0_0_3_13315_0.udd.
[2020.04.13-09.13.56:152][  0]LogDerivedDataCache: FFileSystemDerivedDataBackend: Move collision, attempt at redundant update, OK C:/Users/ivana/AppData/Local/UnrealEngine/Common/DerivedDataCache/0/9/7/PHYSX_A08609EF508D460CBB6710540B03AACF_PHYSXPC_C6053C0940E6EEEACFAB2FB3FE99DD34__1_0_0_0_3_13315_0.udd.
[2020.04.13-09.13.56:152][  0]LogDerivedDataCache: FFileSystemDerivedDataBackend: Move collision, attempt at redundant update, OK C:/Users/ivana/AppData/Local/UnrealEngine/Common/DerivedDataCache/3/8/7/PHYSX_A08609EF508D460CBB6710540B03AACF_PHYSXPC_064B0DD346B4AB16C715959123D08380__1_0_0_0_3_13315_0.udd.
[2020.04.13-09.13.56:152][  0]LogDerivedDataCache: FFileSystemDerivedDataBackend: Move collision, attempt at redundant update, OK C:/Users/ivana/AppData/Local/UnrealEngine/Common/DerivedDataCache/1/3/7/PHYSX_A08609EF508D460CBB6710540B03AACF_PHYSXPC_C025EF314B8EA694D2D764A4939AD55A__1_0_0_0_3_13315_0.udd.
[2020.04.13-09.13.56:153][  0]LogDerivedDataCache: FFileSystemDerivedDataBackend: Move collision, attempt at redundant update, OK C:/Users/ivana/AppData/Local/UnrealEngine/Common/DerivedDataCache/7/4/5/PHYSX_A08609EF508D460CBB6710540B03AACF_PHYSXPC_EE43EF9645E49D9898DFB484AC39A42C__1_0_0_0_3_13315_0.udd.
[2020.04.13-09.13.56:153][  0]LogDerivedDataCache: FFileSystemDerivedDataBackend: Move collision, attempt at redundant update, OK C:/Users/ivana/AppData/Local/UnrealEngine/Common/DerivedDataCache/7/2/3/PHYSX_A08609EF508D460CBB6710540B03AACF_PHYSXPC_D5E615714D2FF69A952D20ABC8900030__1_0_0_0_3_13315_0.udd.
[2020.04.13-09.13.56:153][  0]LogDerivedDataCache: FFileSystemDerivedDataBackend: Move collision, attempt at redundant update, OK C:/Users/ivana/AppData/Local/UnrealEngine/Common/DerivedDataCache/1/7/3/PHYSX_A08609EF508D460CBB6710540B03AACF_PHYSXPC_648E4A2046E9ADEF386AACB9A0D5F47A__1_0_0_0_3_13315_0.udd.
[2020.04.13-09.13.56:153][  0]LogDerivedDataCache: FFileSystemDerivedDataBackend: Move collision, attempt at redundant update, OK C:/Users/ivana/AppData/Local/UnrealEngine/Common/DerivedDataCache/4/3/2/PHYSX_A08609EF508D460CBB6710540B03AACF_PHYSXPC_9D093485456E3A8073981B80505FB1CB__1_0_0_0_3_13315_0.udd.
[2020.04.13-09.13.56:153][  0]LogDerivedDataCache: FFileSystemDerivedDataBackend: Move collision, attempt at redundant update, OK C:/Users/ivana/AppData/Local/UnrealEngine/Common/DerivedDataCache/4/3/4/PHYSX_A08609EF508D460CBB6710540B03AACF_PHYSXPC_19258E82448A18E942FB9DBD97C02371__1_0_0_0_3_13315_0.udd.
[2020.04.13-09.13.56:153][  0]LogDerivedDataCache: FFileSystemDerivedDataBackend: Move collision, attempt at redundant update, OK C:/Users/ivana/AppData/Local/UnrealEngine/Common/DerivedDataCache/3/5/2/PHYSX_A08609EF508D460CBB6710540B03AACF_PHYSXPC_868FA7C749858822B90AA5B06FBC17B7__1_0_0_0_3_13315_0.udd.
[2020.04.13-09.13.56:153][  0]LogDerivedDataCache: FFileSystemDerivedDataBackend: Move collision, attempt at redundant update, OK C:/Users/ivana/AppData/Local/UnrealEngine/Common/DerivedDataCache/2/4/0/PHYSX_A08609EF508D460CBB6710540B03AACF_PHYSXPC_C9550C5C497EB548080613A2F3649C6D__1_0_0_0_3_13315_0.udd.
[2020.04.13-09.13.57:903][  0]LogDerivedDataCache: FFileSystemDerivedDataBackend: Move collision, attempt at redundant update, OK C:/Users/ivana/AppData/Local/UnrealEngine/Common/DerivedDataCache/8/7/9/PHYSX_A08609EF508D460CBB6710540B03AACF_PHYSXPC_C707D9B54F61679A7F6C4E80B3B0F336__1_0_0_0_3_13315_0.udd.
[2020.04.13-09.13.57:903][  0]LogDerivedDataCache: FFileSystemDerivedDataBackend: Move collision, attempt at redundant update, OK C:/Users/ivana/AppData/Local/UnrealEngine/Common/DerivedDataCache/5/5/9/PHYSX_A08609EF508D460CBB6710540B03AACF_PHYSXPC_8DC504724756A1E7DC81B3AD8411FF22__1_0_0_0_3_13315_0.udd.
[2020.04.13-09.13.57:903][  0]LogDerivedDataCache: FFileSystemDerivedDataBackend: Move collision, attempt at redundant update, OK C:/Users/ivana/AppData/Local/UnrealEngine/Common/DerivedDataCache/7/8/2/PHYSX_A08609EF508D460CBB6710540B03AACF_PHYSXPC_785BDF174E0179252CA5C5AF19B29981__1_0_0_0_3_13315_0.udd.
[2020.04.13-09.13.57:903][  0]LogDerivedDataCache: FFileSystemDerivedDataBackend: Move collision, attempt at redundant update, OK C:/Users/ivana/AppData/Local/UnrealEngine/Common/DerivedDataCache/1/1/6/PHYSX_A08609EF508D460CBB6710540B03AACF_PHYSXPC_40B865214B6DB9C3793A7C80C38B533F__1_0_0_0_3_13315_0.udd.
[2020.04.13-09.13.57:903][  0]LogDerivedDataCache: FFileSystemDerivedDataBackend: Move collision, attempt at redundant update, OK C:/Users/ivana/AppData/Local/UnrealEngine/Common/DerivedDataCache/1/9/8/PHYSX_A08609EF508D460CBB6710540B03AACF_PHYSXPC_6AB1FA094F5030A05927E2B2B9F79C5B__1_0_0_0_3_13315_0.udd.
[2020.04.13-09.13.57:903][  0]LogDerivedDataCache: FFileSystemDerivedDataBackend: Move collision, attempt at redundant update, OK C:/Users/ivana/AppData/Local/UnrealEngine/Common/DerivedDataCache/3/2/9/PHYSX_A08609EF508D460CBB6710540B03AACF_PHYSXPC_772DCECC4C27EA222CD701AD521366A9__1_0_0_0_3_13315_0.udd.
[2020.04.13-09.13.57:903][  0]LogDerivedDataCache: FFileSystemDerivedDataBackend: Move collision, attempt at redundant update, OK C:/Users/ivana/AppData/Local/UnrealEngine/Common/DerivedDataCache/4/0/7/PHYSX_A08609EF508D460CBB6710540B03AACF_PHYSXPC_86EAD6F347C79C35F338A4B953215A32__1_0_0_0_3_13315_0.udd.
[2020.04.13-09.13.57:903][  0]LogDerivedDataCache: FFileSystemDerivedDataBackend: Move collision, attempt at redundant update, OK C:/Users/ivana/AppData/Local/UnrealEngine/Common/DerivedDataCache/4/7/9/PHYSX_A08609EF508D460CBB6710540B03AACF_PHYSXPC_FFA8604542D7C70836BC16BE9B3E279E__1_0_0_0_3_13315_0.udd.
[2020.04.13-09.13.57:903][  0]LogDerivedDataCache: FFileSystemDerivedDataBackend: Move collision, attempt at redundant update, OK C:/Users/ivana/AppData/Local/UnrealEngine/Common/DerivedDataCache/7/6/1/PHYSX_A08609EF508D460CBB6710540B03AACF_PHYSXPC_83C4C3A44BC2FAE62E0F77A15C42F552__1_0_0_0_3_13315_0.udd.
[2020.04.13-09.13.57:903][  0]LogDerivedDataCache: FFileSystemDerivedDataBackend: Move collision, attempt at redundant update, OK C:/Users/ivana/AppData/Local/UnrealEngine/Common/DerivedDataCache/3/7/8/PHYSX_A08609EF508D460CBB6710540B03AACF_PHYSXPC_3DAC7A66426B759887392798B9912922__1_0_0_0_3_13315_0.udd.
[2020.04.13-09.13.57:903][  0]LogDerivedDataCache: FFileSystemDerivedDataBackend: Move collision, attempt at redundant update, OK C:/Users/ivana/AppData/Local/UnrealEngine/Common/DerivedDataCache/6/5/5/PHYSX_A08609EF508D460CBB6710540B03AACF_PHYSXPC_C75CD720486F691D64EFA8BAFFB7732A__1_0_0_0_3_13315_0.udd.
[2020.04.13-09.13.57:903][  0]LogDerivedDataCache: FFileSystemDerivedDataBackend: Move collision, attempt at redundant update, OK C:/Users/ivana/AppData/Local/UnrealEngine/Common/DerivedDataCache/1/6/7/PHYSX_A08609EF508D460CBB6710540B03AACF_PHYSXPC_DA4668584301E7EE7203C0A1E213F33E__1_0_0_0_3_13315_0.udd.
[2020.04.13-09.13.57:903][  0]LogDerivedDataCache: FFileSystemDerivedDataBackend: Move collision, attempt at redundant update, OK C:/Users/ivana/AppData/Local/UnrealEngine/Common/DerivedDataCache/2/7/1/PHYSX_A08609EF508D460CBB6710540B03AACF_PHYSXPC_D9424E29498E49393CEF8898EDD9DF1F__1_0_0_0_3_13315_0.udd.
[2020.04.13-09.13.57:903][  0]LogAIModule: Creating AISystem for world MasterLevel
[2020.04.13-09.13.58:635][  0]LogEditorServer: Finished looking for orphan Actors (0.000 secs)
[2020.04.13-09.13.58:943][  0]LogUObjectHash: Compacting FUObjectHashTables data took   4.73ms
[2020.04.13-09.13.58:944][  0]Cmd: MAP CHECKDEP NOCLEARLOG
[2020.04.13-09.13.58:944][  0]MapCheck: Map check complete: 0 Error(s), 0 Warning(s), took 0.251ms to complete.
[2020.04.13-09.13.58:944][  0]LogFileHelpers: Loading map 'MasterLevel' took 19.277
[2020.04.13-09.14.00:994][  0]LogSlate: Updating window title bar state: overlay mode, drag disabled, window buttons hidden, title bar hidden
[2020.04.13-09.14.01:002][  0]LogSlate: Updating window title bar state: overlay mode, drag disabled, window buttons hidden, title bar hidden
[2020.04.13-09.14.01:009][  0]LogSlate: Updating window title bar state: overlay mode, drag disabled, window buttons hidden, title bar hidden
[2020.04.13-09.14.01:016][  0]LogSlate: Updating window title bar state: overlay mode, drag disabled, window buttons hidden, title bar hidden
[2020.04.13-09.14.01:165][  0]LogCollectionManager: Loaded 0 collections in 0.000756 seconds
[2020.04.13-09.14.01:369][  0]LogFileCache: Scanning file cache for directory 'D:/Spring 2020/Level Design/Space-Dungeon/Group5_PB/Saved/Collections/' took 0.01s
[2020.04.13-09.14.01:369][  0]LogFileCache: Scanning file cache for directory 'D:/Spring 2020/Level Design/Space-Dungeon/Group5_PB/Content/Developers/ivana/Collections/' took 0.00s
[2020.04.13-09.14.01:369][  0]LogFileCache: Scanning file cache for directory 'D:/Spring 2020/Level Design/Space-Dungeon/Group5_PB/Content/Collections/' took 0.00s
[2020.04.13-09.14.01:369][  0]LogCollectionManager: Rebuilt the GUID cache for 0 collections in 0.000000 seconds
[2020.04.13-09.14.01:377][  0]LogContentBrowser: Native class hierarchy populated in 0.0070 seconds. Added 2741 classes and 664 folders.
[2020.04.13-09.14.01:466][  0]LogContentBrowser: Native class hierarchy updated for 'WidgetCarousel' in 0.0002 seconds. Added 0 classes and 0 folders.
[2020.04.13-09.14.01:750][  0]LogPakFile: Registered encryption key '00000000000000000000000000000000': 0 pak files mounted, 0 remain pending
[2020.04.13-09.14.01:858][  0]LogPakFile: Registered encryption key '00000000000000000000000000000000': 0 pak files mounted, 0 remain pending
[2020.04.13-09.14.01:893][  0]LogPakFile: Registered encryption key '00000000000000000000000000000000': 0 pak files mounted, 0 remain pending
[2020.04.13-09.14.01:976][  0]LogPakFile: Registered encryption key '00000000000000000000000000000000': 0 pak files mounted, 0 remain pending
[2020.04.13-09.14.02:019][  0]LogPakFile: Registered encryption key '00000000000000000000000000000000': 0 pak files mounted, 0 remain pending
[2020.04.13-09.14.02:050][  0]LogPakFile: Registered encryption key '00000000000000000000000000000000': 0 pak files mounted, 0 remain pending
[2020.04.13-09.14.02:130][  0]LogPakFile: Registered encryption key '00000000000000000000000000000000': 0 pak files mounted, 0 remain pending
[2020.04.13-09.14.02:173][  0]LogPakFile: Registered encryption key '00000000000000000000000000000000': 0 pak files mounted, 0 remain pending
[2020.04.13-09.14.02:231][  0]LogPakFile: Registered encryption key '00000000000000000000000000000000': 0 pak files mounted, 0 remain pending
[2020.04.13-09.14.02:290][  0]LogPakFile: Registered encryption key '00000000000000000000000000000000': 0 pak files mounted, 0 remain pending
[2020.04.13-09.14.02:305][  0]LogPakFile: Registered encryption key '00000000000000000000000000000000': 0 pak files mounted, 0 remain pending
[2020.04.13-09.14.02:377][  0]LogPakFile: Registered encryption key '00000000000000000000000000000000': 0 pak files mounted, 0 remain pending
[2020.04.13-09.14.02:415][  0]LogPakFile: Registered encryption key '00000000000000000000000000000000': 0 pak files mounted, 0 remain pending
[2020.04.13-09.14.02:484][  0]LogPakFile: Registered encryption key '00000000000000000000000000000000': 0 pak files mounted, 0 remain pending
[2020.04.13-09.14.02:516][  0]LogPakFile: Registered encryption key '00000000000000000000000000000000': 0 pak files mounted, 0 remain pending
[2020.04.13-09.14.02:540][  0]LogPakFile: Registered encryption key '00000000000000000000000000000000': 0 pak files mounted, 0 remain pending
[2020.04.13-09.14.02:586][  0]LogPakFile: Registered encryption key '00000000000000000000000000000000': 0 pak files mounted, 0 remain pending
[2020.04.13-09.14.02:662][  0]LogPakFile: Registered encryption key '00000000000000000000000000000000': 0 pak files mounted, 0 remain pending
[2020.04.13-09.14.02:788][  0]LogPakFile: Registered encryption key '00000000000000000000000000000000': 0 pak files mounted, 0 remain pending
[2020.04.13-09.14.02:864][  0]LogPakFile: Registered encryption key '00000000000000000000000000000000': 0 pak files mounted, 0 remain pending
[2020.04.13-09.14.02:914][  0]LogPakFile: Registered encryption key '00000000000000000000000000000000': 0 pak files mounted, 0 remain pending
[2020.04.13-09.14.03:013][  0]LogPakFile: Registered encryption key '00000000000000000000000000000000': 0 pak files mounted, 0 remain pending
[2020.04.13-09.14.03:047][  0]LogPakFile: Registered encryption key '00000000000000000000000000000000': 0 pak files mounted, 0 remain pending
[2020.04.13-09.14.03:113][  0]LogPakFile: Registered encryption key '00000000000000000000000000000000': 0 pak files mounted, 0 remain pending
[2020.04.13-09.14.03:151][  0]LogPakFile: Registered encryption key '00000000000000000000000000000000': 0 pak files mounted, 0 remain pending
[2020.04.13-09.14.03:242][  0]LogPakFile: Registered encryption key '00000000000000000000000000000000': 0 pak files mounted, 0 remain pending
[2020.04.13-09.14.06:600][  0]LogContentBrowser: Native class hierarchy updated for 'AddContentDialog' in 0.0002 seconds. Added 0 classes and 0 folders.
[2020.04.13-09.14.06:650][  0]LogContentBrowser: Native class hierarchy updated for 'SceneOutliner' in 0.0002 seconds. Added 1 classes and 2 folders.
[2020.04.13-09.14.07:587][  0]LogSlate: Took 0.069975 seconds to synchronously load lazily loaded font '../../../Engine/Content/Slate/Fonts/Roboto-Regular.ttf' (155K)
[2020.04.13-09.14.07:639][  0]LogSlate: Took 0.050406 seconds to synchronously load lazily loaded font '../../../Engine/Content/Slate/Fonts/Roboto-Bold.ttf' (160K)
[2020.04.13-09.14.07:729][  0]LogSlate: Took 0.035516 seconds to synchronously load lazily loaded font '../../../Engine/Content/Editor/Slate/Fonts/FontAwesome.ttf' (139K)
[2020.04.13-09.14.08:282][  0]LogRenderer: Reallocating scene render targets to support 928x380 Format 10 NumSamples 1 (Frame:1).
[2020.04.13-09.14.09:468][  0]LogContentBrowser: Native class hierarchy updated for 'HierarchicalLODOutliner' in 0.0002 seconds. Added 0 classes and 0 folders.
[2020.04.13-09.14.09:469][  0]LogLoad: (Engine Initialization) Total time: 118.15 seconds
[2020.04.13-09.14.09:469][  0]LogLoad: (Engine Initialization) Total Blueprint compile time: 0.00 seconds
[2020.04.13-09.14.09:914][  0]LogContentStreaming: Texture pool size now 1000 MB
[2020.04.13-09.14.10:087][  0]LogSlate: Took 0.032984 seconds to synchronously load lazily loaded font '../../../Engine/Content/Slate/Fonts/Roboto-Light.ttf' (167K)
[2020.04.13-09.14.10:239][  1]LogFileCache: Retrieving MD5 hashes for directory 'D:/Spring 2020/Level Design/Space-Dungeon/Group5_PB/Content/' took 0.50s
[2020.04.13-09.14.20:087][530]LogAssetRegistry: Asset discovery search completed in 85.9778 seconds
[2020.04.13-09.14.20:104][530]LogCollectionManager: Rebuilt the object cache for 0 collections in 0.000000 seconds (found 0 objects)
[2020.04.13-09.14.20:104][530]LogCollectionManager: Fixed up redirectors for 0 collections in 0.000059 seconds (updated 0 objects)
[2020.04.13-13.10.27:340][597]LogSlate: FSceneViewport::OnFocusLost() reason 0
[2020.04.13-13.10.30:384][739]LogUObjectHash: Compacting FUObjectHashTables data took   6.29ms
[2020.04.13-13.10.30:537][739]LogSlate: Window 'Group5_PB - Unreal Editor' being destroyed
[2020.04.13-13.10.30:554][739]LogWindowsTextInputMethodSystem: Display: IME system now deactivated.
[2020.04.13-13.10.30:973][740]Cmd: QUIT_EDITOR
[2020.04.13-13.10.31:283][740]LogExit: Preparing to exit.
[2020.04.13-13.10.32:484][740]LogExit: Editor shut down
[2020.04.13-13.10.32:485][740]LogExit: Transaction tracking system shut down
[2020.04.13-13.10.34:306][740]LogExit: Object subsystem successfully closed.
[2020.04.13-13.10.34:545][740]LogShaderCompilers: Display: Shaders left to compile 0
[2020.04.13-13.10.34:563][740]LogD3D11RHI: Shutdown
[2020.04.13-13.10.34:563][740]LogD3D11RHI: CleanupD3DDevice
[2020.04.13-13.10.34:567][740]LogRendererCore: FGlobalReadBuffer::ReleaseRHI
[2020.04.13-13.10.34:567][740]LogRendererCore: FGlobalDynamicReadBuffer::Cleanup()
[2020.04.13-13.10.34:582][740]LogRendererCore: FGlobalReadBuffer::ReleaseRHI
[2020.04.13-13.10.34:582][740]LogRendererCore: FGlobalDynamicReadBuffer::Cleanup()
[2020.04.13-13.10.34:582][740]LogRendererCore: FGlobalReadBuffer::ReleaseRHI
[2020.04.13-13.10.34:582][740]LogRendererCore: FGlobalDynamicReadBuffer::Cleanup()
[2020.04.13-13.10.34:727][740]LogD3D11RHI: ~FD3D11DynamicRHI
[2020.04.13-13.10.35:905][740]LogModuleManager: Shutting down and abandoning module HierarchicalLODOutliner (646)
[2020.04.13-13.10.35:905][740]LogModuleManager: Shutting down and abandoning module SceneOutliner (644)
[2020.04.13-13.10.35:905][740]LogModuleManager: Shutting down and abandoning module AddContentDialog (642)
[2020.04.13-13.10.35:921][740]LogModuleManager: Shutting down and abandoning module WidgetCarousel (641)
[2020.04.13-13.10.35:921][740]LogModuleManager: Shutting down and abandoning module EditorWidgets (638)
[2020.04.13-13.10.35:921][740]LogModuleManager: Shutting down and abandoning module CollectionManager (636)
[2020.04.13-13.10.35:926][740]LogModuleManager: Shutting down and abandoning module StatsViewer (634)
[2020.04.13-13.10.35:933][740]LogModuleManager: Shutting down and abandoning module FoliageEdit (632)
[2020.04.13-13.10.35:933][740]LogModuleManager: Shutting down and abandoning module LandscapeEditor (630)
[2020.04.13-13.10.35:936][740]LogModuleManager: Shutting down and abandoning module MeshPaintMode (628)
[2020.04.13-13.10.35:937][740]LogModuleManager: Shutting down and abandoning module SceneDepthPickerMode (626)
[2020.04.13-13.10.35:937][740]LogModuleManager: Shutting down and abandoning module ActorPickerMode (624)
[2020.04.13-13.10.35:937][740]LogModuleManager: Shutting down and abandoning module GeometryMode (622)
[2020.04.13-13.10.35:937][740]LogModuleManager: Shutting down and abandoning module TextureAlignMode (620)
[2020.04.13-13.10.35:937][740]LogModuleManager: Shutting down and abandoning module BspMode (618)
[2020.04.13-13.10.35:937][740]LogModuleManager: Shutting down and abandoning module PIEPreviewDeviceProfileSelector (616)
[2020.04.13-13.10.35:942][740]LogModuleManager: Shutting down and abandoning module SequenceRecorderSections (614)
[2020.04.13-13.10.35:949][740]LogModuleManager: Shutting down and abandoning module AutomationWorker (612)
[2020.04.13-13.10.35:959][740]LogModuleManager: Shutting down and abandoning module OculusMR (610)
[2020.04.13-13.10.35:959][740]LogModuleManager: Shutting down and abandoning module AudioCaptureEditor (608)
[2020.04.13-13.10.35:960][740]LogModuleManager: Shutting down and abandoning module MatineeToLevelSequence (606)
[2020.04.13-13.10.35:964][740]LogModuleManager: Shutting down and abandoning module LevelSequenceEditor (604)
[2020.04.13-13.10.35:986][740]LogModuleManager: Shutting down and abandoning module PlacementMode (603)
[2020.04.13-13.10.35:986][740]LogModuleManager: Shutting down and abandoning module MaterialEditor (602)
[2020.04.13-13.10.36:053][740]LogModuleManager: Shutting down and abandoning module ActorSequenceEditor (598)
[2020.04.13-13.10.36:073][740]LogModuleManager: Shutting down and abandoning module WmfMediaFactory (596)
[2020.04.13-13.10.36:073][740]LogModuleManager: Shutting down and abandoning module WmfMediaEditor (594)
[2020.04.13-13.10.36:073][740]LogModuleManager: Shutting down and abandoning module WebMMediaFactory (592)
[2020.04.13-13.10.36:073][740]LogModuleManager: Shutting down and abandoning module WebMMediaEditor (590)
[2020.04.13-13.10.36:073][740]LogModuleManager: Shutting down and abandoning module WebMMedia (588)
[2020.04.13-13.10.36:087][740]LogModuleManager: Shutting down and abandoning module MediaPlayerEditor (586)
[2020.04.13-13.10.36:096][740]LogModuleManager: Shutting down and abandoning module MediaCompositingEditor (584)
[2020.04.13-13.10.36:109][740]LogModuleManager: Shutting down and abandoning module SequenceRecorder (583)
[2020.04.13-13.10.36:109][740]LogModuleManager: Shutting down and abandoning module OpenExrWrapper (580)
[2020.04.13-13.10.36:109][740]LogModuleManager: Shutting down and abandoning module ImgMediaFactory (578)
[2020.04.13-13.10.36:109][740]LogModuleManager: Shutting down and abandoning module ImgMediaEditor (576)
[2020.04.13-13.10.36:109][740]LogModuleManager: Shutting down and abandoning module AvfMediaFactory (574)
[2020.04.13-13.10.36:109][740]LogModuleManager: Shutting down and abandoning module AvfMediaEditor (572)
[2020.04.13-13.10.36:109][740]LogModuleManager: Shutting down and abandoning module AndroidMediaFactory (570)
[2020.04.13-13.10.36:109][740]LogModuleManager: Shutting down and abandoning module AndroidMediaEditor (568)
[2020.04.13-13.10.36:109][740]LogModuleManager: Shutting down and abandoning module MagicLeapCameraPreviewFactory (566)
[2020.04.13-13.10.36:109][740]LogModuleManager: Shutting down and abandoning module MagicLeapMediaCodecFactory (564)
[2020.04.13-13.10.36:109][740]LogModuleManager: Shutting down and abandoning module MagicLeapMediaFactory (562)
[2020.04.13-13.10.36:109][740]LogModuleManager: Shutting down and abandoning module MagicLeapMediaEditor (560)
[2020.04.13-13.10.36:109][740]LogModuleManager: Shutting down and abandoning module CharacterAI (558)
[2020.04.13-13.10.36:109][740]LogModuleManager: Shutting down and abandoning module SmartSnapping (556)
[2020.04.13-13.10.36:109][740]LogModuleManager: Shutting down and abandoning module SessionServices (554)
[2020.04.13-13.10.36:109][740]LogModuleManager: Shutting down and abandoning module MeshPaint (552)
[2020.04.13-13.10.36:110][740]LogModuleManager: Shutting down and abandoning module ViewportSnapping (550)
[2020.04.13-13.10.36:110][740]LogModuleManager: Shutting down and abandoning module ViewportInteraction (548)
[2020.04.13-13.10.36:110][740]LogModuleManager: Shutting down and abandoning module ClothPainter (546)
[2020.04.13-13.10.36:128][740]LogModuleManager: Shutting down and abandoning module SkeletalMeshEditor (545)
[2020.04.13-13.10.36:141][740]LogModuleManager: Shutting down and abandoning module LogVisualizer (542)
[2020.04.13-13.10.36:147][740]LogModuleManager: Shutting down and abandoning module IntroTutorials (540)
[2020.04.13-13.10.36:168][740]LogModuleManager: Shutting down and abandoning module GameProjectGeneration (539)
[2020.04.13-13.10.36:179][740]LogModuleManager: Shutting down and abandoning module LuminPlatformEditor (536)
[2020.04.13-13.10.36:180][740]LogModuleManager: Shutting down and abandoning module IOSPlatformEditor (534)
[2020.04.13-13.10.36:180][740]LogModuleManager: Shutting down and abandoning module HTML5PlatformEditor (532)
[2020.04.13-13.10.36:180][740]LogModuleManager: Shutting down and abandoning module AndroidPlatformEditor (530)
[2020.04.13-13.10.36:194][740]LogModuleManager: Shutting down and abandoning module AndroidDeviceDetection (529)
[2020.04.13-13.10.36:898][740]LogModuleManager: Shutting down and abandoning module WindowsPlatformEditor (526)
[2020.04.13-13.10.36:898][740]LogModuleManager: Shutting down and abandoning module LuminRuntimeSettings (524)
[2020.04.13-13.10.36:898][740]LogModuleManager: Shutting down and abandoning module IOSRuntimeSettings (522)
[2020.04.13-13.10.36:898][740]LogModuleManager: Shutting down and abandoning module AndroidRuntimeSettings (520)
[2020.04.13-13.10.36:898][740]LogModuleManager: Shutting down and abandoning module TimeManagementEditor (518)
[2020.04.13-13.10.36:899][740]LogModuleManager: Shutting down and abandoning module InputBindingEditor (516)
[2020.04.13-13.10.36:916][740]LogModuleManager: Shutting down and abandoning module MergeActors (514)
[2020.04.13-13.10.36:975][740]LogModuleManager: Shutting down and abandoning module LocalizationDashboard (512)
[2020.04.13-13.10.36:993][740]LogModuleManager: Shutting down and abandoning module LocalizationService (511)
[2020.04.13-13.10.36:998][740]LogModuleManager: Shutting down and abandoning module HardwareTargeting (508)
[2020.04.13-13.10.36:998][740]LogModuleManager: Shutting down and abandoning module DeviceProfileEditor (506)
[2020.04.13-13.10.37:003][740]LogModuleManager: Shutting down and abandoning module UndoHistory (504)
[2020.04.13-13.10.37:009][740]LogModuleManager: Shutting down and abandoning module XmlParser (502)
[2020.04.13-13.10.37:014][740]LogModuleManager: Shutting down and abandoning module Blutility (500)
[2020.04.13-13.10.37:014][740]LogModuleManager: Shutting down and abandoning module ProjectSettingsViewer (498)
[2020.04.13-13.10.37:014][740]LogModuleManager: Shutting down and abandoning module ProjectTargetPlatformEditor (497)
[2020.04.13-13.10.37:014][740]LogModuleManager: Shutting down and abandoning module EditorSettingsViewer (494)
[2020.04.13-13.10.37:014][740]LogModuleManager: Shutting down and abandoning module SettingsEditor (492)
[2020.04.13-13.10.37:025][740]LogModuleManager: Shutting down and abandoning module ProjectLauncher (490)
[2020.04.13-13.10.37:037][740]LogModuleManager: Shutting down and abandoning module SessionFrontend (488)
[2020.04.13-13.10.37:045][740]LogModuleManager: Shutting down and abandoning module ProfilerClient (486)
[2020.04.13-13.10.37:050][740]LogModuleManager: Shutting down and abandoning module DeviceManager (484)
[2020.04.13-13.10.37:056][740]LogModuleManager: Shutting down and abandoning module TargetDeviceServices (483)
[2020.04.13-13.10.37:111][740]LogModuleManager: Shutting down and abandoning module AutomationController (480)
[2020.04.13-13.10.37:129][740]LogModuleManager: Shutting down and abandoning module AutomationWindow (478)
[2020.04.13-13.10.37:141][740]LogModuleManager: Shutting down and abandoning module Layers (476)
[2020.04.13-13.10.37:166][740]LogModuleManager: Shutting down and abandoning module ComponentVisualizers (474)
[2020.04.13-13.10.37:166][740]LogModuleManager: Shutting down and abandoning module DetailCustomizations (472)
[2020.04.13-13.10.37:170][740]LogModuleManager: Shutting down and abandoning module PackagesDialog (470)
[2020.04.13-13.10.37:171][740]LogModuleManager: Shutting down and abandoning module AnimationBlueprintEditor (468)
[2020.04.13-13.10.37:213][740]LogModuleManager: Shutting down and abandoning module Persona (466)
[2020.04.13-13.10.37:251][740]LogModuleManager: Shutting down and abandoning module AdvancedPreviewScene (465)
[2020.04.13-13.10.37:251][740]LogModuleManager: Shutting down and abandoning module AnimGraph (463)
[2020.04.13-13.10.37:251][740]LogModuleManager: Shutting down and abandoning module Kismet (460)
[2020.04.13-13.10.37:269][740]LogModuleManager: Shutting down and abandoning module GraphEditor (458)
[2020.04.13-13.10.37:306][740]LogModuleManager: Shutting down and abandoning module ClassViewer (456)
[2020.04.13-13.10.37:306][740]LogModuleManager: Shutting down and abandoning module Toolbox (454)
[2020.04.13-13.10.37:306][740]LogModuleManager: Shutting down and abandoning module ModuleUI (452)
[2020.04.13-13.10.37:307][740]LogModuleManager: Shutting down and abandoning module MovieSceneTools (450)
[2020.04.13-13.10.37:319][740]LogModuleManager: Shutting down and abandoning module OutputLog (448)
[2020.04.13-13.10.37:319][740]LogModuleManager: Shutting down and abandoning module GammaUI (446)
[2020.04.13-13.10.37:326][740]LogModuleManager: Shutting down and abandoning module Documentation (444)
[2020.04.13-13.10.37:326][740]LogModuleManager: Shutting down and abandoning module LiveCoding (442)
[2020.04.13-13.10.37:340][740]LogModuleManager: Shutting down and abandoning module LevelSequence (440)
[2020.04.13-13.10.37:341][740]LogModuleManager: Shutting down and abandoning module MovieSceneTracks (438)
[2020.04.13-13.10.37:341][740]LogModuleManager: Shutting down and abandoning module MovieScene (436)
[2020.04.13-13.10.37:351][740]LogModuleManager: Shutting down and abandoning module StreamingPauseRendering (434)
[2020.04.13-13.10.37:356][740]LogModuleManager: Shutting down and abandoning module LauncherPlatform (432)
[2020.04.13-13.10.37:356][740]LogModuleManager: Shutting down and abandoning module AnalyticsET (430)
[2020.04.13-13.10.37:356][740]LogModuleManager: Shutting down and abandoning module PortalServices (428)
[2020.04.13-13.10.37:356][740]LogModuleManager: Shutting down and abandoning module PortalRpc (426)
[2020.04.13-13.10.37:356][740]LogModuleManager: Shutting down and abandoning module MessagingRpc (424)
[2020.04.13-13.10.37:356][740]LogModuleManager: Shutting down and abandoning module AIModule (422)
[2020.04.13-13.10.37:363][740]LogModuleManager: Shutting down and abandoning module GameplayDebugger (421)
[2020.04.13-13.10.37:363][740]LogModuleManager: Shutting down and abandoning module AITestSuite (419)
[2020.04.13-13.10.37:373][740]LogModuleManager: Shutting down and abandoning module NavigationSystem (417)
[2020.04.13-13.10.37:373][740]LogModuleManager: Shutting down and abandoning module DesktopPlatform (414)
[2020.04.13-13.10.37:373][740]LogModuleManager: Shutting down and abandoning module ImageWriteQueue (412)
[2020.04.13-13.10.37:384][740]LogModuleManager: Shutting down and abandoning module ProfilerService (410)
[2020.04.13-13.10.37:455][740]LogModuleManager: Shutting down and abandoning module TaskGraph (408)
[2020.04.13-13.10.37:475][740]LogModuleManager: Shutting down and abandoning module SteamVRController (406)
[2020.04.13-13.10.37:476][740]LogModuleManager: Shutting down and abandoning module ProceduralMeshComponentEditor (404)
[2020.04.13-13.10.37:485][740]LogModuleManager: Shutting down and abandoning module ProceduralMeshComponent (402)
[2020.04.13-13.10.37:499][740]LogModuleManager: Shutting down and abandoning module OculusEditor (400)
[2020.04.13-13.10.37:508][740]LogModuleManager: Shutting down and abandoning module OculusInput (398)
[2020.04.13-13.10.37:509][740]LogModuleManager: Shutting down and abandoning module MobilePatchingUtils (396)
[2020.04.13-13.10.37:509][740]LogModuleManager: Shutting down and abandoning module EditableMesh (394)
[2020.04.13-13.10.37:516][740]LogModuleManager: Shutting down and abandoning module CustomMeshComponent (392)
[2020.04.13-13.10.37:516][740]LogModuleManager: Shutting down and abandoning module CableComponent (390)
[2020.04.13-13.10.37:520][740]LogModuleManager: Shutting down and abandoning module AudioCapture (388)
[2020.04.13-13.10.37:520][740]LogModuleManager: Shutting down and abandoning module ArchVisCharacter (386)
[2020.04.13-13.10.37:520][740]LogModuleManager: Shutting down and abandoning module AndroidPermission (384)
[2020.04.13-13.10.37:520][740]LogModuleManager: Shutting down and abandoning module NUTUnrealEngine4 (382)
[2020.04.13-13.10.37:536][740]LogModuleManager: Shutting down and abandoning module NetcodeUnitTest (380)
[2020.04.13-13.10.37:547][740]LogModuleManager: Shutting down and abandoning module MediaCompositing (378)
[2020.04.13-13.10.37:547][740]LogModuleManager: Shutting down and abandoning module LinearTimecode (376)
[2020.04.13-13.10.37:547][740]LogModuleManager: Shutting down and abandoning module ImgMedia (374)
[2020.04.13-13.10.37:547][740]LogModuleManager: Shutting down and abandoning module MagicLeapHelperVulkan (372)
[2020.04.13-13.10.37:547][740]LogModuleManager: Shutting down and abandoning module MagicLeapHelperOpenGL (370)
[2020.04.13-13.10.37:558][740]LogModuleManager: Shutting down and abandoning module MagicLeapAudio (368)
[2020.04.13-13.10.37:561][740]LogModuleManager: Shutting down and abandoning module HTML5Networking (366)
[2020.04.13-13.10.37:561][740]LogModuleManager: Shutting down and abandoning module GeometryCacheTracks (364)
[2020.04.13-13.10.37:561][740]LogModuleManager: Shutting down and abandoning module GeometryCacheSequencer (362)
[2020.04.13-13.10.37:561][740]LogModuleManager: Shutting down and abandoning module BackChannel (360)
[2020.04.13-13.10.37:566][740]LogModuleManager: Shutting down and abandoning module AppleVision (358)
[2020.04.13-13.10.37:566][740]LogModuleManager: Shutting down and abandoning module AppleImageUtilsBlueprintSupport (356)
[2020.04.13-13.10.37:566][740]LogModuleManager: Shutting down and abandoning module AppleImageUtils (354)
[2020.04.13-13.10.37:566][740]LogModuleManager: Shutting down and abandoning module AlembicImporter (352)
[2020.04.13-13.10.37:566][740]LogModuleManager: Shutting down and abandoning module AlembicLibrary (351)
[2020.04.13-13.10.37:566][740]LogModuleManager: Shutting down and abandoning module GeometryCache (350)
[2020.04.13-13.10.37:566][740]LogModuleManager: Shutting down and abandoning module GeometryCacheEd (349)
[2020.04.13-13.10.37:566][740]LogModuleManager: Shutting down and abandoning module VariantManagerContent (344)
[2020.04.13-13.10.37:575][740]LogModuleManager: Shutting down and abandoning module DatasmithContentEditor (342)
[2020.04.13-13.10.37:580][740]LogModuleManager: Shutting down and abandoning module SpeedTreeImporter (340)
[2020.04.13-13.10.37:580][740]LogModuleManager: Shutting down and abandoning module PluginBrowser (338)
[2020.04.13-13.10.37:583][740]LogModuleManager: Shutting down and abandoning module MobileLauncherProfileWizard (336)
[2020.04.13-13.10.37:594][740]LogModuleManager: Shutting down and abandoning module MaterialAnalyzer (334)
[2020.04.13-13.10.37:605][740]LogModuleManager: Shutting down and abandoning module CryptoKeysOpenSSL (332)
[2020.04.13-13.10.37:605][740]LogModuleManager: Shutting down and abandoning module CryptoKeys (330)
[2020.04.13-13.10.37:605][740]LogModuleManager: Shutting down and abandoning module VisualStudioSourceCodeAccess (328)
[2020.04.13-13.10.37:608][740]LogModuleManager: Shutting down and abandoning module VisualStudioCodeSourceCodeAccess (326)
[2020.04.13-13.10.37:609][740]LogModuleManager: Shutting down and abandoning module UObjectPlugin (324)
[2020.04.13-13.10.37:609][740]LogModuleManager: Shutting down and abandoning module SubversionSourceControl (322)
[2020.04.13-13.10.37:628][740]LogModuleManager: Shutting down and abandoning module PerforceSourceControl (320)
[2020.04.13-13.10.37:645][740]LogModuleManager: Shutting down and abandoning module GitSourceControl (318)
[2020.04.13-13.10.37:652][740]LogModuleManager: Shutting down and abandoning module SourceControl (317)
[2020.04.13-13.10.37:707][740]LogModuleManager: Shutting down and abandoning module CLionSourceCodeAccess (314)
[2020.04.13-13.10.37:707][740]LogModuleManager: Shutting down and abandoning module AnimationSharingEd (312)
[2020.04.13-13.10.37:707][740]LogModuleManager: Shutting down and abandoning module ActorLayerUtilitiesEditor (310)
[2020.04.13-13.10.37:707][740]LogModuleManager: Shutting down and abandoning module ActorLayerUtilities (308)
[2020.04.13-13.10.37:707][740]LogModuleManager: Shutting down and abandoning module LightPropagationVolumeEditor (306)
[2020.04.13-13.10.37:707][740]LogModuleManager: Shutting down and abandoning module PaperTiledImporter (304)
[2020.04.13-13.10.37:707][740]LogModuleManager: Shutting down and abandoning module PaperSpriteSheetImporter (302)
[2020.04.13-13.10.37:713][740]LogModuleManager: Shutting down and abandoning module Paper2DEditor (300)
[2020.04.13-13.10.37:731][740]LogModuleManager: Shutting down and abandoning module SignificanceManager (298)
[2020.04.13-13.10.37:731][740]LogModuleManager: Shutting down and abandoning module RuntimePhysXCooking (296)
[2020.04.13-13.10.37:731][740]LogModuleManager: Shutting down and abandoning module PhysXVehiclesEditor (294)
[2020.04.13-13.10.37:731][740]LogModuleManager: Shutting down and abandoning module PhysXVehicles (292)
[2020.04.13-13.10.37:731][740]LogModuleManager: Shutting down and abandoning module LocationServicesBPLibrary (290)
[2020.04.13-13.10.37:731][740]LogModuleManager: Shutting down and abandoning module ApexDestructionEditor (288)
[2020.04.13-13.10.37:746][740]LogModuleManager: Shutting down and abandoning module ApexDestruction (286)
[2020.04.13-13.10.37:749][740]LogModuleManager: Shutting down and abandoning module ActorSequence (284)
[2020.04.13-13.10.37:749][740]LogModuleManager: Shutting down and abandoning module UdpMessaging (282)
[2020.04.13-13.10.37:850][740]LogModuleManager: Shutting down and abandoning module TcpMessaging (280)
[2020.04.13-13.10.37:962][740]LogModuleManager: Shutting down and abandoning module MagicLeapIdentity (278)
[2020.04.13-13.10.37:962][740]LogModuleManager: Shutting down and abandoning module MagicLeapSecureStorage (276)
[2020.04.13-13.10.37:963][740]LogModuleManager: Shutting down and abandoning module MagicLeapHandTracking (274)
[2020.04.13-13.10.37:973][740]LogModuleManager: Shutting down and abandoning module MagicLeapEyeTracker (272)
[2020.04.13-13.10.37:973][740]LogModuleManager: Shutting down and abandoning module MagicLeapController (270)
[2020.04.13-13.10.37:987][740]LogSlate: Slate User Destroyed.  User Index 0, Is Virtual User: 0
[2020.04.13-13.10.37:988][740]LogModuleManager: Shutting down and abandoning module MagicLeapAR (268)
[2020.04.13-13.10.37:988][740]LogModuleManager: Shutting down and abandoning module AugmentedReality (267)
[2020.04.13-13.10.37:988][740]LogModuleManager: Shutting down and abandoning module GameplayTagsEditor (264)
[2020.04.13-13.10.38:002][740]LogModuleManager: Shutting down and abandoning module FacialAnimationEditor (262)
[2020.04.13-13.10.38:002][740]LogModuleManager: Shutting down and abandoning module FacialAnimation (260)
[2020.04.13-13.10.38:002][740]LogModuleManager: Shutting down and abandoning module DataValidation (258)
[2020.04.13-13.10.38:002][740]LogModuleManager: Shutting down and abandoning module AssetManagerEditor (256)
[2020.04.13-13.10.38:022][740]LogModuleManager: Shutting down and abandoning module LevelEditor (255)
[2020.04.13-13.10.38:042][740]LogModuleManager: Shutting down and abandoning module PixelInspectorModule (254)
[2020.04.13-13.10.38:046][740]LogModuleManager: Shutting down and abandoning module CommonMenuExtensions (252)
[2020.04.13-13.10.38:046][740]LogModuleManager: Shutting down and abandoning module MainFrame (250)
[2020.04.13-13.10.38:046][740]LogModuleManager: Shutting down and abandoning module HotReload (249)
[2020.04.13-13.10.38:053][740]LogModuleManager: Shutting down and abandoning module ContentBrowser (245)
[2020.04.13-13.10.38:055][740]LogModuleManager: Shutting down and abandoning module TreeMap (243)
[2020.04.13-13.10.38:065][740]LogModuleManager: Shutting down and abandoning module AnimationSharing (240)
[2020.04.13-13.10.38:065][740]LogModuleManager: Shutting down and abandoning module LightPropagationVolumeRuntime (238)
[2020.04.13-13.10.38:065][740]LogModuleManager: Shutting down and abandoning module AISupportModule (236)
[2020.04.13-13.10.38:066][740]LogModuleManager: Shutting down and abandoning module Paper2D (234)
[2020.04.13-13.10.38:073][740]LogModuleManager: Shutting down and abandoning module WindowsMoviePlayer (232)
[2020.04.13-13.10.38:078][740]LogModuleManager: Shutting down and abandoning module WebMMoviePlayer (230)
[2020.04.13-13.10.38:086][740]LogModuleManager: Shutting down and abandoning module PacketHandler (228)
[2020.04.13-13.10.38:086][740]LogModuleManager: Shutting down and abandoning module ClothingSystemEditor (226)
[2020.04.13-13.10.38:086][740]LogModuleManager: Shutting down and abandoning module ClothingSystemRuntime (224)
[2020.04.13-13.10.38:106][740]LogModuleManager: Shutting down and abandoning module MediaAssets (222)
[2020.04.13-13.10.38:106][740]LogModuleManager: Shutting down and abandoning module Overlay (220)
[2020.04.13-13.10.38:106][740]LogModuleManager: Shutting down and abandoning module OverlayEditor (219)
[2020.04.13-13.10.38:106][740]LogModuleManager: Shutting down and abandoning module VREditor (216)
[2020.04.13-13.10.38:128][740]LogModuleManager: Shutting down and abandoning module StringTableEditor (214)
[2020.04.13-13.10.38:183][740]LogModuleManager: Shutting down and abandoning module GameplayTasksEditor (212)
[2020.04.13-13.10.38:183][740]LogModuleManager: Shutting down and abandoning module BehaviorTreeEditor (210)
[2020.04.13-13.10.38:218][740]LogModuleManager: Shutting down and abandoning module FunctionalTesting (208)
[2020.04.13-13.10.38:225][740]LogModuleManager: Shutting down and abandoning module CollisionAnalyzer (206)
[2020.04.13-13.10.38:251][740]LogModuleManager: Shutting down and abandoning module WorkspaceMenuStructure (205)
[2020.04.13-13.10.38:255][740]LogModuleManager: Shutting down and abandoning module UMG (202)
[2020.04.13-13.10.38:255][740]LogModuleManager: Shutting down and abandoning module UMGEditor (201)
[2020.04.13-13.10.38:276][740]LogModuleManager: Shutting down and abandoning module Sequencer (200)
[2020.04.13-13.10.38:301][740]LogModuleManager: Shutting down and abandoning module MessageLog (197)
[2020.04.13-13.10.38:301][740]LogModuleManager: Shutting down and abandoning module SlateReflector (192)
[2020.04.13-13.10.38:332][740]LogModuleManager: Shutting down and abandoning module Slate (190)
[2020.04.13-13.10.38:333][740]LogModuleManager: Shutting down and abandoning module EditorStyle (188)
[2020.04.13-13.10.38:345][740]LogModuleManager: Shutting down and abandoning module UnrealEd (186)
[2020.04.13-13.10.38:345][740]LogModuleManager: Shutting down and abandoning module MRMesh (184)
[2020.04.13-13.10.38:345][740]LogModuleManager: Shutting down and abandoning module SourceCodeAccess (182)
[2020.04.13-13.10.38:345][740]LogModuleManager: Shutting down and abandoning module HeadMountedDisplay (180)
[2020.04.13-13.10.38:345][740]LogModuleManager: Shutting down and abandoning module XAudio2 (178)
[2020.04.13-13.10.38:345][740]LogModuleManager: Shutting down and abandoning module Networking (176)
[2020.04.13-13.10.38:345][740]LogModuleManager: Shutting down and abandoning module Core (174)
[2020.04.13-13.10.38:345][740]LogModuleManager: Shutting down and abandoning module KismetCompiler (172)
[2020.04.13-13.10.38:345][740]LogModuleManager: Shutting down and abandoning module MeshUtilities (170)
[2020.04.13-13.10.38:345][740]LogModuleManager: Shutting down and abandoning module MeshMergeUtilities (169)
[2020.04.13-13.10.38:355][740]LogModuleManager: Shutting down and abandoning module MeshReductionInterface (168)
[2020.04.13-13.10.38:355][740]LogModuleManager: Shutting down and abandoning module SkeletalMeshReduction (167)
[2020.04.13-13.10.38:367][740]LogModuleManager: Shutting down and abandoning module ProxyLODMeshReduction (165)
[2020.04.13-13.10.38:386][740]LogModuleManager: Shutting down and abandoning module QuadricMeshReduction (163)
[2020.04.13-13.10.38:402][740]LogModuleManager: Shutting down and abandoning module MaterialBaking (159)
[2020.04.13-13.10.38:468][740]LogModuleManager: Shutting down and abandoning module DerivedDataCache (154)
[2020.04.13-13.10.38:497][740]LogDerivedDataCache: Shutdown
[2020.04.13-13.10.38:497][740]LogModuleManager: Shutting down and abandoning module XGEController (152)
[2020.04.13-13.10.38:497][740]LogXGEController: Cleaning working directory: C:/Users/ivana/AppData/Local/Temp/UnrealXGEWorkingDir/
[2020.04.13-13.10.38:499][740]LogModuleManager: Shutting down and abandoning module TargetPlatform (150)
[2020.04.13-13.10.38:506][740]LogModuleManager: Shutting down and abandoning module VulkanShaderFormat (149)
[2020.04.13-13.10.38:513][740]LogModuleManager: Shutting down and abandoning module ShaderFormatVectorVM (147)
[2020.04.13-13.10.38:521][740]LogModuleManager: Shutting down and abandoning module ShaderFormatOpenGL (145)
[2020.04.13-13.10.38:533][740]LogModuleManager: Shutting down and abandoning module ShaderFormatD3D (143)
[2020.04.13-13.10.38:542][740]LogModuleManager: Shutting down and abandoning module MetalShaderFormat (141)
[2020.04.13-13.10.38:556][740]LogModuleManager: Shutting down and abandoning module TextureFormatUncompressed (139)
[2020.04.13-13.10.38:556][740]LogModuleManager: Shutting down and abandoning module TextureFormatPVR (137)
[2020.04.13-13.10.38:556][740]LogModuleManager: Shutting down and abandoning module TextureFormatDXT (135)
[2020.04.13-13.10.38:556][740]LogModuleManager: Shutting down and abandoning module TextureFormatIntelISPCTexComp (133)
[2020.04.13-13.10.38:565][740]LogModuleManager: Shutting down and abandoning module TextureFormatASTC (131)
[2020.04.13-13.10.38:565][740]LogModuleManager: Shutting down and abandoning module ImageWrapper (130)
[2020.04.13-13.10.38:565][740]LogModuleManager: Shutting down and abandoning module TextureFormatAndroid (127)
[2020.04.13-13.10.38:565][740]LogModuleManager: Shutting down and abandoning module AudioFormatOpus (125)
[2020.04.13-13.10.38:573][740]LogModuleManager: Shutting down and abandoning module AudioFormatOgg (123)
[2020.04.13-13.10.38:573][740]LogModuleManager: Shutting down and abandoning module AudioFormatADPCM (121)
[2020.04.13-13.10.38:580][740]LogModuleManager: Shutting down and abandoning module LuminTargetPlatform (119)
[2020.04.13-13.10.38:600][740]LogModuleManager: Shutting down and abandoning module LinuxTargetPlatform (117)
[2020.04.13-13.10.38:600][740]LogModuleManager: Shutting down and abandoning module LinuxServerTargetPlatform (115)
[2020.04.13-13.10.38:612][740]LogModuleManager: Shutting down and abandoning module LinuxNoEditorTargetPlatform (113)
[2020.04.13-13.10.38:621][740]LogModuleManager: Shutting down and abandoning module LinuxClientTargetPlatform (111)
[2020.04.13-13.10.38:622][740]LogModuleManager: Shutting down and abandoning module TVOSTargetPlatform (109)
[2020.04.13-13.10.38:626][740]LogModuleManager: Shutting down and abandoning module Messaging (107)
[2020.04.13-13.10.38:626][740]LogModuleManager: Shutting down and abandoning module IOSTargetPlatform (105)
[2020.04.13-13.10.38:629][740]LogModuleManager: Shutting down and abandoning module HTML5TargetPlatform (103)
[2020.04.13-13.10.38:629][740]LogModuleManager: Shutting down and abandoning module AndroidTargetPlatform (101)
[2020.04.13-13.10.38:654][740]LogModuleManager: Shutting down and abandoning module WindowsTargetPlatform (99)
[2020.04.13-13.10.38:654][740]LogModuleManager: Shutting down and abandoning module WindowsServerTargetPlatform (97)
[2020.04.13-13.10.38:654][740]LogModuleManager: Shutting down and abandoning module WindowsNoEditorTargetPlatform (95)
[2020.04.13-13.10.38:654][740]LogModuleManager: Shutting down and abandoning module WindowsClientTargetPlatform (93)
[2020.04.13-13.10.38:654][740]LogModuleManager: Shutting down and abandoning module MacTargetPlatform (91)
[2020.04.13-13.10.38:654][740]LogModuleManager: Shutting down and abandoning module MacServerTargetPlatform (89)
[2020.04.13-13.10.38:654][740]LogModuleManager: Shutting down and abandoning module MacNoEditorTargetPlatform (87)
[2020.04.13-13.10.38:654][740]LogModuleManager: Shutting down and abandoning module MacClientTargetPlatform (85)
[2020.04.13-13.10.38:654][740]LogModuleManager: Shutting down and abandoning module AllDesktopTargetPlatform (83)
[2020.04.13-13.10.38:654][740]LogModuleManager: Shutting down and abandoning module InputCore (80)
[2020.04.13-13.10.38:654][740]LogModuleManager: Shutting down and abandoning module Settings (78)
[2020.04.13-13.10.38:654][740]LogModuleManager: Shutting down and abandoning module DirectoryWatcher (76)
[2020.04.13-13.10.38:655][740]LogModuleManager: Shutting down and abandoning module PhysXCooking (74)
[2020.04.13-13.10.38:655][740]LogModuleManager: Shutting down and abandoning module SteamVR (72)
[2020.04.13-13.10.38:667][740]LogHMD: Freeing OpenVRDLLHandle.
[2020.04.13-13.10.38:710][740]LogModuleManager: Shutting down and abandoning module OculusHMD (70)
[2020.04.13-13.10.38:711][740]LogModuleManager: Shutting down and abandoning module ExampleDeviceProfileSelector (68)
[2020.04.13-13.10.38:711][740]LogModuleManager: Shutting down and abandoning module LauncherChunkInstaller (66)
[2020.04.13-13.10.38:711][740]LogModuleManager: Shutting down and abandoning module OnlineBlueprintSupport (64)
[2020.04.13-13.10.38:711][740]LogModuleManager: Shutting down and abandoning module OnlineSubsystem (60)
[2020.04.13-13.10.38:712][740]LogModuleManager: Shutting down and abandoning module XMPP (55)
[2020.04.13-13.10.38:725][740]LogModuleManager: Shutting down and abandoning module WebSockets (54)
[2020.04.13-13.10.38:784][740]LogModuleManager: Shutting down and abandoning module HTTP (51)
[2020.04.13-13.10.38:784][740]LogHttp: Display: Http module shutting down, but needs to wait on 1 outstanding Http requests:
[2020.04.13-13.10.38:784][740]LogHttp: Display: 	verb=[POST] url=[https://datarouter.ol.epicgames.com/datarouter/api/v1/public/data?SessionID=%7BB317E1C3-4FC7-63E6-57DC-B59018BB0622%7D&AppID=UEEditor.Rocket.Release&AppVersion=4.22.3-7053642%2B%2B%2BUE4%2BRelease-4.22&UserID=91bc815442d1b294a364819a86872ab1%7Cb5d1e3e718554f05a63d030a79c69fa1%7Cb1ab91b0-dad4-4f10-b263-ae35de0f90bf&AppEnvironment=datacollector-binary&UploadType=eteventstream] status=Processing
[2020.04.13-13.10.38:801][740]LogModuleManager: Shutting down and abandoning module SSL (50)
[2020.04.13-13.10.38:803][740]LogModuleManager: Shutting down and abandoning module WmfMedia (46)
[2020.04.13-13.10.38:810][740]LogModuleManager: Shutting down and abandoning module Media (45)
[2020.04.13-13.10.38:816][740]LogModuleManager: Shutting down and abandoning module MagicLeap (42)
[2020.04.13-13.10.38:830][740]LogModuleManager: Shutting down and abandoning module DatasmithContent (40)
[2020.04.13-13.10.38:830][740]LogModuleManager: Shutting down and abandoning module AnimationModifiers (38)
[2020.04.13-13.10.38:836][740]LogModuleManager: Shutting down and abandoning module PropertyEditor (37)
[2020.04.13-13.10.38:873][740]LogModuleManager: Shutting down and abandoning module AudioEditor (34)
[2020.04.13-13.10.38:895][740]LogModuleManager: Shutting down and abandoning module TextureCompressor (32)
[2020.04.13-13.10.38:903][740]LogModuleManager: Shutting down and abandoning module RenderCore (30)
[2020.04.13-13.10.38:903][740]LogModuleManager: Shutting down and abandoning module Landscape (28)
[2020.04.13-13.10.38:903][740]LogModuleManager: Shutting down and abandoning module SlateRHIRenderer (26)
[2020.04.13-13.10.38:916][740]LogModuleManager: Shutting down and abandoning module OpenGLDrv (24)
[2020.04.13-13.10.38:969][740]LogModuleManager: Shutting down and abandoning module D3D11RHI (22)
[2020.04.13-13.10.38:969][740]LogModuleManager: Shutting down and abandoning module AnimGraphRuntime (20)
[2020.04.13-13.10.38:975][740]LogModuleManager: Shutting down and abandoning module Renderer (18)
[2020.04.13-13.10.38:975][740]LogModuleManager: Shutting down and abandoning module Engine (16)
[2020.04.13-13.10.38:975][740]LogModuleManager: Shutting down and abandoning module CoreUObject (14)
[2020.04.13-13.10.38:975][740]LogModuleManager: Shutting down and abandoning module NetworkFile (12)
[2020.04.13-13.10.38:980][740]LogModuleManager: Shutting down and abandoning module CookedIterativeFile (10)
[2020.04.13-13.10.38:980][740]LogModuleManager: Shutting down and abandoning module StreamingFile (8)
[2020.04.13-13.10.38:983][740]LogModuleManager: Shutting down and abandoning module SandboxFile (6)
[2020.04.13-13.10.38:983][740]LogModuleManager: Shutting down and abandoning module PakFile (4)
[2020.04.13-13.10.38:986][740]LogModuleManager: Shutting down and abandoning module RSA (3)
[2020.04.13-13.10.39:016][740]LogExit: Exiting.
[2020.04.13-13.10.39:031][740]Log file closed, 04/13/20 09:10:39
