Log file open, 04/06/20 10:03:38
LogWindows: Failed to load 'aqProf.dll' (GetLastError=126)
LogWindows: File 'aqProf.dll' does not exist
LogWindows: Failed to load 'VtuneApi.dll' (GetLastError=126)
LogWindows: File 'VtuneApi.dll' does not exist
LogWindows: Failed to load 'VtuneApi32e.dll' (GetLastError=126)
LogWindows: File 'VtuneApi32e.dll' does not exist
LogConsoleResponse: Display: Failed to find resolution value strings in scalability ini. Falling back to default.
LogInit: Display: Running engine for game: Group5_PB
LogPakFile: Registered encryption key '00000000000000000000000000000000': 0 pak files mounted, 0 remain pending
LogPlatformFile: Not using cached read wrapper
LogTaskGraph: Started task graph with 5 named threads and 35 total threads with 3 sets of task threads.
LogStats: Stats thread started at 0.480186
LogD3D11RHI: Loaded GFSDK_Aftermath_Lib.x64.dll
LogICUInternationalization: ICU TimeZone Detection - Raw Offset: -5:00, Platform Override: ''
LogPluginManager: Mounting plugin Paper2D
LogPluginManager: Mounting plugin AISupport
LogPluginManager: Mounting plugin LightPropagationVolume
LogPluginManager: Mounting plugin ActorLayerUtilities
LogPluginManager: Mounting plugin AnimationSharing
LogPluginManager: Mounting plugin CLionSourceCodeAccess
LogPluginManager: Mounting plugin CodeLiteSourceCodeAccess
LogPluginManager: Mounting plugin GitSourceControl
LogPluginManager: Mounting plugin KDevelopSourceCodeAccess
LogPluginManager: Mounting plugin NullSourceCodeAccess
LogPluginManager: Mounting plugin PerforceSourceControl
LogPluginManager: Mounting plugin SubversionSourceControl
LogPluginManager: Mounting plugin UObjectPlugin
LogPluginManager: Mounting plugin VisualStudioCodeSourceCodeAccess
LogPluginManager: Mounting plugin VisualStudioSourceCodeAccess
LogPluginManager: Mounting plugin XCodeSourceCodeAccess
LogPluginManager: Mounting plugin AssetManagerEditor
LogPluginManager: Mounting plugin CryptoKeys
LogPluginManager: Mounting plugin DataValidation
LogPluginManager: Mounting plugin FacialAnimation
LogPluginManager: Mounting plugin GameplayTagsEditor
LogPluginManager: Mounting plugin MacGraphicsSwitching
LogPluginManager: Mounting plugin MaterialAnalyzer
LogPluginManager: Mounting plugin MobileLauncherProfileWizard
LogPluginManager: Mounting plugin PluginBrowser
LogPluginManager: Mounting plugin SpeedTreeImporter
LogPluginManager: Mounting plugin DatasmithContent
LogPluginManager: Mounting plugin VariantManagerContent
LogPluginManager: Mounting plugin AlembicImporter
LogPluginManager: Mounting plugin AppleImageUtils
LogPluginManager: Mounting plugin AppleVision
LogPluginManager: Mounting plugin BackChannel
LogPluginManager: Mounting plugin CharacterAI
LogPluginManager: Mounting plugin GeometryCache
LogPluginManager: Mounting plugin HTML5Networking
LogPluginManager: Mounting plugin ProxyLODPlugin
LogPluginManager: Mounting plugin SkeletalReduction
LogPluginManager: Mounting plugin MagicLeap
LogPluginManager: Mounting plugin MagicLeapMedia
LogPluginManager: Mounting plugin AndroidMedia
LogPluginManager: Mounting plugin AvfMedia
LogPluginManager: Mounting plugin ImgMedia
LogPluginManager: Mounting plugin LinearTimecode
LogPluginManager: Mounting plugin MediaCompositing
LogPluginManager: Mounting plugin MediaPlayerEditor
LogPluginManager: Mounting plugin WebMMedia
LogPluginManager: Mounting plugin WmfMedia
LogPluginManager: Mounting plugin TcpMessaging
LogPluginManager: Mounting plugin UdpMessaging
LogPluginManager: Mounting plugin ActorSequence
LogPluginManager: Mounting plugin LevelSequenceEditor
LogPluginManager: Mounting plugin MatineeToLevelSequence
LogPluginManager: Mounting plugin NetcodeUnitTest
LogPluginManager: Mounting plugin NUTUnrealEngine4
LogPluginManager: Mounting plugin OnlineSubsystemGooglePlay
LogPluginManager: Mounting plugin OnlineSubsystemIOS
LogPluginManager: Mounting plugin OnlineSubsystem
LogPluginManager: Mounting plugin OnlineSubsystemNull
LogPluginManager: Mounting plugin OnlineSubsystemUtils
LogPluginManager: Mounting plugin LauncherChunkInstaller
LogPluginManager: Mounting plugin AndroidDeviceProfileSelector
LogPluginManager: Mounting plugin AndroidMoviePlayer
LogPluginManager: Mounting plugin AndroidPermission
LogPluginManager: Mounting plugin ApexDestruction
LogPluginManager: Mounting plugin AppleMoviePlayer
LogPluginManager: Mounting plugin ArchVisCharacter
LogPluginManager: Mounting plugin AudioCapture
LogPluginManager: Mounting plugin CableComponent
LogPluginManager: Mounting plugin CustomMeshComponent
LogPluginManager: Mounting plugin EditableMesh
LogPluginManager: Mounting plugin ExampleDeviceProfileSelector
LogPluginManager: Mounting plugin Firebase
LogPluginManager: Mounting plugin GoogleCloudMessaging
LogPluginManager: Mounting plugin IOSDeviceProfileSelector
LogPluginManager: Mounting plugin LinuxDeviceProfileSelector
LogPluginManager: Mounting plugin LocationServicesBPLibrary
LogPluginManager: Mounting plugin MobilePatchingUtils
LogPluginManager: Mounting plugin OculusVR
LogPluginManager: Mounting plugin PhysXVehicles
LogPluginManager: Mounting plugin ProceduralMeshComponent
LogPluginManager: Mounting plugin RuntimePhysXCooking
LogPluginManager: Mounting plugin SignificanceManager
LogPluginManager: Mounting plugin SteamVR
LogPluginManager: Mounting plugin WebMMoviePlayer
LogPluginManager: Mounting plugin WindowsMoviePlayer
LogInit: Using libcurl 7.55.1-DEV
LogInit:  - built for x86_64-pc-win32
LogInit:  - supports SSL with OpenSSL/1.1.1
LogInit:  - supports HTTP deflate (compression) using libz 1.2.8
LogInit:  - other features:
LogInit:      CURL_VERSION_SSL
LogInit:      CURL_VERSION_LIBZ
LogInit:      CURL_VERSION_IPV6
LogInit:      CURL_VERSION_ASYNCHDNS
LogInit:      CURL_VERSION_LARGEFILE
LogInit:      CURL_VERSION_IDN
LogInit:  CurlRequestOptions (configurable via config and command line):
LogInit:  - bVerifyPeer = true  - Libcurl will verify peer certificate
LogInit:  - bUseHttpProxy = false  - Libcurl will NOT use HTTP proxy
LogInit:  - bDontReuseConnections = false  - Libcurl will reuse connections
LogInit:  - MaxHostConnections = 16  - Libcurl will limit the number of connections to a host
LogInit:  - LocalHostAddr = Default
LogInit:  - BufferSize = 65536
LogInit: WinSock: version 1.1 (2.2), MaxSocks=32767, MaxUdp=65467
LogInit: Build: ++UE4+Release-4.22-CL-7053642
LogInit: Engine Version: 4.22.3-7053642+++UE4+Release-4.22
LogInit: Compatible Engine Version: 4.22.0-5660361+++UE4+Release-4.22
LogInit: Net CL: 5660361
LogInit: OS: Windows 10 (Release 1903) (), CPU: Intel(R) Core(TM) i7-8750H CPU @ 2.20GHz, GPU: Intel(R) UHD Graphics 630
LogInit: Compiled (64-bit): Jun 18 2019 03:09:11
LogInit: Compiled with Visual C++: 19.16.27025.01
LogInit: Build Configuration: Development
LogInit: Branch Name: ++UE4+Release-4.22
LogInit: Command Line: 
LogInit: Base Directory: D:/UE_4.22/Engine/Binaries/Win64/
LogInit: Installed Engine Build: 1
LogDevObjectVersion: Number of dev versions registered: 23
LogDevObjectVersion:   Dev-Blueprints (B0D832E4-1F89-4F0D-ACCF-7EB736FD4AA2): 10
LogDevObjectVersion:   Dev-Build (E1C64328-A22C-4D53-A36C-8E866417BD8C): 0
LogDevObjectVersion:   Dev-Core (375EC13C-06E4-48FB-B500-84F0262A717E): 3
LogDevObjectVersion:   Dev-Editor (E4B068ED-F494-42E9-A231-DA0B2E46BB41): 30
LogDevObjectVersion:   Dev-Framework (CFFC743F-43B0-4480-9391-14DF171D2073): 35
LogDevObjectVersion:   Dev-Mobile (B02B49B5-BB20-44E9-A304-32B752E40360): 2
LogDevObjectVersion:   Dev-Networking (A4E4105C-59A1-49B5-A7C5-40C4547EDFEE): 0
LogDevObjectVersion:   Dev-Online (39C831C9-5AE6-47DC-9A44-9C173E1C8E7C): 0
LogDevObjectVersion:   Dev-Physics (78F01B33-EBEA-4F98-B9B4-84EACCB95AA2): 0
LogDevObjectVersion:   Dev-Platform (6631380F-2D4D-43E0-8009-CF276956A95A): 0
LogDevObjectVersion:   Dev-Rendering (12F88B9F-8875-4AFC-A67C-D90C383ABD29): 28
LogDevObjectVersion:   Dev-Sequencer (7B5AE74C-D270-4C10-A958-57980B212A5A): 11
LogDevObjectVersion:   Dev-VR (D7296918-1DD6-4BDD-9DE2-64A83CC13884): 2
LogDevObjectVersion:   Dev-LoadTimes (C2A15278-BFE7-4AFE-6C17-90FF531DF755): 1
LogDevObjectVersion:   Private-Geometry (6EACA3D4-40EC-4CC1-B786-8BED09428FC5): 3
LogDevObjectVersion:   Dev-AnimPhys (29E575DD-E0A3-4627-9D10-D276232CDCEA): 17
LogDevObjectVersion:   Dev-Anim (AF43A65D-7FD3-4947-9873-3E8ED9C1BB05): 2
LogDevObjectVersion:   Dev-ReflectionCapture (6B266CEC-1EC7-4B8F-A30B-E4D90942FC07): 1
LogDevObjectVersion:   Dev-Automation (0DF73D61-A23F-47EA-B727-89E90C41499A): 1
LogDevObjectVersion:   FortniteMain (601D1886-AC64-4F84-AA16-D3DE0DEAC7D6): 25
LogDevObjectVersion:   Dev-Enterprise (9DFFBCD6-494F-0158-E221-12823C92A888): 6
LogDevObjectVersion:   Dev-Niagara (F2AED0AC-9AFE-416F-8664-AA7FFA26D6FC): 1
LogDevObjectVersion:   Dev-Destruction (174F1F0B-B4C6-45A5-B13F-2EE8D0FB917D): 2
LogInit: Presizing for max 16777216 objects, including 0 objects not considered by GC, pre-allocating 0 bytes for permanent pool.
LogInit: Object subsystem initialized
LogConfig: Setting CVar [[con.DebugEarlyDefault:1]]
LogConfig: Setting CVar [[r.setres:1280x720]]
[2020.04.06-14.03.42:385][  0]LogConfig: Setting CVar [[r.VSync:0]]
[2020.04.06-14.03.42:385][  0]LogConfig: Setting CVar [[r.RHICmdBypass:0]]
[2020.04.06-14.03.42:386][  0]LogConfig: Applying CVar settings from Section [/Script/Engine.RendererSettings] File [D:/Spring 2020/Level Design/Space-Dungeon/Group5_PB/Saved/Config/Windows/Engine.ini]
[2020.04.06-14.03.42:386][  0]LogConfig: Setting CVar [[r.GPUCrashDebugging:0]]
[2020.04.06-14.03.42:386][  0]LogConfig: Setting CVar [[r.DefaultFeature.AutoExposure.ExtendDefaultLuminanceRange:1]]
[2020.04.06-14.03.42:386][  0]LogConfig: Setting CVar [[r.DefaultFeature.AutoExposure:0]]
[2020.04.06-14.03.42:386][  0]LogConfig: Applying CVar settings from Section [/Script/Engine.RendererOverrideSettings] File [D:/Spring 2020/Level Design/Space-Dungeon/Group5_PB/Saved/Config/Windows/Engine.ini]
[2020.04.06-14.03.42:386][  0]LogConfig: Applying CVar settings from Section [/Script/Engine.StreamingSettings] File [D:/Spring 2020/Level Design/Space-Dungeon/Group5_PB/Saved/Config/Windows/Engine.ini]
[2020.04.06-14.03.42:386][  0]LogConfig: Setting CVar [[s.MinBulkDataSizeForAsyncLoading:131072]]
[2020.04.06-14.03.42:386][  0]LogConfig: Setting CVar [[s.AsyncLoadingThreadEnabled:0]]
[2020.04.06-14.03.42:386][  0]LogConfig: Setting CVar [[s.EventDrivenLoaderEnabled:1]]
[2020.04.06-14.03.42:386][  0]LogConfig: Setting CVar [[s.WarnIfTimeLimitExceeded:0]]
[2020.04.06-14.03.42:386][  0]LogConfig: Setting CVar [[s.TimeLimitExceededMultiplier:1.5]]
[2020.04.06-14.03.42:386][  0]LogConfig: Setting CVar [[s.TimeLimitExceededMinTime:0.005]]
[2020.04.06-14.03.42:386][  0]LogConfig: Setting CVar [[s.UseBackgroundLevelStreaming:1]]
[2020.04.06-14.03.42:386][  0]LogConfig: Setting CVar [[s.PriorityAsyncLoadingExtraTime:15.0]]
[2020.04.06-14.03.42:386][  0]LogConfig: Setting CVar [[s.LevelStreamingActorsUpdateTimeLimit:5.0]]
[2020.04.06-14.03.42:386][  0]LogConfig: Setting CVar [[s.PriorityLevelStreamingActorsUpdateExtraTime:5.0]]
[2020.04.06-14.03.42:386][  0]LogConfig: Setting CVar [[s.LevelStreamingComponentsRegistrationGranularity:10]]
[2020.04.06-14.03.42:386][  0]LogConfig: Setting CVar [[s.UnregisterComponentsTimeLimit:1.0]]
[2020.04.06-14.03.42:386][  0]LogConfig: Setting CVar [[s.LevelStreamingComponentsUnregistrationGranularity:5]]
[2020.04.06-14.03.42:386][  0]LogConfig: Applying CVar settings from Section [/Script/Engine.GarbageCollectionSettings] File [D:/Spring 2020/Level Design/Space-Dungeon/Group5_PB/Saved/Config/Windows/Engine.ini]
[2020.04.06-14.03.42:386][  0]LogConfig: Setting CVar [[gc.MaxObjectsNotConsideredByGC:1]]
[2020.04.06-14.03.42:386][  0]LogConfig: Setting CVar [[gc.SizeOfPermanentObjectPool:0]]
[2020.04.06-14.03.42:386][  0]LogConfig: Setting CVar [[gc.FlushStreamingOnGC:0]]
[2020.04.06-14.03.42:386][  0]LogConfig: Setting CVar [[gc.NumRetriesBeforeForcingGC:10]]
[2020.04.06-14.03.42:386][  0]LogConfig: Setting CVar [[gc.AllowParallelGC:1]]
[2020.04.06-14.03.42:386][  0]LogConfig: Setting CVar [[gc.TimeBetweenPurgingPendingKillObjects:61.1]]
[2020.04.06-14.03.42:386][  0]LogConfig: Setting CVar [[gc.MaxObjectsInEditor:16777216]]
[2020.04.06-14.03.42:386][  0]LogConfig: Setting CVar [[gc.IncrementalBeginDestroyEnabled:1]]
[2020.04.06-14.03.42:386][  0]LogConfig: Setting CVar [[gc.CreateGCClusters:1]]
[2020.04.06-14.03.42:386][  0]LogConfig: Setting CVar [[gc.MinGCClusterSize:5]]
[2020.04.06-14.03.42:386][  0]LogConfig: Setting CVar [[gc.ActorClusteringEnabled:0]]
[2020.04.06-14.03.42:386][  0]LogConfig: Setting CVar [[gc.BlueprintClusteringEnabled:0]]
[2020.04.06-14.03.42:386][  0]LogConfig: Setting CVar [[gc.UseDisregardForGCOnDedicatedServers:0]]
[2020.04.06-14.03.42:386][  0]LogConfig: Applying CVar settings from Section [/Script/Engine.NetworkSettings] File [D:/Spring 2020/Level Design/Space-Dungeon/Group5_PB/Saved/Config/Windows/Engine.ini]
[2020.04.06-14.03.42:386][  0]LogConfig: Applying CVar settings from Section [/Script/UnrealEd.CookerSettings] File [D:/Spring 2020/Level Design/Space-Dungeon/Group5_PB/Saved/Config/Windows/Engine.ini]
[2020.04.06-14.03.42:422][  0]LogConfig: Applying CVar settings from Section [ViewDistanceQuality@3] File [D:/Spring 2020/Level Design/Space-Dungeon/Group5_PB/Saved/Config/Windows/Scalability.ini]
[2020.04.06-14.03.42:422][  0]LogConfig: Setting CVar [[r.SkeletalMeshLODBias:0]]
[2020.04.06-14.03.42:422][  0]LogConfig: Setting CVar [[r.ViewDistanceScale:1.0]]
[2020.04.06-14.03.42:422][  0]LogConfig: Applying CVar settings from Section [AntiAliasingQuality@3] File [D:/Spring 2020/Level Design/Space-Dungeon/Group5_PB/Saved/Config/Windows/Scalability.ini]
[2020.04.06-14.03.42:422][  0]LogConfig: Setting CVar [[r.PostProcessAAQuality:4]]
[2020.04.06-14.03.42:422][  0]LogConfig: Applying CVar settings from Section [ShadowQuality@3] File [D:/Spring 2020/Level Design/Space-Dungeon/Group5_PB/Saved/Config/Windows/Scalability.ini]
[2020.04.06-14.03.42:422][  0]LogConfig: Setting CVar [[r.LightFunctionQuality:1]]
[2020.04.06-14.03.42:422][  0]LogConfig: Setting CVar [[r.ShadowQuality:5]]
[2020.04.06-14.03.42:422][  0]LogConfig: Setting CVar [[r.Shadow.CSM.MaxCascades:10]]
[2020.04.06-14.03.42:422][  0]LogConfig: Setting CVar [[r.Shadow.MaxResolution:2048]]
[2020.04.06-14.03.42:422][  0]LogConfig: Setting CVar [[r.Shadow.MaxCSMResolution:2048]]
[2020.04.06-14.03.42:422][  0]LogConfig: Setting CVar [[r.Shadow.RadiusThreshold:0.01]]
[2020.04.06-14.03.42:423][  0]LogConfig: Setting CVar [[r.Shadow.DistanceScale:1.0]]
[2020.04.06-14.03.42:423][  0]LogConfig: Setting CVar [[r.Shadow.CSM.TransitionScale:1.0]]
[2020.04.06-14.03.42:423][  0]LogConfig: Setting CVar [[r.Shadow.PreShadowResolutionFactor:1.0]]
[2020.04.06-14.03.42:423][  0]LogConfig: Setting CVar [[r.DistanceFieldShadowing:1]]
[2020.04.06-14.03.42:423][  0]LogConfig: Setting CVar [[r.DistanceFieldAO:1]]
[2020.04.06-14.03.42:423][  0]LogConfig: Setting CVar [[r.AOQuality:2]]
[2020.04.06-14.03.42:423][  0]LogConfig: Setting CVar [[r.VolumetricFog:1]]
[2020.04.06-14.03.42:423][  0]LogConfig: Setting CVar [[r.VolumetricFog.GridPixelSize:8]]
[2020.04.06-14.03.42:423][  0]LogConfig: Setting CVar [[r.VolumetricFog.GridSizeZ:128]]
[2020.04.06-14.03.42:423][  0]LogConfig: Setting CVar [[r.VolumetricFog.HistoryMissSupersampleCount:4]]
[2020.04.06-14.03.42:423][  0]LogConfig: Setting CVar [[r.LightMaxDrawDistanceScale:1]]
[2020.04.06-14.03.42:423][  0]LogConfig: Setting CVar [[r.CapsuleShadows:1]]
[2020.04.06-14.03.42:423][  0]LogConfig: Applying CVar settings from Section [PostProcessQuality@3] File [D:/Spring 2020/Level Design/Space-Dungeon/Group5_PB/Saved/Config/Windows/Scalability.ini]
[2020.04.06-14.03.42:423][  0]LogConfig: Setting CVar [[r.MotionBlurQuality:4]]
[2020.04.06-14.03.42:423][  0]LogConfig: Setting CVar [[r.AmbientOcclusionMipLevelFactor:0.4]]
[2020.04.06-14.03.42:423][  0]LogConfig: Setting CVar [[r.AmbientOcclusionMaxQuality:100]]
[2020.04.06-14.03.42:423][  0]LogConfig: Setting CVar [[r.AmbientOcclusionLevels:-1]]
[2020.04.06-14.03.42:423][  0]LogConfig: Setting CVar [[r.AmbientOcclusionRadiusScale:1.0]]
[2020.04.06-14.03.42:423][  0]LogConfig: Setting CVar [[r.DepthOfFieldQuality:2]]
[2020.04.06-14.03.42:423][  0]LogConfig: Setting CVar [[r.RenderTargetPoolMin:400]]
[2020.04.06-14.03.42:423][  0]LogConfig: Setting CVar [[r.LensFlareQuality:2]]
[2020.04.06-14.03.42:423][  0]LogConfig: Setting CVar [[r.SceneColorFringeQuality:1]]
[2020.04.06-14.03.42:423][  0]LogConfig: Setting CVar [[r.EyeAdaptationQuality:2]]
[2020.04.06-14.03.42:423][  0]LogConfig: Setting CVar [[r.BloomQuality:5]]
[2020.04.06-14.03.42:423][  0]LogConfig: Setting CVar [[r.FastBlurThreshold:100]]
[2020.04.06-14.03.42:423][  0]LogConfig: Setting CVar [[r.Upscale.Quality:3]]
[2020.04.06-14.03.42:423][  0]LogConfig: Setting CVar [[r.Tonemapper.GrainQuantization:1]]
[2020.04.06-14.03.42:423][  0]LogConfig: Setting CVar [[r.LightShaftQuality:1]]
[2020.04.06-14.03.42:423][  0]LogConfig: Setting CVar [[r.Filter.SizeScale:1]]
[2020.04.06-14.03.42:423][  0]LogConfig: Setting CVar [[r.Tonemapper.Quality:5]]
[2020.04.06-14.03.42:423][  0]LogConfig: Setting CVar [[r.DOF.Gather.AccumulatorQuality:1        ; higher gathering accumulator quality]]
[2020.04.06-14.03.42:423][  0]LogConfig: Setting CVar [[r.DOF.Gather.PostfilterMethod:1          ; Median3x3 postfilering method]]
[2020.04.06-14.03.42:423][  0]LogConfig: Setting CVar [[r.DOF.Gather.EnableBokehSettings:0       ; no bokeh simulation when gathering]]
[2020.04.06-14.03.42:423][  0]LogConfig: Setting CVar [[r.DOF.Gather.RingCount:4                 ; medium number of samples when gathering]]
[2020.04.06-14.03.42:423][  0]LogConfig: Setting CVar [[r.DOF.Scatter.ForegroundCompositing:1    ; additive foreground scattering]]
[2020.04.06-14.03.42:423][  0]LogConfig: Setting CVar [[r.DOF.Scatter.BackgroundCompositing:2    ; additive background scattering]]
[2020.04.06-14.03.42:423][  0]LogConfig: Setting CVar [[r.DOF.Scatter.EnableBokehSettings:1      ; bokeh simulation when scattering]]
[2020.04.06-14.03.42:423][  0]LogConfig: Setting CVar [[r.DOF.Scatter.MaxSpriteRatio:0.1         ; only a maximum of 10% of scattered bokeh]]
[2020.04.06-14.03.42:423][  0]LogConfig: Setting CVar [[r.DOF.Recombine.Quality:1                ; cheap slight out of focus]]
[2020.04.06-14.03.42:423][  0]LogConfig: Setting CVar [[r.DOF.Recombine.EnableBokehSettings:0    ; no bokeh simulation on slight out of focus]]
[2020.04.06-14.03.42:423][  0]LogConfig: Setting CVar [[r.DOF.TemporalAAQuality:1                ; more stable temporal accumulation]]
[2020.04.06-14.03.42:423][  0]LogConfig: Setting CVar [[r.DOF.Kernel.MaxForegroundRadius:0.025]]
[2020.04.06-14.03.42:423][  0]LogConfig: Setting CVar [[r.DOF.Kernel.MaxBackgroundRadius:0.025]]
[2020.04.06-14.03.42:423][  0]LogConfig: Applying CVar settings from Section [TextureQuality@3] File [D:/Spring 2020/Level Design/Space-Dungeon/Group5_PB/Saved/Config/Windows/Scalability.ini]
[2020.04.06-14.03.42:423][  0]LogConfig: Setting CVar [[r.Streaming.MipBias:0]]
[2020.04.06-14.03.42:423][  0]LogConfig: Setting CVar [[r.Streaming.AmortizeCPUToGPUCopy:0]]
[2020.04.06-14.03.42:423][  0]LogConfig: Setting CVar [[r.Streaming.MaxNumTexturesToStreamPerFrame:0]]
[2020.04.06-14.03.42:423][  0]LogConfig: Setting CVar [[r.Streaming.Boost:1]]
[2020.04.06-14.03.42:423][  0]LogConfig: Setting CVar [[r.MaxAnisotropy:8]]
[2020.04.06-14.03.42:423][  0]LogConfig: Setting CVar [[r.Streaming.LimitPoolSizeToVRAM:0]]
[2020.04.06-14.03.42:423][  0]LogConfig: Setting CVar [[r.Streaming.PoolSize:1000]]
[2020.04.06-14.03.42:423][  0]LogConfig: Setting CVar [[r.Streaming.MaxEffectiveScreenSize:0]]
[2020.04.06-14.03.42:423][  0]LogConfig: Applying CVar settings from Section [EffectsQuality@3] File [D:/Spring 2020/Level Design/Space-Dungeon/Group5_PB/Saved/Config/Windows/Scalability.ini]
[2020.04.06-14.03.42:423][  0]LogConfig: Setting CVar [[r.TranslucencyLightingVolumeDim:64]]
[2020.04.06-14.03.42:423][  0]LogConfig: Setting CVar [[r.RefractionQuality:2]]
[2020.04.06-14.03.42:423][  0]LogConfig: Setting CVar [[r.SSR.Quality:3]]
[2020.04.06-14.03.42:423][  0]LogConfig: Setting CVar [[r.SceneColorFormat:4]]
[2020.04.06-14.03.42:423][  0]LogConfig: Setting CVar [[r.DetailMode:2]]
[2020.04.06-14.03.42:423][  0]LogConfig: Setting CVar [[r.TranslucencyVolumeBlur:1]]
[2020.04.06-14.03.42:423][  0]LogConfig: Setting CVar [[r.MaterialQualityLevel:1 ; High quality]]
[2020.04.06-14.03.42:423][  0]LogConfig: Setting CVar [[r.SSS.Scale:1]]
[2020.04.06-14.03.42:423][  0]LogConfig: Setting CVar [[r.SSS.SampleSet:2]]
[2020.04.06-14.03.42:423][  0]LogConfig: Setting CVar [[r.SSS.Quality:1]]
[2020.04.06-14.03.42:423][  0]LogConfig: Setting CVar [[r.SSS.HalfRes:1]]
[2020.04.06-14.03.42:423][  0]LogConfig: Setting CVar [[r.EmitterSpawnRateScale:1.0]]
[2020.04.06-14.03.42:423][  0]LogConfig: Setting CVar [[r.ParticleLightQuality:2]]
[2020.04.06-14.03.42:423][  0]LogConfig: Applying CVar settings from Section [FoliageQuality@3] File [D:/Spring 2020/Level Design/Space-Dungeon/Group5_PB/Saved/Config/Windows/Scalability.ini]
[2020.04.06-14.03.42:423][  0]LogConfig: Setting CVar [[foliage.DensityScale:1.0]]
[2020.04.06-14.03.42:423][  0]LogConfig: Setting CVar [[grass.DensityScale:1.0]]
[2020.04.06-14.03.42:434][  0]LogInit: Selected Device Profile: [Windows]
[2020.04.06-14.03.42:435][  0]LogInit: Applying CVar settings loaded from the selected device profile: [Windows]
[2020.04.06-14.03.42:493][  0]LogHAL: Display: Platform has ~ 16 GB [16964153344 / 17179869184 / 16], which maps to Larger [LargestMinGB=32, LargerMinGB=12, DefaultMinGB=8, SmallerMinGB=6, SmallestMinGB=0)
[2020.04.06-14.03.42:506][  0]LogConfig: Setting CVar [[r.Vulkan.UseRealUBs:0		; Required until we fix HLR fall-out]]
[2020.04.06-14.03.42:506][  0]LogInit: Going up to parent DeviceProfile []
[2020.04.06-14.03.42:508][  0]LogConfig: Applying CVar settings from Section [ViewDistanceQuality@3] File [D:/Spring 2020/Level Design/Space-Dungeon/Group5_PB/Saved/Config/Windows/Scalability.ini]
[2020.04.06-14.03.42:508][  0]LogConfig: Setting CVar [[r.SkeletalMeshLODBias:0]]
[2020.04.06-14.03.42:508][  0]LogConfig: Setting CVar [[r.ViewDistanceScale:1.0]]
[2020.04.06-14.03.42:508][  0]LogConfig: Applying CVar settings from Section [AntiAliasingQuality@3] File [D:/Spring 2020/Level Design/Space-Dungeon/Group5_PB/Saved/Config/Windows/Scalability.ini]
[2020.04.06-14.03.42:508][  0]LogConfig: Setting CVar [[r.PostProcessAAQuality:4]]
[2020.04.06-14.03.42:508][  0]LogConfig: Applying CVar settings from Section [ShadowQuality@3] File [D:/Spring 2020/Level Design/Space-Dungeon/Group5_PB/Saved/Config/Windows/Scalability.ini]
[2020.04.06-14.03.42:508][  0]LogConfig: Setting CVar [[r.LightFunctionQuality:1]]
[2020.04.06-14.03.42:508][  0]LogConfig: Setting CVar [[r.ShadowQuality:5]]
[2020.04.06-14.03.42:508][  0]LogConfig: Setting CVar [[r.Shadow.CSM.MaxCascades:10]]
[2020.04.06-14.03.42:508][  0]LogConfig: Setting CVar [[r.Shadow.MaxResolution:2048]]
[2020.04.06-14.03.42:508][  0]LogConfig: Setting CVar [[r.Shadow.MaxCSMResolution:2048]]
[2020.04.06-14.03.42:508][  0]LogConfig: Setting CVar [[r.Shadow.RadiusThreshold:0.01]]
[2020.04.06-14.03.42:508][  0]LogConfig: Setting CVar [[r.Shadow.DistanceScale:1.0]]
[2020.04.06-14.03.42:508][  0]LogConfig: Setting CVar [[r.Shadow.CSM.TransitionScale:1.0]]
[2020.04.06-14.03.42:509][  0]LogConfig: Setting CVar [[r.Shadow.PreShadowResolutionFactor:1.0]]
[2020.04.06-14.03.42:509][  0]LogConfig: Setting CVar [[r.DistanceFieldShadowing:1]]
[2020.04.06-14.03.42:509][  0]LogConfig: Setting CVar [[r.DistanceFieldAO:1]]
[2020.04.06-14.03.42:509][  0]LogConfig: Setting CVar [[r.AOQuality:2]]
[2020.04.06-14.03.42:509][  0]LogConfig: Setting CVar [[r.VolumetricFog:1]]
[2020.04.06-14.03.42:509][  0]LogConfig: Setting CVar [[r.VolumetricFog.GridPixelSize:8]]
[2020.04.06-14.03.42:509][  0]LogConfig: Setting CVar [[r.VolumetricFog.GridSizeZ:128]]
[2020.04.06-14.03.42:509][  0]LogConfig: Setting CVar [[r.VolumetricFog.HistoryMissSupersampleCount:4]]
[2020.04.06-14.03.42:509][  0]LogConfig: Setting CVar [[r.LightMaxDrawDistanceScale:1]]
[2020.04.06-14.03.42:509][  0]LogConfig: Setting CVar [[r.CapsuleShadows:1]]
[2020.04.06-14.03.42:509][  0]LogConfig: Applying CVar settings from Section [PostProcessQuality@3] File [D:/Spring 2020/Level Design/Space-Dungeon/Group5_PB/Saved/Config/Windows/Scalability.ini]
[2020.04.06-14.03.42:509][  0]LogConfig: Setting CVar [[r.MotionBlurQuality:4]]
[2020.04.06-14.03.42:509][  0]LogConfig: Setting CVar [[r.AmbientOcclusionMipLevelFactor:0.4]]
[2020.04.06-14.03.42:509][  0]LogConfig: Setting CVar [[r.AmbientOcclusionMaxQuality:100]]
[2020.04.06-14.03.42:509][  0]LogConfig: Setting CVar [[r.AmbientOcclusionLevels:-1]]
[2020.04.06-14.03.42:509][  0]LogConfig: Setting CVar [[r.AmbientOcclusionRadiusScale:1.0]]
[2020.04.06-14.03.42:509][  0]LogConfig: Setting CVar [[r.DepthOfFieldQuality:2]]
[2020.04.06-14.03.42:509][  0]LogConfig: Setting CVar [[r.RenderTargetPoolMin:400]]
[2020.04.06-14.03.42:509][  0]LogConfig: Setting CVar [[r.LensFlareQuality:2]]
[2020.04.06-14.03.42:509][  0]LogConfig: Setting CVar [[r.SceneColorFringeQuality:1]]
[2020.04.06-14.03.42:509][  0]LogConfig: Setting CVar [[r.EyeAdaptationQuality:2]]
[2020.04.06-14.03.42:509][  0]LogConfig: Setting CVar [[r.BloomQuality:5]]
[2020.04.06-14.03.42:509][  0]LogConfig: Setting CVar [[r.FastBlurThreshold:100]]
[2020.04.06-14.03.42:509][  0]LogConfig: Setting CVar [[r.Upscale.Quality:3]]
[2020.04.06-14.03.42:509][  0]LogConfig: Setting CVar [[r.Tonemapper.GrainQuantization:1]]
[2020.04.06-14.03.42:509][  0]LogConfig: Setting CVar [[r.LightShaftQuality:1]]
[2020.04.06-14.03.42:509][  0]LogConfig: Setting CVar [[r.Filter.SizeScale:1]]
[2020.04.06-14.03.42:509][  0]LogConfig: Setting CVar [[r.Tonemapper.Quality:5]]
[2020.04.06-14.03.42:509][  0]LogConfig: Setting CVar [[r.DOF.Gather.AccumulatorQuality:1        ; higher gathering accumulator quality]]
[2020.04.06-14.03.42:509][  0]LogConfig: Setting CVar [[r.DOF.Gather.PostfilterMethod:1          ; Median3x3 postfilering method]]
[2020.04.06-14.03.42:509][  0]LogConfig: Setting CVar [[r.DOF.Gather.EnableBokehSettings:0       ; no bokeh simulation when gathering]]
[2020.04.06-14.03.42:509][  0]LogConfig: Setting CVar [[r.DOF.Gather.RingCount:4                 ; medium number of samples when gathering]]
[2020.04.06-14.03.42:509][  0]LogConfig: Setting CVar [[r.DOF.Scatter.ForegroundCompositing:1    ; additive foreground scattering]]
[2020.04.06-14.03.42:509][  0]LogConfig: Setting CVar [[r.DOF.Scatter.BackgroundCompositing:2    ; additive background scattering]]
[2020.04.06-14.03.42:509][  0]LogConfig: Setting CVar [[r.DOF.Scatter.EnableBokehSettings:1      ; bokeh simulation when scattering]]
[2020.04.06-14.03.42:509][  0]LogConfig: Setting CVar [[r.DOF.Scatter.MaxSpriteRatio:0.1         ; only a maximum of 10% of scattered bokeh]]
[2020.04.06-14.03.42:509][  0]LogConfig: Setting CVar [[r.DOF.Recombine.Quality:1                ; cheap slight out of focus]]
[2020.04.06-14.03.42:509][  0]LogConfig: Setting CVar [[r.DOF.Recombine.EnableBokehSettings:0    ; no bokeh simulation on slight out of focus]]
[2020.04.06-14.03.42:509][  0]LogConfig: Setting CVar [[r.DOF.TemporalAAQuality:1                ; more stable temporal accumulation]]
[2020.04.06-14.03.42:509][  0]LogConfig: Setting CVar [[r.DOF.Kernel.MaxForegroundRadius:0.025]]
[2020.04.06-14.03.42:509][  0]LogConfig: Setting CVar [[r.DOF.Kernel.MaxBackgroundRadius:0.025]]
[2020.04.06-14.03.42:509][  0]LogConfig: Applying CVar settings from Section [TextureQuality@3] File [D:/Spring 2020/Level Design/Space-Dungeon/Group5_PB/Saved/Config/Windows/Scalability.ini]
[2020.04.06-14.03.42:509][  0]LogConfig: Setting CVar [[r.Streaming.MipBias:0]]
[2020.04.06-14.03.42:509][  0]LogConfig: Setting CVar [[r.Streaming.AmortizeCPUToGPUCopy:0]]
[2020.04.06-14.03.42:509][  0]LogConfig: Setting CVar [[r.Streaming.MaxNumTexturesToStreamPerFrame:0]]
[2020.04.06-14.03.42:509][  0]LogConfig: Setting CVar [[r.Streaming.Boost:1]]
[2020.04.06-14.03.42:509][  0]LogConfig: Setting CVar [[r.MaxAnisotropy:8]]
[2020.04.06-14.03.42:509][  0]LogConfig: Setting CVar [[r.Streaming.LimitPoolSizeToVRAM:0]]
[2020.04.06-14.03.42:509][  0]LogConfig: Setting CVar [[r.Streaming.PoolSize:1000]]
[2020.04.06-14.03.42:509][  0]LogConfig: Setting CVar [[r.Streaming.MaxEffectiveScreenSize:0]]
[2020.04.06-14.03.42:509][  0]LogConfig: Applying CVar settings from Section [EffectsQuality@3] File [D:/Spring 2020/Level Design/Space-Dungeon/Group5_PB/Saved/Config/Windows/Scalability.ini]
[2020.04.06-14.03.42:509][  0]LogConfig: Setting CVar [[r.TranslucencyLightingVolumeDim:64]]
[2020.04.06-14.03.42:509][  0]LogConfig: Setting CVar [[r.RefractionQuality:2]]
[2020.04.06-14.03.42:509][  0]LogConfig: Setting CVar [[r.SSR.Quality:3]]
[2020.04.06-14.03.42:509][  0]LogConfig: Setting CVar [[r.SceneColorFormat:4]]
[2020.04.06-14.03.42:509][  0]LogConfig: Setting CVar [[r.DetailMode:2]]
[2020.04.06-14.03.42:509][  0]LogConfig: Setting CVar [[r.TranslucencyVolumeBlur:1]]
[2020.04.06-14.03.42:509][  0]LogConfig: Setting CVar [[r.MaterialQualityLevel:1 ; High quality]]
[2020.04.06-14.03.42:509][  0]LogConfig: Setting CVar [[r.SSS.Scale:1]]
[2020.04.06-14.03.42:509][  0]LogConfig: Setting CVar [[r.SSS.SampleSet:2]]
[2020.04.06-14.03.42:509][  0]LogConfig: Setting CVar [[r.SSS.Quality:1]]
[2020.04.06-14.03.42:509][  0]LogConfig: Setting CVar [[r.SSS.HalfRes:1]]
[2020.04.06-14.03.42:509][  0]LogConfig: Setting CVar [[r.EmitterSpawnRateScale:1.0]]
[2020.04.06-14.03.42:509][  0]LogConfig: Setting CVar [[r.ParticleLightQuality:2]]
[2020.04.06-14.03.42:509][  0]LogConfig: Applying CVar settings from Section [FoliageQuality@3] File [D:/Spring 2020/Level Design/Space-Dungeon/Group5_PB/Saved/Config/Windows/Scalability.ini]
[2020.04.06-14.03.42:509][  0]LogConfig: Setting CVar [[foliage.DensityScale:1.0]]
[2020.04.06-14.03.42:509][  0]LogConfig: Setting CVar [[grass.DensityScale:1.0]]
[2020.04.06-14.03.42:509][  0]LogConfig: Applying CVar settings from Section [Startup] File [../../../Engine/Config/ConsoleVariables.ini]
[2020.04.06-14.03.42:514][  0]LogConfig: Setting CVar [[net.UseAdaptiveNetUpdateFrequency:0]]
[2020.04.06-14.03.42:514][  0]LogConfig: Setting CVar [[p.chaos.AllowCreatePhysxBodies:1]]
[2020.04.06-14.03.42:514][  0]LogConfig: Applying CVar settings from Section [ConsoleVariables] File [D:/Spring 2020/Level Design/Space-Dungeon/Group5_PB/Saved/Config/Windows/Engine.ini]
[2020.04.06-14.03.42:529][  0]LogInit: Computer: DESKTOP-MJT05JV
[2020.04.06-14.03.42:529][  0]LogInit: User: ivana
[2020.04.06-14.03.42:529][  0]LogInit: CPU Page size=4096, Cores=6
[2020.04.06-14.03.42:529][  0]LogInit: High frequency timer resolution =10.000000 MHz
[2020.04.06-14.03.42:540][  0]LogMemory: Memory total: Physical=15.8GB (16GB approx)
[2020.04.06-14.03.42:540][  0]LogMemory: Platform Memory Stats for Windows
[2020.04.06-14.03.42:540][  0]LogMemory: Process Physical Memory: 98.50 MB used, 98.50 MB peak
[2020.04.06-14.03.42:540][  0]LogMemory: Process Virtual Memory: 90.01 MB used, 90.01 MB peak
[2020.04.06-14.03.42:540][  0]LogMemory: Physical Memory: 6573.79 MB used,  9604.49 MB free, 16178.28 MB total
[2020.04.06-14.03.42:540][  0]LogMemory: Virtual Memory: 4660.49 MB used,  134213064.00 MB free, 134217728.00 MB total
[2020.04.06-14.03.43:146][  0]LogInit: Using OS detected language (en-US).
[2020.04.06-14.03.43:146][  0]LogInit: Using OS detected locale (en-US).
[2020.04.06-14.03.43:239][  0]LogTextLocalizationManager: No specific localization for 'en-US' exists, so the 'en' localization will be used.
[2020.04.06-14.03.44:154][  0]LogInit: Setting process to per monitor DPI aware
[2020.04.06-14.03.44:843][  0]LogSlate: New Slate User Created.  User Index 0, Is Virtual User: 0
[2020.04.06-14.03.44:843][  0]LogSlate: Slate User Registered.  User Index 0, Is Virtual User: 0
[2020.04.06-14.03.47:614][  0]LogHMD: Failed to initialize OpenVR with code 110
[2020.04.06-14.03.47:614][  0]LogD3D11RHI: D3D11 adapters:
[2020.04.06-14.03.47:673][  0]LogD3D11RHI:    0. 'NVIDIA GeForce GTX 1060 with Max-Q Design' (Feature Level 11_0)
[2020.04.06-14.03.47:673][  0]LogD3D11RHI:       6052/0/8089 MB DedicatedVideo/DedicatedSystem/SharedSystem, Outputs:1, VendorId:0x10de
[2020.04.06-14.03.47:691][  0]LogD3D11RHI:    1. 'Intel(R) UHD Graphics 630' (Feature Level 11_0)
[2020.04.06-14.03.47:691][  0]LogD3D11RHI:       128/0/8089 MB DedicatedVideo/DedicatedSystem/SharedSystem, Outputs:0, VendorId:0x8086
[2020.04.06-14.03.47:693][  0]LogD3D11RHI:    2. 'Microsoft Basic Render Driver' (Feature Level 11_0)
[2020.04.06-14.03.47:693][  0]LogD3D11RHI:       0/0/8089 MB DedicatedVideo/DedicatedSystem/SharedSystem, Outputs:0, VendorId:0x1414
[2020.04.06-14.03.47:693][  0]LogD3D11RHI: Chosen D3D11 Adapter: 0
[2020.04.06-14.03.47:732][  0]LogD3D11RHI: Creating new Direct3DDevice
[2020.04.06-14.03.47:732][  0]LogD3D11RHI:     GPU DeviceId: 0x1c20 (for the marketing name, search the web for "GPU Device Id")
[2020.04.06-14.03.47:732][  0]LogWindows: EnumDisplayDevices:
[2020.04.06-14.03.47:732][  0]LogWindows:    0. 'Intel(R) UHD Graphics 630' (P:1 D:1)
[2020.04.06-14.03.47:732][  0]LogWindows:    1. 'Intel(R) UHD Graphics 630' (P:0 D:0)
[2020.04.06-14.03.47:733][  0]LogWindows:    2. 'Intel(R) UHD Graphics 630' (P:0 D:0)
[2020.04.06-14.03.47:733][  0]LogWindows:    3. 'NVIDIA GeForce GTX 1060 with Max-Q Design' (P:0 D:0)
[2020.04.06-14.03.47:733][  0]LogWindows: DebugString: PrimaryIsNotTheChoosenAdapter PrimaryIsNotTheChoosenAdapter PrimaryIsNotTheChoosenAdapter 
[2020.04.06-14.03.47:733][  0]LogD3D11RHI:     Adapter Name: NVIDIA GeForce GTX 1060 with Max-Q Design
[2020.04.06-14.03.47:733][  0]LogD3D11RHI:   Driver Version: 430.64 (internal:26.21.14.3064, unified:430.64)
[2020.04.06-14.03.47:733][  0]LogD3D11RHI:      Driver Date: 5-5-2019
[2020.04.06-14.03.47:733][  0]LogRHI: Texture pool is 4236 MB (70% of 6052 MB)
[2020.04.06-14.03.47:789][  0]LogD3D11RHI: Async texture creation enabled
[2020.04.06-14.03.48:050][  0]LogRendererCore: FGlobalReadBuffer::InitRHI
[2020.04.06-14.03.48:062][  0]LogRendererCore: FGlobalReadBuffer::InitRHI
[2020.04.06-14.03.48:062][  0]LogRendererCore: FGlobalReadBuffer::InitRHI
[2020.04.06-14.03.48:102][  0]LogD3D11RHI: GPU Timing Frequency: 1000.000000 (Debug: 2 1)
[2020.04.06-14.03.48:975][  0]LogTemp: Display: Module 'AllDesktopTargetPlatform' loaded TargetPlatform 'AllDesktop'
[2020.04.06-14.03.49:029][  0]LogTemp: Display: Module 'MacClientTargetPlatform' loaded TargetPlatform 'MacClient'
[2020.04.06-14.03.49:056][  0]LogTemp: Display: Module 'MacNoEditorTargetPlatform' loaded TargetPlatform 'MacNoEditor'
[2020.04.06-14.03.49:082][  0]LogTemp: Display: Module 'MacServerTargetPlatform' loaded TargetPlatform 'MacServer'
[2020.04.06-14.03.49:158][  0]LogTemp: Display: Module 'MacTargetPlatform' loaded TargetPlatform 'Mac'
[2020.04.06-14.03.49:197][  0]LogTemp: Display: Module 'WindowsClientTargetPlatform' loaded TargetPlatform 'WindowsClient'
[2020.04.06-14.03.49:224][  0]LogTemp: Display: Module 'WindowsNoEditorTargetPlatform' loaded TargetPlatform 'WindowsNoEditor'
[2020.04.06-14.03.49:254][  0]LogTemp: Display: Module 'WindowsServerTargetPlatform' loaded TargetPlatform 'WindowsServer'
[2020.04.06-14.03.49:281][  0]LogTemp: Display: Module 'WindowsTargetPlatform' loaded TargetPlatform 'Windows'
[2020.04.06-14.03.49:446][  0]LogTemp: Display: Module 'AndroidTargetPlatform' loaded TargetPlatform 'Android'
[2020.04.06-14.03.49:446][  0]LogTemp: Display: Module 'AndroidTargetPlatform' loaded TargetPlatform 'Android_ASTC'
[2020.04.06-14.03.49:446][  0]LogTemp: Display: Module 'AndroidTargetPlatform' loaded TargetPlatform 'Android_ATC'
[2020.04.06-14.03.49:446][  0]LogTemp: Display: Module 'AndroidTargetPlatform' loaded TargetPlatform 'Android_DXT'
[2020.04.06-14.03.49:446][  0]LogTemp: Display: Module 'AndroidTargetPlatform' loaded TargetPlatform 'Android_ETC1'
[2020.04.06-14.03.49:446][  0]LogTemp: Display: Module 'AndroidTargetPlatform' loaded TargetPlatform 'Android_ETC1a'
[2020.04.06-14.03.49:446][  0]LogTemp: Display: Module 'AndroidTargetPlatform' loaded TargetPlatform 'Android_ETC2'
[2020.04.06-14.03.49:446][  0]LogTemp: Display: Module 'AndroidTargetPlatform' loaded TargetPlatform 'Android_PVRTC'
[2020.04.06-14.03.49:446][  0]LogTemp: Display: Module 'AndroidTargetPlatform' loaded TargetPlatform 'AndroidClient'
[2020.04.06-14.03.49:446][  0]LogTemp: Display: Module 'AndroidTargetPlatform' loaded TargetPlatform 'Android_ASTCClient'
[2020.04.06-14.03.49:446][  0]LogTemp: Display: Module 'AndroidTargetPlatform' loaded TargetPlatform 'Android_ATCClient'
[2020.04.06-14.03.49:446][  0]LogTemp: Display: Module 'AndroidTargetPlatform' loaded TargetPlatform 'Android_DXTClient'
[2020.04.06-14.03.49:446][  0]LogTemp: Display: Module 'AndroidTargetPlatform' loaded TargetPlatform 'Android_ETC1Client'
[2020.04.06-14.03.49:446][  0]LogTemp: Display: Module 'AndroidTargetPlatform' loaded TargetPlatform 'Android_ETC1aClient'
[2020.04.06-14.03.49:446][  0]LogTemp: Display: Module 'AndroidTargetPlatform' loaded TargetPlatform 'Android_ETC2Client'
[2020.04.06-14.03.49:446][  0]LogTemp: Display: Module 'AndroidTargetPlatform' loaded TargetPlatform 'Android_PVRTCClient'
[2020.04.06-14.03.49:446][  0]LogTemp: Display: Module 'AndroidTargetPlatform' loaded TargetPlatform 'Android_Multi'
[2020.04.06-14.03.49:446][  0]LogTemp: Display: Module 'AndroidTargetPlatform' loaded TargetPlatform 'Android_MultiClient'
[2020.04.06-14.03.49:470][  0]LogTemp: Display: Module 'HTML5TargetPlatform' loaded TargetPlatform 'HTML5'
[2020.04.06-14.03.49:584][  0]LogTemp: Display: Module 'IOSTargetPlatform' loaded TargetPlatform 'IOSClient'
[2020.04.06-14.03.49:584][  0]LogTemp: Display: Module 'IOSTargetPlatform' loaded TargetPlatform 'IOS'
[2020.04.06-14.03.49:670][  0]LogTemp: Display: Module 'TVOSTargetPlatform' loaded TargetPlatform 'TVOSClient'
[2020.04.06-14.03.49:670][  0]LogTemp: Display: Module 'TVOSTargetPlatform' loaded TargetPlatform 'TVOS'
[2020.04.06-14.03.49:782][  0]LogTemp: Display: Module 'LinuxClientTargetPlatform' loaded TargetPlatform 'LinuxClient'
[2020.04.06-14.03.49:806][  0]LogTemp: Display: Module 'LinuxNoEditorTargetPlatform' loaded TargetPlatform 'LinuxNoEditor'
[2020.04.06-14.03.49:859][  0]LogTemp: Display: Module 'LinuxServerTargetPlatform' loaded TargetPlatform 'LinuxServer'
[2020.04.06-14.03.49:986][  0]LogTemp: Display: Module 'LinuxTargetPlatform' loaded TargetPlatform 'Linux'
[2020.04.06-14.03.50:054][  0]LogTemp: Display: Module 'LuminTargetPlatform' loaded TargetPlatform 'Lumin'
[2020.04.06-14.03.50:054][  0]LogTemp: Display: Module 'LuminTargetPlatform' loaded TargetPlatform 'LuminClient'
[2020.04.06-14.03.50:054][  0]LogTargetPlatformManager: Display: Building Assets For Windows
[2020.04.06-14.03.50:266][  0]LogAudioDebug: Display: Lib vorbis DLL was dynamically loaded.
[2020.04.06-14.03.50:957][  0]LogShaderCompilers: Guid format shader working directory is -14 characters bigger than the processId version (../../../../Spring 2020/Level Design/Space-Dungeon/Group5_PB/Intermediate/Shaders/WorkingDirectory/1528/).
[2020.04.06-14.03.50:957][  0]LogShaderCompilers: Cleaned the shader compiler working directory 'C:/Users/ivana/AppData/Local/Temp/UnrealShaderWorkingDir/966A45344A79C962C4F360AE0D7349C2/'.
[2020.04.06-14.03.50:973][  0]LogXGEController: Cleaning working directory: C:/Users/ivana/AppData/Local/Temp/UnrealXGEWorkingDir/
[2020.04.06-14.03.50:974][  0]LogXGEController: Cannot use XGE Controller as Incredibuild is not installed on this machine.
[2020.04.06-14.03.50:974][  0]LogShaderCompilers: Cannot use XGE Shader Compiler as Incredibuild is not installed on this machine.
[2020.04.06-14.03.50:974][  0]LogShaderCompilers: Display: Using Local Shader Compiler.
[2020.04.06-14.03.55:643][  0]LogDerivedDataCache: Display: Max Cache Size: 512 MB
[2020.04.06-14.03.56:134][  0]LogDerivedDataCache: Loaded boot cache 0.49s 71MB C:/Users/ivana/AppData/Local/UnrealEngine/4.22/DerivedDataCache/Boot.ddc.
[2020.04.06-14.03.56:135][  0]LogDerivedDataCache: Display: Loaded Boot cache: C:/Users/ivana/AppData/Local/UnrealEngine/4.22/DerivedDataCache/Boot.ddc
[2020.04.06-14.03.56:135][  0]LogDerivedDataCache: FDerivedDataBackendGraph:  Pak pak cache file ../../../../Spring 2020/Level Design/Space-Dungeon/Group5_PB/DerivedDataCache/DDC.ddp not found, will not use a pak cache.
[2020.04.06-14.03.56:135][  0]LogDerivedDataCache: Unable to find inner node Pak for hierarchical cache Hierarchy.
[2020.04.06-14.03.56:135][  0]LogDerivedDataCache: FDerivedDataBackendGraph:  CompressedPak pak cache file ../../../../Spring 2020/Level Design/Space-Dungeon/Group5_PB/DerivedDataCache/Compressed.ddp not found, will not use a pak cache.
[2020.04.06-14.03.56:135][  0]LogDerivedDataCache: Unable to find inner node CompressedPak for hierarchical cache Hierarchy.
[2020.04.06-14.03.56:205][  0]LogDerivedDataCache: Display: Pak cache opened for reading ../../../Engine/DerivedDataCache/Compressed.ddp.
[2020.04.06-14.03.56:205][  0]LogDerivedDataCache: FDerivedDataBackendGraph:  EnterprisePak pak cache file ../../../Enterprise/DerivedDataCache/Compressed.ddp not found, will not use a pak cache.
[2020.04.06-14.03.56:205][  0]LogDerivedDataCache: Unable to find inner node EnterprisePak for hierarchical cache Hierarchy.
[2020.04.06-14.03.56:217][  0]LogDerivedDataCache: Using Local data cache path C:/Users/ivana/AppData/Local/UnrealEngine/Common/DerivedDataCache: Writable
[2020.04.06-14.03.56:217][  0]LogDerivedDataCache: Shared data cache path not found in *engine.ini, will not use an Shared cache.
[2020.04.06-14.03.56:217][  0]LogDerivedDataCache: Unable to find inner node Shared for hierarchical cache Hierarchy.
[2020.04.06-14.03.56:270][  0]LogMaterial: Verifying Global Shaders for PCD3D_SM5
[2020.04.06-14.03.56:350][  0]LogSlate: Using FreeType 2.6.0
[2020.04.06-14.03.56:434][  0]LogSlate: SlateFontServices - WITH_FREETYPE: 1, WITH_HARFBUZZ: 1
[2020.04.06-14.03.57:440][  0]LogAssetRegistry: FAssetRegistry took 0.0342 seconds to start up
[2020.04.06-14.04.01:807][  0]LogInit: Selected Device Profile: [Windows]
[2020.04.06-14.04.04:557][  0]LogMeshReduction: Using QuadricMeshReduction for automatic static mesh reduction
[2020.04.06-14.04.04:557][  0]LogMeshReduction: Using SimplygonMeshReduction for automatic skeletal mesh reduction
[2020.04.06-14.04.04:557][  0]LogMeshReduction: Using ProxyLODMeshReduction for automatic mesh merging
[2020.04.06-14.04.04:557][  0]LogMeshReduction: No distributed automatic mesh merging module available
[2020.04.06-14.04.04:567][  0]LogMeshMerging: No distributed automatic mesh merging module available
[2020.04.06-14.04.04:986][  0]LogNetVersion: Group5_PB 1.0.0, NetCL: 5660361, EngineNetVer: 10, GameNetVer: 0 (Checksum: 573520080)
[2020.04.06-14.04.10:374][  0]LogPackageLocalizationCache: Processed 10 localized package path(s) for 1 prioritized culture(s) in 0.152845 seconds
[2020.04.06-14.04.10:398][  0]LogUObjectArray: 42205 objects as part of root set at end of initial load.
[2020.04.06-14.04.10:398][  0]LogUObjectAllocator: 7325032 out of 0 bytes used by permanent object pool.
[2020.04.06-14.04.10:398][  0]LogUObjectArray: CloseDisregardForGC: 0/0 objects in disregard for GC pool
[2020.04.06-14.04.18:317][  0]LogTcpMessaging: Initializing TcpMessaging bridge
[2020.04.06-14.04.18:367][  0]LogUdpMessaging: Initializing bridge on interface 0.0.0.0:0 to multicast group 230.0.0.1:6666.
[2020.04.06-14.04.19:402][  0]SourceControl: Source control is disabled
[2020.04.06-14.04.19:415][  0]SourceControl: Source control is disabled
[2020.04.06-14.04.19:526][  0]SourceControl: Source control is disabled
[2020.04.06-14.04.19:616][  0]SourceControl: Source control is disabled
[2020.04.06-14.04.21:278][  0]LogAndroidPermission: UAndroidPermissionCallbackProxy::GetInstance
[2020.04.06-14.04.22:012][  0]LogOcInput: OculusInput pre-init called
[2020.04.06-14.04.23:778][  0]LogEngine: Initializing Engine...
[2020.04.06-14.04.23:822][  0]LogHMD: Failed to initialize OpenVR with code 110
[2020.04.06-14.04.23:825][  0]LogStats: UGameplayTagsManager::InitializeManager -  0.001 s
[2020.04.06-14.04.24:508][  0]LogInit: Initializing FReadOnlyCVARCache
[2020.04.06-14.04.24:782][  0]LogAIModule: Creating AISystem for world Untitled
[2020.04.06-14.04.24:953][  0]LogInit: XAudio2 using 'Speakers (2- Logitech USB Headset)' : 2 channels at 48 kHz using 16 bits per sample (channel mask 0x3)
[2020.04.06-14.04.24:977][  0]LogInit: FAudioDevice initialized.
[2020.04.06-14.04.24:977][  0]LogNetVersion: Set ProjectVersion to 1.0.0.0. Version Checksum will be recalculated on next use.
[2020.04.06-14.04.25:116][  0]LogDerivedDataCache: Saved boot cache 0.14s 71MB C:/Users/ivana/AppData/Local/UnrealEngine/4.22/DerivedDataCache/Boot.ddc.
[2020.04.06-14.04.25:122][  0]LogInit: Texture streaming: Enabled
[2020.04.06-14.04.25:311][  0]LogEngineSessionManager: EngineSessionManager initialized
[2020.04.06-14.04.25:431][  0]LogInit: Transaction tracking system initialized
[2020.04.06-14.04.25:788][  0]BlueprintLog: New page: Editor Load
[2020.04.06-14.04.27:213][  0]LocalizationService: Localization service is disabled
[2020.04.06-14.04.29:909][  0]LogCook: Display: Max memory allowance for cook 16384mb min free memory 0mb
[2020.04.06-14.04.29:910][  0]LogCook: Display: Mobile HDR setting 1
[2020.04.06-14.04.30:229][  0]LogFileCache: Scanning file cache for directory 'D:/Spring 2020/Level Design/Space-Dungeon/Group5_PB/Content/' took 0.06s
[2020.04.06-14.04.33:409][  0]SourceControl: Source control is disabled
[2020.04.06-14.04.33:457][  0]Cmd: MAP LOAD FILE="../../../../Spring 2020/Level Design/Space-Dungeon/Group5_PB/Content/Levels/MasterLevel.umap" TEMPLATE=0 SHOWPROGRESS=1 FEATURELEVEL=3
[2020.04.06-14.04.33:482][  0]LightingResults: New page: Lighting Build
[2020.04.06-14.04.33:703][  0]MapCheck: New page: Map Check
[2020.04.06-14.04.33:703][  0]LightingResults: New page: Lighting Build
[2020.04.06-14.04.34:082][  0]LogUObjectHash: Compacting FUObjectHashTables data took   1.45ms
[2020.04.06-14.04.40:013][  0]LogBlueprint: Warning: [Compiler Ue4ASP_Character] InputAction Event references unknown Action 'Crouch' for  InputAction Crouch
[2020.04.06-14.04.40:023][  0]LogBlueprint: Warning: [Compiler Ue4ASP_Character] [0104.42] Compile of Ue4ASP_Character successful, but with 1 Warning(s) [in 176 ms] (/Game/AnimStarterPack/Ue4ASP_Character.Ue4ASP_Character)
[2020.04.06-14.04.40:527][  0]LogEnum: Warning: Enum name collision: 'EAIState::NewEnumerator0' is in both '/Game/Blueprints/Ivana_BP/EAIState.EAIState' and '/Game/Blueprints/ConnorBPs/EAIState.EAIState'
[2020.04.06-14.04.40:527][  0]LogEnum: Warning: Enum name collision: 'EAIState::NewEnumerator1' is in both '/Game/Blueprints/Ivana_BP/EAIState.EAIState' and '/Game/Blueprints/ConnorBPs/EAIState.EAIState'
[2020.04.06-14.04.40:527][  0]LogEnum: Warning: Enum name collision: 'EAIState::NewEnumerator2' is in both '/Game/Blueprints/Ivana_BP/EAIState.EAIState' and '/Game/Blueprints/ConnorBPs/EAIState.EAIState'
[2020.04.06-14.04.40:535][  0]LogEnum: Warning: Enum name collision: 'EAIState::NewEnumerator0' is in both '/Game/Blueprints/Ivana_BP/EAIState.EAIState' and '/Game/Blueprints/ConnorBPs/EAIState.EAIState'
[2020.04.06-14.04.40:535][  0]LogEnum: Warning: Enum name collision: 'EAIState::NewEnumerator1' is in both '/Game/Blueprints/Ivana_BP/EAIState.EAIState' and '/Game/Blueprints/ConnorBPs/EAIState.EAIState'
[2020.04.06-14.04.40:535][  0]LogEnum: Warning: Enum name collision: 'EAIState::NewEnumerator2' is in both '/Game/Blueprints/Ivana_BP/EAIState.EAIState' and '/Game/Blueprints/ConnorBPs/EAIState.EAIState'
[2020.04.06-14.04.48:298][  0]LogAIModule: Creating AISystem for world MasterLevel
[2020.04.06-14.04.48:672][  0]LogEditorServer: Finished looking for orphan Actors (0.000 secs)
[2020.04.06-14.04.48:802][  0]LogUObjectHash: Compacting FUObjectHashTables data took   2.42ms
[2020.04.06-14.04.48:802][  0]Cmd: MAP CHECKDEP NOCLEARLOG
[2020.04.06-14.04.48:808][  0]MapCheck: Map check complete: 0 Error(s), 0 Warning(s), took 0.153ms to complete.
[2020.04.06-14.04.48:809][  0]LogFileHelpers: Loading map 'MasterLevel' took 15.376
[2020.04.06-14.04.49:884][  0]LogSlate: Updating window title bar state: overlay mode, drag disabled, window buttons hidden, title bar hidden
[2020.04.06-14.04.49:892][  0]LogSlate: Updating window title bar state: overlay mode, drag disabled, window buttons hidden, title bar hidden
[2020.04.06-14.04.49:898][  0]LogSlate: Updating window title bar state: overlay mode, drag disabled, window buttons hidden, title bar hidden
[2020.04.06-14.04.49:904][  0]LogSlate: Updating window title bar state: overlay mode, drag disabled, window buttons hidden, title bar hidden
[2020.04.06-14.04.49:975][  0]LogCollectionManager: Loaded 0 collections in 0.000733 seconds
[2020.04.06-14.04.50:068][  0]LogFileCache: Scanning file cache for directory 'D:/Spring 2020/Level Design/Space-Dungeon/Group5_PB/Saved/Collections/' took 0.01s
[2020.04.06-14.04.50:068][  0]LogFileCache: Scanning file cache for directory 'D:/Spring 2020/Level Design/Space-Dungeon/Group5_PB/Content/Developers/ivana/Collections/' took 0.00s
[2020.04.06-14.04.50:068][  0]LogFileCache: Scanning file cache for directory 'D:/Spring 2020/Level Design/Space-Dungeon/Group5_PB/Content/Collections/' took 0.00s
[2020.04.06-14.04.50:068][  0]LogCollectionManager: Rebuilt the GUID cache for 0 collections in 0.000000 seconds
[2020.04.06-14.04.50:075][  0]LogContentBrowser: Native class hierarchy populated in 0.0070 seconds. Added 2741 classes and 664 folders.
[2020.04.06-14.04.50:139][  0]LogContentBrowser: Native class hierarchy updated for 'WidgetCarousel' in 0.0002 seconds. Added 0 classes and 0 folders.
[2020.04.06-14.04.50:215][  0]LogPakFile: Registered encryption key '00000000000000000000000000000000': 0 pak files mounted, 0 remain pending
[2020.04.06-14.04.50:260][  0]LogPakFile: Registered encryption key '00000000000000000000000000000000': 0 pak files mounted, 0 remain pending
[2020.04.06-14.04.50:308][  0]LogPakFile: Registered encryption key '00000000000000000000000000000000': 0 pak files mounted, 0 remain pending
[2020.04.06-14.04.50:329][  0]LogPakFile: Registered encryption key '00000000000000000000000000000000': 0 pak files mounted, 0 remain pending
[2020.04.06-14.04.50:376][  0]LogPakFile: Registered encryption key '00000000000000000000000000000000': 0 pak files mounted, 0 remain pending
[2020.04.06-14.04.50:393][  0]LogPakFile: Registered encryption key '00000000000000000000000000000000': 0 pak files mounted, 0 remain pending
[2020.04.06-14.04.50:430][  0]LogPakFile: Registered encryption key '00000000000000000000000000000000': 0 pak files mounted, 0 remain pending
[2020.04.06-14.04.50:446][  0]LogPakFile: Registered encryption key '00000000000000000000000000000000': 0 pak files mounted, 0 remain pending
[2020.04.06-14.04.50:465][  0]LogPakFile: Registered encryption key '00000000000000000000000000000000': 0 pak files mounted, 0 remain pending
[2020.04.06-14.04.50:485][  0]LogPakFile: Registered encryption key '00000000000000000000000000000000': 0 pak files mounted, 0 remain pending
[2020.04.06-14.04.50:518][  0]LogPakFile: Registered encryption key '00000000000000000000000000000000': 0 pak files mounted, 0 remain pending
[2020.04.06-14.04.50:535][  0]LogPakFile: Registered encryption key '00000000000000000000000000000000': 0 pak files mounted, 0 remain pending
[2020.04.06-14.04.50:548][  0]LogPakFile: Registered encryption key '00000000000000000000000000000000': 0 pak files mounted, 0 remain pending
[2020.04.06-14.04.50:561][  0]LogPakFile: Registered encryption key '00000000000000000000000000000000': 0 pak files mounted, 0 remain pending
[2020.04.06-14.04.50:629][  0]LogPakFile: Registered encryption key '00000000000000000000000000000000': 0 pak files mounted, 0 remain pending
[2020.04.06-14.04.50:642][  0]LogPakFile: Registered encryption key '00000000000000000000000000000000': 0 pak files mounted, 0 remain pending
[2020.04.06-14.04.50:680][  0]LogPakFile: Registered encryption key '00000000000000000000000000000000': 0 pak files mounted, 0 remain pending
[2020.04.06-14.04.50:689][  0]LogPakFile: Registered encryption key '00000000000000000000000000000000': 0 pak files mounted, 0 remain pending
[2020.04.06-14.04.50:728][  0]LogPakFile: Registered encryption key '00000000000000000000000000000000': 0 pak files mounted, 0 remain pending
[2020.04.06-14.04.50:741][  0]LogPakFile: Registered encryption key '00000000000000000000000000000000': 0 pak files mounted, 0 remain pending
[2020.04.06-14.04.50:768][  0]LogPakFile: Registered encryption key '00000000000000000000000000000000': 0 pak files mounted, 0 remain pending
[2020.04.06-14.04.50:777][  0]LogPakFile: Registered encryption key '00000000000000000000000000000000': 0 pak files mounted, 0 remain pending
[2020.04.06-14.04.50:809][  0]LogPakFile: Registered encryption key '00000000000000000000000000000000': 0 pak files mounted, 0 remain pending
[2020.04.06-14.04.50:872][  0]LogPakFile: Registered encryption key '00000000000000000000000000000000': 0 pak files mounted, 0 remain pending
[2020.04.06-14.04.50:896][  0]LogPakFile: Registered encryption key '00000000000000000000000000000000': 0 pak files mounted, 0 remain pending
[2020.04.06-14.04.50:915][  0]LogPakFile: Registered encryption key '00000000000000000000000000000000': 0 pak files mounted, 0 remain pending
[2020.04.06-14.04.52:942][  0]LogContentBrowser: Native class hierarchy updated for 'AddContentDialog' in 0.0002 seconds. Added 0 classes and 0 folders.
[2020.04.06-14.04.52:985][  0]LogContentBrowser: Native class hierarchy updated for 'SceneOutliner' in 0.0002 seconds. Added 1 classes and 2 folders.
[2020.04.06-14.04.53:610][  0]LogSlate: Took 0.034839 seconds to synchronously load lazily loaded font '../../../Engine/Content/Slate/Fonts/Roboto-Regular.ttf' (155K)
[2020.04.06-14.04.53:619][  0]LogSlate: Took 0.007670 seconds to synchronously load lazily loaded font '../../../Engine/Content/Slate/Fonts/Roboto-Bold.ttf' (160K)
[2020.04.06-14.04.53:652][  0]LogSlate: Took 0.014915 seconds to synchronously load lazily loaded font '../../../Engine/Content/Editor/Slate/Fonts/FontAwesome.ttf' (139K)
[2020.04.06-14.04.53:934][  0]LogRenderer: Reallocating scene render targets to support 1016x400 Format 10 NumSamples 1 (Frame:1).
[2020.04.06-14.04.54:405][  0]LogContentBrowser: Native class hierarchy updated for 'HierarchicalLODOutliner' in 0.0002 seconds. Added 0 classes and 0 folders.
[2020.04.06-14.04.54:405][  0]LogLoad: (Engine Initialization) Total time: 118.80 seconds
[2020.04.06-14.04.54:405][  0]LogLoad: (Engine Initialization) Total Blueprint compile time: 0.00 seconds
[2020.04.06-14.04.54:570][  0]LogAssetRegistry: Asset discovery search completed in 57.1525 seconds
[2020.04.06-14.04.54:583][  0]LogCollectionManager: Rebuilt the object cache for 0 collections in 0.000000 seconds (found 0 objects)
[2020.04.06-14.04.54:583][  0]LogCollectionManager: Fixed up redirectors for 0 collections in 0.000058 seconds (updated 0 objects)
[2020.04.06-14.04.54:685][  0]LogContentStreaming: Texture pool size now 1000 MB
[2020.04.06-14.04.54:798][  0]LogSlate: Took 0.019298 seconds to synchronously load lazily loaded font '../../../Engine/Content/Slate/Fonts/Roboto-Light.ttf' (167K)
[2020.04.06-14.04.54:944][  1]LogFileCache: Retrieving MD5 hashes for directory 'D:/Spring 2020/Level Design/Space-Dungeon/Group5_PB/Content/' took 0.44s
[2020.04.06-15.06.54:407][ 99]LogAudio: Warning: Current Audio Device with ID {0.0.0.00000000}.{7655b2ae-fa27-4e51-b3b2-03d348c378c5} was removed. Shutting down audio device.
[2020.04.06-15.06.54:407][ 99]LogInit: XAudio2 using 'Speakers (Realtek(R) Audio)' : 2 channels at 48 kHz using 32 bits per sample (channel mask 0x3)
[2020.04.06-15.06.55:023][100]LogInit: XAudio2 using 'Speakers (Realtek(R) Audio)' : 2 channels at 48 kHz using 32 bits per sample (channel mask 0x3)
[2020.04.06-15.07.11:698][149]LogInit: XAudio2 using 'Speakers (2- Logitech USB Headset)' : 2 channels at 48 kHz using 16 bits per sample (channel mask 0x3)
[2020.04.06-15.07.14:829][158]LogAudio: Warning: Current Audio Device with ID {0.0.0.00000000}.{7655b2ae-fa27-4e51-b3b2-03d348c378c5} was removed. Shutting down audio device.
[2020.04.06-15.07.14:830][158]LogInit: XAudio2 using 'Speakers (Realtek(R) Audio)' : 2 channels at 48 kHz using 32 bits per sample (channel mask 0x3)
[2020.04.06-15.07.19:094][170]LogInit: XAudio2 using 'Speakers (3- Logitech USB Headset)' : 2 channels at 48 kHz using 16 bits per sample (channel mask 0x3)
[2020.04.06-15.07.19:654][171]LogInit: XAudio2 using 'Speakers (3- Logitech USB Headset)' : 2 channels at 48 kHz using 16 bits per sample (channel mask 0x3)
