"../../../../../../Users/willi/git/Space-Dungeon/Group5_PB/Content/StarterContent/Audio/Explosion01.uasset" 0
"../../../../../../Users/willi/git/Space-Dungeon/Group5_PB/Content/StarterContent/Textures/T_Burst_M.uasset" 1
"../../../../../../Users/willi/git/Space-Dungeon/Group5_PB/Content/StarterContent/Particles/Materials/M_Burst.uasset" 2
"../../../../../../Users/willi/git/Space-Dungeon/Group5_PB/Content/StarterContent/Textures/T_Explosion_SubUV.uasset" 3
"../../../../../../Users/willi/git/Space-Dungeon/Group5_PB/Content/StarterContent/Particles/Materials/M_explosion_subUV.uasset" 4
"../../../../../../Users/willi/git/Space-Dungeon/Group5_PB/Content/StarterContent/Particles/Materials/m_flare_01.uasset" 5
"../../../Engine/Content/Functions/Engine_MaterialFunctions01/Gradient/RadialGradient.uasset" 6
"../../../../../../Users/willi/git/Space-Dungeon/Group5_PB/Content/StarterContent/Particles/Materials/M_radial_ramp.uasset" 7
"../../../../../../Users/willi/git/Space-Dungeon/Group5_PB/Content/StarterContent/Textures/T_Smoke_SubUV.uasset" 8
"../../../../../../Users/willi/git/Space-Dungeon/Group5_PB/Content/StarterContent/Textures/T_Smoke_Tiled_D.uasset" 9
"../../../../../../Users/willi/git/Space-Dungeon/Group5_PB/Content/StarterContent/Particles/Materials/M_smoke_subUV.uasset" 10
"../../../../../../Users/willi/git/Space-Dungeon/Group5_PB/Content/StarterContent/Particles/P_Explosion.uasset" 11
"../../../../../../Users/willi/git/Space-Dungeon/Group5_PB/Content/Blueprints/Colin_BPs/Explosion.uasset" 12
"../../../../../../Users/willi/git/Space-Dungeon/Group5_PB/Content/Blueprints/Will_BPs/M_Green.uasset" 13
"../../../Engine/Content/Functions/Engine_MaterialFunctions01/Opacity/CameraDepthFade.uasset" 14
"../../../Engine/Content/EngineMaterials/T_Default_Material_Grid_M.uasset" 15
"../../../Engine/Content/EngineMaterials/T_Default_Material_Grid_N.uasset" 16
"../../../Engine/Content/EngineMaterials/DefaultMaterial.uasset" 17
"../../../Engine/Content/BasicShapes/Sphere.uasset" 18
"../../../../../../Users/willi/git/Space-Dungeon/Group5_PB/Content/Blueprints/Colin_BPs/Grenade.uasset" 19
"../../../Engine/Content/BasicShapes/BasicShapeMaterial.uasset" 20
"../../../../../../Users/willi/git/Space-Dungeon/Group5_PB/Content/Blueprints/ConnorBPs/Projectiles/BP_Bullet.uasset" 21
"../../../../../../Users/willi/git/Space-Dungeon/Group5_PB/Content/Assets/Materials/green.uasset" 22
"../../../Engine/Content/EngineMaterials/WorldGridMaterial.uasset" 23
"../../../Engine/Content/BasicShapes/Cube.uasset" 24
"../../../../../../Users/willi/git/Space-Dungeon/Group5_PB/Content/Blueprints/Neal_BPs/BP_GrenadePickup.uasset" 25
"../../../../../../Users/willi/git/Space-Dungeon/Group5_PB/Content/Assets/Materials/Orange.uasset" 26
"../../../../../../Users/willi/git/Space-Dungeon/Group5_PB/Content/Assets/Materials/yellow.uasset" 27
"../../../../../../Users/willi/git/Space-Dungeon/Group5_PB/Content/Blueprints/ConnorBPs/Player/SM_Player.uasset" 28
"../../../../../../Users/willi/git/Space-Dungeon/Group5_PB/Content/Blueprints/Will_BPs/HUD.uasset" 29
"../../../../../../Users/willi/git/Space-Dungeon/Group5_PB/Content/StarterContent/Audio/FirstPersonTemplateWeaponFire02.uasset" 30
"../../../../../../Users/willi/git/Space-Dungeon/Group5_PB/Content/Blueprints/ConnorBPs/Player/BP_Player.uasset" 31
"../../../../../../Users/willi/git/Space-Dungeon/Group5_PB/Content/Blueprints/ConnorBPs/NewGameMode.uasset" 32
"../../../Engine/Content/Animation/DefaultAnimCurveCompressionSettings.uasset" 33
"../../../Engine/Content/ArtTools/RenderToTexture/Meshes/S_1_Unit_Plane.uasset" 34
"../../../Engine/Content/BasicShapes/Cylinder.uasset" 35
"../../../Engine/Content/BasicShapes/Plane.uasset" 36
"../../../Engine/Content/EditorLandscapeResources/DataLayer.uasset" 37
"../../../Engine/Content/EditorMaterials/GizmoMaterial.uasset" 38
"../../../Engine/Content/EditorMaterials/MAT_Groups_Toggle.uasset" 39
"../../../Engine/Content/EditorMaterials/MAT_Groups_Visibility.uasset" 40
"../../../Engine/Content/EditorMaterials/PreviewShadowIndicator.uasset" 41
"../../../Engine/Content/EditorMaterials/PreviewShadowIndicatorMaterial.uasset" 42
"../../../Engine/Content/EditorMaterials/MatineeGroups/MAT_ColorTrack.uasset" 43
"../../../Engine/Content/EditorMaterials/MatineeGroups/MAT_Groups_Anim.uasset" 44
"../../../Engine/Content/EditorMaterials/MatineeGroups/MAT_Groups_AudioMaster.uasset" 45
"../../../Engine/Content/EditorMaterials/MatineeGroups/MAT_Groups_Director.uasset" 46
"../../../Engine/Content/EditorMaterials/MatineeGroups/MAT_Groups_Event.uasset" 47
"../../../Engine/Content/EditorMaterials/MatineeGroups/MAT_Groups_Fade.uasset" 48
"../../../Engine/Content/EditorMaterials/MatineeGroups/MAT_Groups_Float.uasset" 49
"../../../Engine/Content/EditorMaterials/MatineeGroups/MAT_Groups_Move.uasset" 50
"../../../Engine/Content/EditorMaterials/MatineeGroups/MAT_Groups_Slomo.uasset" 51
"../../../Engine/Content/EditorMaterials/MatineeGroups/MAT_Groups_Sound.uasset" 52
"../../../Engine/Content/EditorMaterials/MatineeGroups/MAT_Groups_Vector.uasset" 53
"../../../Engine/Content/EditorMaterials/ParticleSystems/PSysThumbnail_NoImage.uasset" 54
"../../../Engine/Content/EditorMaterials/ParticleSystems/PSysThumbnail_OOD.uasset" 55
"../../../Engine/Content/EditorMaterials/Camera/CineMat.uasset" 56
"../../../Engine/Content/EditorMaterials/Camera/MI_CineMat_Rig.uasset" 57
"../../../Engine/Content/EditorMeshes/Camera/SM_CraneRig_Arm.uasset" 58
"../../../Engine/Content/EditorMeshes/Camera/SM_CraneRig_Base.uasset" 59
"../../../Engine/Content/EditorMeshes/Camera/SM_CraneRig_Body.uasset" 60
"../../../Engine/Content/EditorMeshes/Camera/SM_CraneRig_Mount.uasset" 61
"../../../Engine/Content/EditorMeshes/Camera/SM_RailRig_Mount.uasset" 62
"../../../Engine/Content/EditorMeshes/Camera/SM_RailRig_Track.uasset" 63
"../../../Engine/Content/EditorResources/BSPVertex.uasset" 64
"../../../Engine/Content/EditorResources/S_Actor.uasset" 65
"../../../Engine/Content/EditorResources/S_Note.uasset" 66
"../../../Engine/Content/EditorResources/S_Trigger.uasset" 67
"../../../Engine/Content/EditorResources/SequenceRecorder/Countdown.uasset" 68
"../../../Engine/Content/EditorResources/SequenceRecorder/RecordingIndicator.uasset" 69
"../../../Engine/Content/EditorSounds/Notifications/CompileFailed.uasset" 70
"../../../Engine/Content/EditorSounds/Notifications/CompileFailed_Cue.uasset" 71
"../../../Engine/Content/EditorSounds/Notifications/CompileSuccess.uasset" 72
"../../../Engine/Content/EditorSounds/Notifications/CompileStart_Cue.uasset" 73
"../../../Engine/Content/EditorSounds/Notifications/CompileSuccess_Cue.uasset" 74
"../../../Engine/Content/EngineDamageTypes/DmgTypeBP_Environmental.uasset" 75
"../../../Engine/Content/EngineDebugMaterials/HeatmapGradient.uasset" 76
"../../../Engine/Content/EngineDebugMaterials/BoneWeightMaterial.uasset" 77
"../../../Engine/Content/EngineDebugMaterials/ClothMaterial.uasset" 78
"../../../Engine/Content/EngineDebugMaterials/ClothMaterial_WF.uasset" 79
"../../../Engine/Content/EngineDebugMaterials/DebugEditorMaterial.uasset" 80
"../../../Engine/Content/EngineDebugMaterials/DebugMeshMaterial.uasset" 81
"../../../Engine/Content/EngineDebugMaterials/GeomMaterial.uasset" 82
"../../../Engine/Content/EngineDebugMaterials/M_SimpleTranslucent.uasset" 83
"../../../Engine/Content/EngineFonts/Faces/RobotoBold.uasset" 84
"../../../Engine/Content/EngineFonts/Faces/RobotoBoldItalic.uasset" 85
"../../../Engine/Content/EngineFonts/Faces/RobotoItalic.uasset" 86
"../../../Engine/Content/EngineFonts/Faces/RobotoLight.uasset" 87
"../../../Engine/Content/EngineFonts/Faces/RobotoRegular.uasset" 88
"../../../Engine/Content/EngineFonts/Roboto.uasset" 89
"../../../Engine/Content/EngineFonts/Faces/RobotoTiny.uasset" 90
"../../../Engine/Content/EngineFonts/RobotoTiny.uasset" 91
"../../../Engine/Content/EngineMaterials/BaseFlattenDiffuseMap.uasset" 92
"../../../Engine/Content/EngineMaterials/BaseFlattenEmissiveMap.uasset" 93
"../../../Engine/Content/EngineMaterials/BaseFlattenGrayscaleMap.uasset" 94
"../../../Engine/Content/EngineMaterials/BaseFlattenNormalMap.uasset" 95
"../../../Engine/Content/EngineMaterials/BaseFlattenMaterial.uasset" 96
"../../../Engine/Content/EngineMaterials/DefaultBloomKernel.uasset" 97
"../../../Engine/Content/EngineMaterials/DefaultBokeh.uasset" 98
"../../../Engine/Content/EngineMaterials/DefaultDiffuse.uasset" 99
"../../../Engine/Content/EngineMaterials/DefaultDeferredDecalMaterial.uasset" 100
"../../../Engine/Content/EngineMaterials/DefaultLightFunctionMaterial.uasset" 101
"../../../Engine/Content/EngineMaterials/DefaultPhysicalMaterial.uasset" 102
"../../../Engine/Content/Functions/Engine_MaterialFunctions02/Utility/BreakOutFloat2Components.uasset" 103
"../../../Engine/Content/EngineMaterials/DefaultPostProcessMaterial.uasset" 104
"../../../Engine/Content/EngineFonts/RobotoDistanceField.uasset" 105
"../../../Engine/Content/EngineMaterials/DefaultTextMaterialOpaque.uasset" 106
"../../../Engine/Content/EngineMaterials/DefaultWhiteGrid.uasset" 107
"../../../Engine/Content/EngineMaterials/EditorBrushMaterial.uasset" 108
"../../../Engine/Content/EngineMaterials/Good64x64TilingNoiseHighFreq.uasset" 109
"../../../Engine/Content/EngineMaterials/MiniFont.uasset" 110
"../../../Engine/Content/EngineMaterials/InvalidLightmapSettings.uasset" 111
"../../../Engine/Content/EngineMaterials/M_InvalidLightmapSettings.uasset" 112
"../../../Engine/Content/Functions/Engine_MaterialFunctions02/WorldPositionOffset/CameraOffset.uasset" 113
"../../../Engine/Content/EngineMaterials/PhAT_JointLimitMaterial.uasset" 114
"../../../Engine/Content/EngineMaterials/PreintegratedSkinBRDF.uasset" 115
"../../../Engine/Content/EngineMaterials/RemoveSurfaceMaterial.uasset" 116
"../../../Engine/Content/EngineMaterials/WeightMapPlaceholderTexture.uasset" 117
"../../../Engine/Content/EngineResources/WhiteSquareTexture.uasset" 118
"../../../Engine/Content/EngineMaterials/Widget3DPassThrough.uasset" 119
"../../../Engine/Content/EngineMaterials/Widget3DPassThrough_Masked.uasset" 120
"../../../Engine/Content/EngineMaterials/Widget3DPassThrough_Opaque.uasset" 121
"../../../Engine/Content/EngineMaterials/Widget3DPassThrough_Masked_OneSided.uasset" 122
"../../../Engine/Content/EngineMaterials/Widget3DPassThrough_Opaque_OneSided.uasset" 123
"../../../Engine/Content/EngineMaterials/Widget3DPassThrough_Translucent.uasset" 124
"../../../Engine/Content/EngineMaterials/Widget3DPassThrough_Translucent_OneSided.uasset" 125
"../../../Engine/Content/EngineMeshes/Cylinder.uasset" 126
"../../../Engine/Content/EngineMeshes/Sphere.uasset" 127
"../../../Engine/Content/EngineResources/Black.uasset" 128
"../../../Engine/Content/EngineResources/DefaultTexture.uasset" 129
"../../../Engine/Content/EngineResources/DefaultTextureCube.uasset" 130
"../../../Engine/Content/EngineResources/DefaultVolumeTexture2D.uasset" 131
"../../../Engine/Content/EngineResources/DefaultVolumeTexture.uasset" 132
"../../../Engine/Content/EngineResources/GradientTexture0.uasset" 133
"../../../Engine/Content/EngineSounds/Master.uasset" 134
"../../../Engine/Content/Functions/Engine_MaterialFunctions01/Shading/ConvertFromDiffSpec.uasset" 135
"../../../Engine/Content/Functions/Engine_MaterialFunctions01/Shading/PowerToRoughness.uasset" 136
"../../../Engine/Content/Maps/Templates/Thumbnails/Default.uasset" 137
"../../../Engine/Content/Maps/Templates/Thumbnails/VR-Basic.uasset" 138
"../../../Engine/Content/MobileResources/T_MobileControls_texture.uasset" 139
"../../../Engine/Content/MobileResources/T_MobileMenu2.uasset" 140
"../../../Engine/Content/MobileResources/HUD/AnalogHat.uasset" 141
"../../../Engine/Content/MobileResources/HUD/VirtualJoystick_Background.uasset" 142
"../../../Engine/Content/MobileResources/HUD/VirtualJoystick_Thumb.uasset" 143
"../../../Engine/Content/MobileResources/HUD/DefaultVirtualJoysticks.uasset" 144
"../../../Engine/Content/MobileResources/HUD/LeftVirtualJoystickOnly.uasset" 145
"../../../Engine/Content/MobileResources/HUD/MobileHUDButton1_off.uasset" 146
"../../../Engine/Content/MobileResources/HUD/MobileHUDButton1_on.uasset" 147
"../../../Engine/Content/MobileResources/HUD/MobileHUDButton2_off.uasset" 148
"../../../Engine/Content/MobileResources/HUD/MobileHUDButton2_on.uasset" 149
"../../../Engine/Content/MobileResources/HUD/MobileHUDButton3.uasset" 150
"../../../Engine/Content/MobileResources/HUD/MobileHUDButtonFire.uasset" 151
"../../../Engine/Content/MobileResources/HUD/MobileHUDDirectionPad.uasset" 152
"../../../Engine/Content/MobileResources/HUD/MobileHUDDirectionPad2.uasset" 153
"../../../Engine/Content/MobileResources/HUD/MobileHUDDirectionPad3.uasset" 154
"../../../Engine/Content/MobileResources/HUD/MobileHUDDirectionStick.uasset" 155
"../../../Engine/Content/MobileResources/HUD/T_Castle_ThumbstickInner.uasset" 156
"../../../Engine/Content/MobileResources/HUD/T_Castle_ThumbstickOutter.uasset" 157
"../../../Engine/Content/Tutorial/ContentIntroCurve.uasset" 158
"../../../Engine/Content/Tutorial/Basics/LevelEditorAttract.uasset" 159
"../../../Engine/Content/VREditor/LaserPointer/VR_LaserPower_01.uasset" 160
"../../../Engine/Content/VREditor/TransformGizmo/TransformGizmoMaterial.uasset" 161
"../../../Engine/Content/VREditor/TransformGizmo/TranslucentTransformGizmoMaterial.uasset" 162
"../../../Engine/Content/VREditor/TransformGizmo/BoundingBoxCorner.uasset" 163
"../../../Engine/Content/VREditor/TransformGizmo/BoundingBoxEdge.uasset" 164
"../../../Engine/Content/VREditor/TransformGizmo/PlaneTranslationHandle.uasset" 165
"../../../Engine/Content/VREditor/TransformGizmo/Main.uasset" 166
"../../../Engine/Content/VREditor/TransformGizmo/Xray.uasset" 167
"../../../Engine/Content/VREditor/TransformGizmo/SM_Sequencer_Key.uasset" 168
"../../../Engine/Content/VREditor/TransformGizmo/SM_Sequencer_Node.uasset" 169
"../../Plugins/2D/Paper2D/Content/PlaceholderTextures/DummySpriteTexture.uasset" 170
"../../Plugins/2D/Paper2D/Content/DummySprite.uasset" 171
"../../Plugins/2D/Paper2D/Content/DefaultPaperTerrainMaterial.uasset" 172
"../../Plugins/2D/Paper2D/Content/DummySpriteTexture.uasset" 173
"../../Plugins/2D/Paper2D/Content/DefaultSpriteMaterial.uasset" 174
"../../Plugins/2D/Paper2D/Content/MaskedUnlitSpriteMaterial.uasset" 175
"../../Plugins/2D/Paper2D/Content/OpaqueUnlitSpriteMaterial.uasset" 176
"../../Plugins/Runtime/Oculus/OculusVR/Content/OculusMR_RenderTarget.uasset" 177
"../../../Engine/Content/Functions/Engine_MaterialFunctions02/Utility/BreakOutFloat4Components.uasset" 178
"../../../Engine/Content/Functions/Engine_MaterialFunctions02/Utility/MakeFloat2.uasset" 179
"../../../Engine/Content/Functions/Engine_MaterialFunctions02/Utility/MakeFloat3.uasset" 180
"../../Plugins/Runtime/Oculus/OculusVR/Content/Materials/OculusMR_ChromaKey.uasset" 181
"../../Plugins/Runtime/Oculus/OculusVR/Content/Materials/OculusMR_ChromaKey_Lit.uasset" 182
"../../Plugins/Runtime/Oculus/OculusVR/Content/Materials/OculusMR_OpaqueColoredMaterial.uasset" 183
"../../Plugins/Runtime/Oculus/OculusVR/Content/Materials/OculusMR_WhiteMaterial.uasset" 184
"../../Plugins/Runtime/Oculus/OculusVR/Content/Materials/PokeAHoleMaterial.uasset" 185
"../../Plugins/Runtime/Oculus/OculusVR/Content/Textures/GearVRController_AO.uasset" 186
"../../Plugins/Runtime/Oculus/OculusVR/Content/Textures/GearVRController_Color.uasset" 187
"../../Plugins/Runtime/Oculus/OculusVR/Content/Textures/GearVRController_Normal.uasset" 188
"../../Plugins/Runtime/Oculus/OculusVR/Content/Materials/GearVRControllerMaterial.uasset" 189
"../../Plugins/Runtime/Oculus/OculusVR/Content/Meshes/GearVrController.uasset" 190
"../../Plugins/Runtime/Oculus/OculusVR/Content/Textures/touchController_albedo.uasset" 191
"../../Plugins/Runtime/Oculus/OculusVR/Content/Textures/touchController_controlmap.uasset" 192
"../../Plugins/Runtime/Oculus/OculusVR/Content/Materials/touchController_mat.uasset" 193
"../../Plugins/Runtime/Oculus/OculusVR/Content/Meshes/LeftTouchController.uasset" 194
"../../Plugins/Runtime/Oculus/OculusVR/Content/Meshes/RiftHMD.uasset" 195
"../../Plugins/Runtime/Oculus/OculusVR/Content/Meshes/RightTouchController.uasset" 196
"../../../../../../Users/willi/git/Space-Dungeon/Group5_PB/Content/StarterContent/Textures/T_MacroVariation.uasset" 197
"../../../../../../Users/willi/git/Space-Dungeon/Group5_PB/Content/StarterContent/Textures/T_Metal_Steel_D.uasset" 198
"../../../../../../Users/willi/git/Space-Dungeon/Group5_PB/Content/StarterContent/Textures/T_Tech_Panel_M.uasset" 199
"../../../../../../Users/willi/git/Space-Dungeon/Group5_PB/Content/StarterContent/Textures/T_Tech_Panel_N.uasset" 200
"../../../../../../Users/willi/git/Space-Dungeon/Group5_PB/Content/StarterContent/Materials/M_Tech_Panel.uasset" 201
"../../../../../../Users/willi/git/Space-Dungeon/Group5_PB/Content/Blueprints/Will_BPs/BP_SlidingDoor.uasset" 202
"../../../../../../Users/willi/git/Space-Dungeon/Group5_PB/Content/Blueprints/Will_BPs/BP_StartTargetLevel.uasset" 203
"../../../../../../Users/willi/git/Space-Dungeon/Group5_PB/Content/Blueprints/Will_BPs/GrenadeCube.uasset" 204
"../../../../../../Users/willi/git/Space-Dungeon/Group5_PB/Content/Blueprints/Will_BPs/GrenadeCube_DM.uasset" 205
"../../../Engine/Content/Functions/Engine_MaterialFunctions02/Utility/BlendAngleCorrectedNormals.uasset" 206
"../../../../../../Users/willi/git/Space-Dungeon/Group5_PB/Content/StarterContent/Textures/T_Tech_Hex_Tile_M.uasset" 207
"../../../../../../Users/willi/git/Space-Dungeon/Group5_PB/Content/StarterContent/Textures/T_Tech_Hex_Tile_N.uasset" 208
"../../../../../../Users/willi/git/Space-Dungeon/Group5_PB/Content/StarterContent/Materials/M_Tech_Hex_Tile.uasset" 209
"../../../../../../Users/willi/git/Space-Dungeon/Group5_PB/Content/Blueprints/Will_BPs/Physics_GrenadeOveride.uasset" 210
"../../../../../../Users/willi/git/Space-Dungeon/Group5_PB/Content/StarterContent/Particles/P_Smoke.uasset" 211
"../../../../../../Users/willi/git/Space-Dungeon/Group5_PB/Content/Blueprints/Will_BPs/BP_GrenadeBox.uasset" 212
"../../../../../../Users/willi/git/Space-Dungeon/Group5_PB/Content/Blueprints/Will_BPs/BP_StaticToGrenadeCube.uasset" 213
"../../../../../../Users/willi/git/Space-Dungeon/Group5_PB/Content/StarterContent/Materials/M_Metal_Chrome.uasset" 214
"../../../../../../Users/willi/git/Space-Dungeon/Group5_PB/Content/StarterContent/Materials/M_Tech_Hex_Tile_Pulse.uasset" 215
"../../../Engine/Content/BasicShapes/Cone.uasset" 216
"../../../../../../Users/willi/git/Space-Dungeon/Group5_PB/Content/StarterContent/Props/MaterialSphere.uasset" 217
"../../../../../../Users/willi/git/Space-Dungeon/Group5_PB/Content/Blueprints/Will_BPs/BP_Switch.uasset" 218
"../../../../../../Users/willi/git/Space-Dungeon/Group5_PB/Content/Levels/Dungeon5_KI_BuiltData.uasset" 219
"../../../../../../Users/willi/git/Space-Dungeon/Group5_PB/Content/Levels/Dungeon5_KI.umap" 220
"../../../Engine/Content/Maps/Entry_BuiltData.uasset" 221
"../../../Engine/Content/Maps/Entry.umap" 222
